;  LST file generated by mikroListExporter - v.2.0 
; Date/Time: 19/09/2019 08:09:28 p. m.
;----------------------------------------------

;Address Opcode 	ASM
0x0000	0x2803      	GOTO       3
_main:
;Act1y2.c,1 :: 		void main() {
;Act1y2.c,3 :: 		int presionar = 0;
0x0003	0x1283      	BCF        STATUS, 5
0x0004	0x1303      	BCF        STATUS, 6
0x0005	0x01A2      	CLRF       main_presionar_L0
0x0006	0x01A3      	CLRF       main_presionar_L0+1
;Act1y2.c,5 :: 		TRISC=0x00;
0x0007	0x1683      	BSF        STATUS, 5
0x0008	0x0187      	CLRF       TRISC
;Act1y2.c,8 :: 		TRISD |= 0x20;
0x0009	0x1688      	BSF        TRISD, 5
;Act1y2.c,10 :: 		OPTION_REG = OPTION_REG & 0x7F;
0x000A	0x307F      	MOVLW      127
0x000B	0x0581      	ANDWF      OPTION_REG, 1
;Act1y2.c,12 :: 		ANSEL = 0x00;
0x000C	0x1703      	BSF        STATUS, 6
0x000D	0x0188      	CLRF       ANSEL
;Act1y2.c,13 :: 		ANSELH = 0x00;
0x000E	0x0189      	CLRF       ANSELH
;Act1y2.c,16 :: 		PORTB = 0xFF;
0x000F	0x30FF      	MOVLW      255
0x0010	0x1283      	BCF        STATUS, 5
0x0011	0x1303      	BCF        STATUS, 6
0x0012	0x0086      	MOVWF      PORTB
;Act1y2.c,18 :: 		while(1){
L_main0:
;Act1y2.c,20 :: 		if(!PORTD.RC7){
0x0013	0x1B88      	BTFSC      PORTD, 7
0x0014	0x282D      	GOTO       L_main2
;Act1y2.c,21 :: 		delay_ms(130);
0x0015	0x3002      	MOVLW      2
0x0016	0x00FB      	MOVWF      R11
0x0017	0x3052      	MOVLW      82
0x0018	0x00FC      	MOVWF      R12
0x0019	0x30A6      	MOVLW      166
0x001A	0x00FD      	MOVWF      R13
L_main3:
0x001B	0x0BFD      	DECFSZ     R13, 1
0x001C	0x281B      	GOTO       L_main3
0x001D	0x0BFC      	DECFSZ     R12, 1
0x001E	0x281B      	GOTO       L_main3
0x001F	0x0BFB      	DECFSZ     R11, 1
0x0020	0x281B      	GOTO       L_main3
0x0021	0x0000      	NOP
;Act1y2.c,22 :: 		if(!PORTD.RC7){
0x0022	0x1B88      	BTFSC      PORTD, 7
0x0023	0x282D      	GOTO       L_main4
;Act1y2.c,24 :: 		presionar = !presionar; //? 0 : 1;
0x0024	0x0822      	MOVF       main_presionar_L0, 0
0x0025	0x0423      	IORWF      main_presionar_L0+1, 0
0x0026	0x3001      	MOVLW      1
0x0027	0x1D03      	BTFSS      STATUS, 2
0x0028	0x3000      	MOVLW      0
0x0029	0x00A2      	MOVWF      main_presionar_L0
0x002A	0x00A3      	MOVWF      main_presionar_L0+1
0x002B	0x3000      	MOVLW      0
0x002C	0x00A3      	MOVWF      main_presionar_L0+1
;Act1y2.c,25 :: 		}
L_main4:
;Act1y2.c,26 :: 		}
L_main2:
;Act1y2.c,27 :: 		if(presionar){
0x002D	0x0822      	MOVF       main_presionar_L0, 0
0x002E	0x0423      	IORWF      main_presionar_L0+1, 0
0x002F	0x1903      	BTFSC      STATUS, 2
0x0030	0x2834      	GOTO       L_main5
;Act1y2.c,28 :: 		PORTC=PORTB;
0x0031	0x0806      	MOVF       PORTB, 0
0x0032	0x0087      	MOVWF      PORTC
;Act1y2.c,29 :: 		}else{
0x0033	0x2836      	GOTO       L_main6
L_main5:
;Act1y2.c,30 :: 		PORTC=0x055;
0x0034	0x3055      	MOVLW      85
0x0035	0x0087      	MOVWF      PORTC
;Act1y2.c,31 :: 		}
L_main6:
;Act1y2.c,33 :: 		}
0x0036	0x2813      	GOTO       L_main0
;Act1y2.c,34 :: 		}
L_end_main:
0x0037	0x2837      	GOTO       $+0
; end of _main
Symbol List:
//** Routines locations **
//ADDRESS    SIZE    PROCEDURE
//----------------------------------------------
0x0003      [53]    _main
//** Variables locations ** 
//ADDRESS    SIZE    VARIABLE
//----------------------------------------------
0x0000       [1]    INDF
0x0003       [1]    STATUS
0x0004       [1]    FSR
0x0006       [1]    PORTB
0x0007       [1]    PORTC
0x0008       [1]    PORTD
0x000A       [1]    PCLATH
0x0020       [2]    ___DoICPAddr
0x0022       [2]    main_presionar_L0
0x0070       [1]    R0
0x0071       [1]    R1
0x0072       [1]    R2
0x0073       [1]    R3
0x0074       [1]    R4
0x0075       [1]    R5
0x0076       [1]    R6
0x0077       [1]    R7
0x0078       [1]    R8
0x0079       [1]    R9
0x007A       [1]    R10
0x007B       [1]    R11
0x007C       [1]    R12
0x007D       [1]    R13
0x007E       [1]    R14
0x007F       [1]    R15
0x0081       [1]    OPTION_REG
0x0087       [1]    TRISC
0x0088       [1]    TRISD
0x0188       [1]    ANSEL
0x0189       [1]    ANSELH
