;  LST file generated by mikroListExporter - v.2.0 
; Date/Time: 12/12/2019 04:40:43 p. m.
;----------------------------------------------

;Address Opcode 	ASM
0x0000	0x2AB0      	GOTO       688
_RES032:
;__Lib_MathDouble.c,123 :: 		
;__Lib_MathDouble.c,128 :: 		
0x0003	0x01F2      	CLRF       R2
;__Lib_MathDouble.c,129 :: 		
0x0004	0x01F1      	CLRF       R1
;__Lib_MathDouble.c,130 :: 		
0x0005	0x01F0      	CLRF       R0
;__Lib_MathDouble.c,131 :: 		
0x0006	0x01F8      	CLRF       R8
;__Lib_MathDouble.c,132 :: 		
0x0007	0x01F3      	CLRF       R3
;__Lib_MathDouble.c,133 :: 		
0x0008	0x3000      	MOVLW      0
;__Lib_MathDouble.c,135 :: 		
L_end_RES032:
0x0009	0x0008      	RETURN
; end of _RES032
_SETFOV32:
;__Lib_MathDouble.c,79 :: 		
;__Lib_MathDouble.c,86 :: 		
0x000A	0x14FB      	BSF        R11, 1
;__Lib_MathDouble.c,87 :: 		
0x000B	0x1FFB      	BTFSS      R11, 7
;__Lib_MathDouble.c,88 :: 		
0x000C	0x2814      	GOTO       SETFOV32EEE
;__Lib_MathDouble.c,89 :: 		
0x000D	0x30FF      	MOVLW      255
;__Lib_MathDouble.c,90 :: 		
0x000E	0x00F3      	MOVWF      R3
;__Lib_MathDouble.c,91 :: 		
0x000F	0x00F2      	MOVWF      R2
;__Lib_MathDouble.c,92 :: 		
0x0010	0x00F1      	MOVWF      R1
;__Lib_MathDouble.c,93 :: 		
0x0011	0x00F0      	MOVWF      R0
;__Lib_MathDouble.c,94 :: 		
0x0012	0x0DFA      	RLF        R10, 1
;__Lib_MathDouble.c,95 :: 		
0x0013	0x0CF2      	RRF        R2, 1
;__Lib_MathDouble.c,96 :: 		
SETFOV32EEE:
;__Lib_MathDouble.c,97 :: 		
0x0014	0x30FF      	MOVLW      255
;__Lib_MathDouble.c,99 :: 		
L_end_SETFOV32:
0x0015	0x0008      	RETURN
; end of _SETFOV32
_FIXSIGN32:
;__Lib_MathDouble.c,112 :: 		
;__Lib_MathDouble.c,116 :: 		
0x0016	0x1FFA      	BTFSS      R10, 7
;__Lib_MathDouble.c,117 :: 		
0x0017	0x13F2      	BCF        R2, 7
;__Lib_MathDouble.c,118 :: 		
0x0018	0x3000      	MOVLW      0
;__Lib_MathDouble.c,120 :: 		
L_end_FIXSIGN32:
0x0019	0x0008      	RETURN
; end of _FIXSIGN32
_SETFUN32:
;__Lib_MathDouble.c,138 :: 		
;__Lib_MathDouble.c,145 :: 		
0x001A	0x157B      	BSF        R11, 2
;__Lib_MathDouble.c,146 :: 		
0x001B	0x1FFB      	BTFSS      R11, 7
;__Lib_MathDouble.c,147 :: 		
0x001C	0x2824      	GOTO       SETFUN32EEE
;__Lib_MathDouble.c,148 :: 		
0x001D	0x3001      	MOVLW      1
;__Lib_MathDouble.c,149 :: 		
0x001E	0x00F3      	MOVWF      R3
;__Lib_MathDouble.c,150 :: 		
0x001F	0x01F2      	CLRF       R2
;__Lib_MathDouble.c,151 :: 		
0x0020	0x01F1      	CLRF       R1
;__Lib_MathDouble.c,152 :: 		
0x0021	0x01F0      	CLRF       R0
;__Lib_MathDouble.c,153 :: 		
0x0022	0x0DFA      	RLF        R10, 1
;__Lib_MathDouble.c,154 :: 		
0x0023	0x0CF2      	RRF        R2, 1
;__Lib_MathDouble.c,155 :: 		
SETFUN32EEE:
;__Lib_MathDouble.c,156 :: 		
0x0024	0x30FF      	MOVLW      255
;__Lib_MathDouble.c,158 :: 		
L_end_SETFUN32:
0x0025	0x0008      	RETURN
; end of _SETFUN32
_____DoICP:
;__Lib_System.c,6 :: 		
;__Lib_System.c,9 :: 		
0x0026	0x1283      	BCF        STATUS, 5
0x0027	0x1303      	BCF        STATUS, 6
0x0028	0x0825      	MOVF       ___DoICPAddr+1, 0
0x0029	0x008A      	MOVWF      PCLATH
;__Lib_System.c,10 :: 		
0x002A	0x0824      	MOVF       ___DoICPAddr, 0
0x002B	0x0082      	MOVWF      PCL
;__Lib_System.c,12 :: 		
L_end_____DoICP:
0x002C	0x0008      	RETURN
; end of _____DoICP
_NRM3232:
;__Lib_MathDouble.c,167 :: 		
;__Lib_MathDouble.c,173 :: 		
;__Lib_MathDouble.c,175 :: 		
0x002D	0x01A0      	CLRF       __math_tempbD
;__Lib_MathDouble.c,176 :: 		
0x002E	0x0872      	MOVF       R2, 0
;__Lib_MathDouble.c,177 :: 		
0x002F	0x1D03      	BTFSS      STATUS, 2
;__Lib_MathDouble.c,178 :: 		
0x0030	0x2842      	GOTO       NORM3232
;__Lib_MathDouble.c,179 :: 		
0x0031	0x0871      	MOVF       R1, 0
;__Lib_MathDouble.c,180 :: 		
0x0032	0x00F2      	MOVWF      R2
;__Lib_MathDouble.c,181 :: 		
0x0033	0x0870      	MOVF       R0, 0
;__Lib_MathDouble.c,182 :: 		
0x0034	0x00F1      	MOVWF      R1
;__Lib_MathDouble.c,183 :: 		
0x0035	0x01F0      	CLRF       R0
;__Lib_MathDouble.c,184 :: 		
0x0036	0x15A0      	BSF        __math_tempbD, 3
;__Lib_MathDouble.c,186 :: 		
0x0037	0x0872      	MOVF       R2, 0
;__Lib_MathDouble.c,187 :: 		
0x0038	0x1D03      	BTFSS      STATUS, 2
;__Lib_MathDouble.c,188 :: 		
0x0039	0x2842      	GOTO       NORM3232
;__Lib_MathDouble.c,189 :: 		
0x003A	0x0871      	MOVF       R1, 0
;__Lib_MathDouble.c,190 :: 		
0x003B	0x00F2      	MOVWF      R2
;__Lib_MathDouble.c,191 :: 		
0x003C	0x01F1      	CLRF       R1
;__Lib_MathDouble.c,192 :: 		
0x003D	0x11A0      	BCF        __math_tempbD, 3
;__Lib_MathDouble.c,193 :: 		
0x003E	0x1620      	BSF        __math_tempbD, 4
;__Lib_MathDouble.c,195 :: 		
0x003F	0x0872      	MOVF       R2, 0
;__Lib_MathDouble.c,196 :: 		
0x0040	0x1903      	BTFSC      STATUS, 2
;__Lib_MathDouble.c,197 :: 		
0x0041	0x2850      	GOTO       JPNRES032
;__Lib_MathDouble.c,198 :: 		
NORM3232:
;__Lib_MathDouble.c,199 :: 		
0x0042	0x0820      	MOVF       __math_tempbD, 0
;__Lib_MathDouble.c,200 :: 		
0x0043	0x02F3      	SUBWF      R3, 1
;__Lib_MathDouble.c,201 :: 		
0x0044	0x1D03      	BTFSS      STATUS, 2
;__Lib_MathDouble.c,202 :: 		
0x0045	0x1C03      	BTFSS      STATUS, 0
;__Lib_MathDouble.c,203 :: 		
0x0046	0x2854      	GOTO       JPNSETFUN32
;__Lib_MathDouble.c,204 :: 		
0x0047	0x1003      	BCF        STATUS, 0
;__Lib_MathDouble.c,205 :: 		
NORM3232A:
;__Lib_MathDouble.c,206 :: 		
0x0048	0x1BF2      	BTFSC      R2, 7
;__Lib_MathDouble.c,207 :: 		
0x0049	0x2858      	GOTO       JMPNFIXSIGN32
;__Lib_MathDouble.c,208 :: 		
0x004A	0x0DF0      	RLF        R0, 1
;__Lib_MathDouble.c,209 :: 		
0x004B	0x0DF1      	RLF        R1, 1
;__Lib_MathDouble.c,210 :: 		
0x004C	0x0DF2      	RLF        R2, 1
;__Lib_MathDouble.c,211 :: 		
0x004D	0x0BF3      	DECFSZ     R3, 1
;__Lib_MathDouble.c,212 :: 		
0x004E	0x2848      	GOTO       NORM3232A
;__Lib_MathDouble.c,213 :: 		
0x004F	0x2854      	GOTO       JPNSETFUN32
;__Lib_MathDouble.c,214 :: 		
JPNRES032:
;__Lib_MathDouble.c,215 :: 		
0x0050	0x3001      	MOVLW      1
;__Lib_MathDouble.c,216 :: 		
0x0051	0x00FC      	MOVWF      R12
;__Lib_MathDouble.c,218 :: 		
0x0052	0x2003      	CALL       _RES032
;__Lib_MathDouble.c,220 :: 		
0x0053	0x285B      	GOTO       NORM32EEE
;__Lib_MathDouble.c,221 :: 		
JPNSETFUN32:
;__Lib_MathDouble.c,222 :: 		
0x0054	0x3002      	MOVLW      2
;__Lib_MathDouble.c,223 :: 		
0x0055	0x00FC      	MOVWF      R12
;__Lib_MathDouble.c,225 :: 		
0x0056	0x201A      	CALL       _SETFUN32
;__Lib_MathDouble.c,227 :: 		
0x0057	0x285B      	GOTO       NORM32EEE
;__Lib_MathDouble.c,228 :: 		
JMPNFIXSIGN32:
;__Lib_MathDouble.c,229 :: 		
0x0058	0x3004      	MOVLW      4
;__Lib_MathDouble.c,230 :: 		
0x0059	0x00FC      	MOVWF      R12
;__Lib_MathDouble.c,232 :: 		
0x005A	0x2016      	CALL       _FIXSIGN32
;__Lib_MathDouble.c,234 :: 		
NORM32EEE:
;__Lib_MathDouble.c,236 :: 		
L_end_NRM3232:
0x005B	0x0008      	RETURN
; end of _NRM3232
_NRM4032:
;__Lib_MathDouble.c,245 :: 		
;__Lib_MathDouble.c,252 :: 		
;__Lib_MathDouble.c,254 :: 		
0x005C	0x187C      	BTFSC      R12, 0
;__Lib_MathDouble.c,255 :: 		
0x005D	0x2892      	GOTO       NRMRND4032
;__Lib_MathDouble.c,256 :: 		
0x005E	0x18FC      	BTFSC      R12, 1
;__Lib_MathDouble.c,257 :: 		
0x005F	0x2863      	GOTO       NRM4032
;__Lib_MathDouble.c,258 :: 		
0x0060	0x197C      	BTFSC      R12, 2
;__Lib_MathDouble.c,259 :: 		
0x0061	0x28B1      	GOTO       JMPSETFOV32
;__Lib_MathDouble.c,260 :: 		
0x0062	0x285C      	GOTO       $-6
;__Lib_MathDouble.c,261 :: 		
NRM4032:
;__Lib_MathDouble.c,262 :: 		
0x0063	0x01A0      	CLRF       __math_tempbD
;__Lib_MathDouble.c,263 :: 		
0x0064	0x0872      	MOVF       R2, 0
;__Lib_MathDouble.c,264 :: 		
0x0065	0x1D03      	BTFSS      STATUS, 2
;__Lib_MathDouble.c,265 :: 		
0x0066	0x2883      	GOTO       NORM4032
;__Lib_MathDouble.c,266 :: 		
0x0067	0x0871      	MOVF       R1, 0
;__Lib_MathDouble.c,267 :: 		
0x0068	0x00F2      	MOVWF      R2
;__Lib_MathDouble.c,268 :: 		
0x0069	0x0870      	MOVF       R0, 0
;__Lib_MathDouble.c,269 :: 		
0x006A	0x00F1      	MOVWF      R1
;__Lib_MathDouble.c,270 :: 		
0x006B	0x0878      	MOVF       R8, 0
;__Lib_MathDouble.c,271 :: 		
0x006C	0x00F0      	MOVWF      R0
;__Lib_MathDouble.c,272 :: 		
0x006D	0x01F8      	CLRF       R8
;__Lib_MathDouble.c,273 :: 		
0x006E	0x15A0      	BSF        __math_tempbD, 3
;__Lib_MathDouble.c,275 :: 		
0x006F	0x0872      	MOVF       R2, 0
;__Lib_MathDouble.c,276 :: 		
0x0070	0x1D03      	BTFSS      STATUS, 2
;__Lib_MathDouble.c,277 :: 		
0x0071	0x2883      	GOTO       NORM4032
;__Lib_MathDouble.c,278 :: 		
0x0072	0x0871      	MOVF       R1, 0
;__Lib_MathDouble.c,279 :: 		
0x0073	0x00F2      	MOVWF      R2
;__Lib_MathDouble.c,280 :: 		
0x0074	0x0870      	MOVF       R0, 0
;__Lib_MathDouble.c,281 :: 		
0x0075	0x00F1      	MOVWF      R1
;__Lib_MathDouble.c,282 :: 		
0x0076	0x01F0      	CLRF       R0
;__Lib_MathDouble.c,283 :: 		
0x0077	0x11A0      	BCF        __math_tempbD, 3
;__Lib_MathDouble.c,284 :: 		
0x0078	0x1620      	BSF        __math_tempbD, 4
;__Lib_MathDouble.c,286 :: 		
0x0079	0x0872      	MOVF       R2, 0
;__Lib_MathDouble.c,287 :: 		
0x007A	0x1D03      	BTFSS      STATUS, 2
;__Lib_MathDouble.c,288 :: 		
0x007B	0x2883      	GOTO       NORM4032
;__Lib_MathDouble.c,289 :: 		
0x007C	0x0871      	MOVF       R1, 0
;__Lib_MathDouble.c,290 :: 		
0x007D	0x00F2      	MOVWF      R2
;__Lib_MathDouble.c,291 :: 		
0x007E	0x01F1      	CLRF       R1
;__Lib_MathDouble.c,292 :: 		
0x007F	0x15A0      	BSF        __math_tempbD, 3
;__Lib_MathDouble.c,294 :: 		
0x0080	0x0872      	MOVF       R2, 0
;__Lib_MathDouble.c,295 :: 		
0x0081	0x1903      	BTFSC      STATUS, 2
;__Lib_MathDouble.c,296 :: 		
0x0082	0x28A5      	GOTO       JMPRES032
;__Lib_MathDouble.c,297 :: 		
NORM4032:
;__Lib_MathDouble.c,298 :: 		
0x0083	0x0820      	MOVF       __math_tempbD, 0
;__Lib_MathDouble.c,299 :: 		
0x0084	0x02F3      	SUBWF      R3, 1
;__Lib_MathDouble.c,300 :: 		
0x0085	0x1D03      	BTFSS      STATUS, 2
;__Lib_MathDouble.c,301 :: 		
0x0086	0x1C03      	BTFSS      STATUS, 0
;__Lib_MathDouble.c,302 :: 		
0x0087	0x28A9      	GOTO       JMPSETFUN32
;__Lib_MathDouble.c,303 :: 		
0x0088	0x1003      	BCF        STATUS, 0
;__Lib_MathDouble.c,304 :: 		
NORM4032A:
;__Lib_MathDouble.c,305 :: 		
0x0089	0x1BF2      	BTFSC      R2, 7
;__Lib_MathDouble.c,306 :: 		
0x008A	0x2892      	GOTO       NRMRND4032
;__Lib_MathDouble.c,307 :: 		
0x008B	0x0DF8      	RLF        R8, 1
;__Lib_MathDouble.c,308 :: 		
0x008C	0x0DF0      	RLF        R0, 1
;__Lib_MathDouble.c,309 :: 		
0x008D	0x0DF1      	RLF        R1, 1
;__Lib_MathDouble.c,310 :: 		
0x008E	0x0DF2      	RLF        R2, 1
;__Lib_MathDouble.c,311 :: 		
0x008F	0x0BF3      	DECFSZ     R3, 1
;__Lib_MathDouble.c,312 :: 		
0x0090	0x2889      	GOTO       NORM4032A
;__Lib_MathDouble.c,313 :: 		
0x0091	0x28A9      	GOTO       JMPSETFUN32
;__Lib_MathDouble.c,314 :: 		
NRMRND4032:
;__Lib_MathDouble.c,315 :: 		
0x0092	0x1B7B      	BTFSC      R11, 6
;__Lib_MathDouble.c,316 :: 		
0x0093	0x1C70      	BTFSS      R0, 0
;__Lib_MathDouble.c,317 :: 		
0x0094	0x28AD      	GOTO       JMPFIXSIGN32
;__Lib_MathDouble.c,318 :: 		
0x0095	0x1FF8      	BTFSS      R8, 7
;__Lib_MathDouble.c,319 :: 		
0x0096	0x28AD      	GOTO       JMPFIXSIGN32
;__Lib_MathDouble.c,320 :: 		
0x0097	0x0AF0      	INCF       R0, 1
;__Lib_MathDouble.c,321 :: 		
0x0098	0x1903      	BTFSC      STATUS, 2
;__Lib_MathDouble.c,322 :: 		
0x0099	0x0AF1      	INCF       R1, 1
;__Lib_MathDouble.c,323 :: 		
0x009A	0x1903      	BTFSC      STATUS, 2
;__Lib_MathDouble.c,324 :: 		
0x009B	0x0AF2      	INCF       R2, 1
;__Lib_MathDouble.c,325 :: 		
0x009C	0x1D03      	BTFSS      STATUS, 2
;__Lib_MathDouble.c,326 :: 		
0x009D	0x28AD      	GOTO       JMPFIXSIGN32
;__Lib_MathDouble.c,327 :: 		
0x009E	0x0CF2      	RRF        R2, 1
;__Lib_MathDouble.c,328 :: 		
0x009F	0x0CF1      	RRF        R1, 1
;__Lib_MathDouble.c,329 :: 		
0x00A0	0x0CF0      	RRF        R0, 1
;__Lib_MathDouble.c,330 :: 		
0x00A1	0x0AF3      	INCF       R3, 1
;__Lib_MathDouble.c,331 :: 		
0x00A2	0x1903      	BTFSC      STATUS, 2
;__Lib_MathDouble.c,332 :: 		
0x00A3	0x28B1      	GOTO       JMPSETFOV32
;__Lib_MathDouble.c,333 :: 		
0x00A4	0x28AD      	GOTO       JMPFIXSIGN32
;__Lib_MathDouble.c,334 :: 		
JMPRES032:
;__Lib_MathDouble.c,335 :: 		
0x00A5	0x3001      	MOVLW      1
;__Lib_MathDouble.c,336 :: 		
0x00A6	0x00FC      	MOVWF      R12
;__Lib_MathDouble.c,338 :: 		
0x00A7	0x2003      	CALL       _RES032
;__Lib_MathDouble.c,340 :: 		
0x00A8	0x28B4      	GOTO       NRM4032EEE
;__Lib_MathDouble.c,341 :: 		
JMPSETFUN32:
;__Lib_MathDouble.c,342 :: 		
0x00A9	0x3002      	MOVLW      2
;__Lib_MathDouble.c,343 :: 		
0x00AA	0x00FC      	MOVWF      R12
;__Lib_MathDouble.c,345 :: 		
0x00AB	0x201A      	CALL       _SETFUN32
;__Lib_MathDouble.c,347 :: 		
0x00AC	0x28B4      	GOTO       NRM4032EEE
;__Lib_MathDouble.c,348 :: 		
JMPFIXSIGN32:
;__Lib_MathDouble.c,349 :: 		
0x00AD	0x3004      	MOVLW      4
;__Lib_MathDouble.c,350 :: 		
0x00AE	0x00FC      	MOVWF      R12
;__Lib_MathDouble.c,352 :: 		
0x00AF	0x2016      	CALL       _FIXSIGN32
;__Lib_MathDouble.c,354 :: 		
0x00B0	0x28B4      	GOTO       NRM4032EEE
;__Lib_MathDouble.c,355 :: 		
JMPSETFOV32:
;__Lib_MathDouble.c,356 :: 		
0x00B1	0x3008      	MOVLW      8
;__Lib_MathDouble.c,357 :: 		
0x00B2	0x00FC      	MOVWF      R12
;__Lib_MathDouble.c,359 :: 		
0x00B3	0x200A      	CALL       _SETFOV32
;__Lib_MathDouble.c,361 :: 		
NRM4032EEE:
;__Lib_MathDouble.c,362 :: 		
0x00B4	0x0000      	NOP
;__Lib_MathDouble.c,370 :: 		
L_end_NRM4032:
0x00B5	0x0008      	RETURN
; end of _NRM4032
_Delay_22us:
;__Lib_Delays.c,15 :: 		void Delay_22us() {
;__Lib_Delays.c,16 :: 		Delay_us(22);
0x00B6	0x300E      	MOVLW      14
0x00B7	0x1283      	BCF        STATUS, 5
0x00B8	0x1303      	BCF        STATUS, 6
0x00B9	0x00FD      	MOVWF      R13
L_Delay_22us1:
0x00BA	0x0BFD      	DECFSZ     R13, 1
0x00BB	0x28BA      	GOTO       L_Delay_22us1
0x00BC	0x0000      	NOP
;__Lib_Delays.c,17 :: 		}
L_end_Delay_22us:
0x00BD	0x0008      	RETURN
; end of _Delay_22us
_SETFDZ32:
;__Lib_MathDouble.c,102 :: 		
;__Lib_MathDouble.c,105 :: 		
0x00BE	0x15FB      	BSF        R11, 3
;__Lib_MathDouble.c,106 :: 		
0x00BF	0x30FF      	MOVLW      255
;__Lib_MathDouble.c,108 :: 		
L_end_SETFDZ32:
0x00C0	0x0008      	RETURN
; end of _SETFDZ32
_Add_32x32_FP:
;__Lib_MathDouble.c,379 :: 		
;__Lib_MathDouble.c,390 :: 		
;__Lib_MathDouble.c,392 :: 		
0x00C1	0x1283      	BCF        STATUS, 5
;__Lib_MathDouble.c,393 :: 		
0x00C2	0x1303      	BCF        STATUS, 6
;__Lib_MathDouble.c,394 :: 		
0x00C3	0x0872      	MOVF       R2, 0
;__Lib_MathDouble.c,395 :: 		
0x00C4	0x0676      	XORWF      R6, 0
;__Lib_MathDouble.c,396 :: 		
0x00C5	0x00A0      	MOVWF      __math_tempbD
;__Lib_MathDouble.c,398 :: 		
0x00C6	0x01F8      	CLRF       R8
;__Lib_MathDouble.c,399 :: 		
0x00C7	0x01F9      	CLRF       R9
;__Lib_MathDouble.c,401 :: 		
0x00C8	0x0873      	MOVF       R3, 0
;__Lib_MathDouble.c,402 :: 		
0x00C9	0x0277      	SUBWF      R7, 0
;__Lib_MathDouble.c,403 :: 		
0x00CA	0x1C03      	BTFSS      STATUS, 0
;__Lib_MathDouble.c,404 :: 		
0x00CB	0x28E4      	GOTO       USEA32
;__Lib_MathDouble.c,406 :: 		
0x00CC	0x0877      	MOVF       R7, 0
;__Lib_MathDouble.c,407 :: 		
0x00CD	0x00FD      	MOVWF      R13
;__Lib_MathDouble.c,408 :: 		
0x00CE	0x0873      	MOVF       R3, 0
;__Lib_MathDouble.c,409 :: 		
0x00CF	0x00F7      	MOVWF      R7
;__Lib_MathDouble.c,410 :: 		
0x00D0	0x087D      	MOVF       R13, 0
;__Lib_MathDouble.c,411 :: 		
0x00D1	0x00F3      	MOVWF      R3
;__Lib_MathDouble.c,413 :: 		
0x00D2	0x0876      	MOVF       R6, 0
;__Lib_MathDouble.c,414 :: 		
0x00D3	0x00FD      	MOVWF      R13
;__Lib_MathDouble.c,415 :: 		
0x00D4	0x0872      	MOVF       R2, 0
;__Lib_MathDouble.c,416 :: 		
0x00D5	0x00F6      	MOVWF      R6
;__Lib_MathDouble.c,417 :: 		
0x00D6	0x087D      	MOVF       R13, 0
;__Lib_MathDouble.c,418 :: 		
0x00D7	0x00F2      	MOVWF      R2
;__Lib_MathDouble.c,420 :: 		
0x00D8	0x0875      	MOVF       R5, 0
;__Lib_MathDouble.c,421 :: 		
0x00D9	0x00FD      	MOVWF      R13
;__Lib_MathDouble.c,422 :: 		
0x00DA	0x0871      	MOVF       R1, 0
;__Lib_MathDouble.c,423 :: 		
0x00DB	0x00F5      	MOVWF      R5
;__Lib_MathDouble.c,424 :: 		
0x00DC	0x087D      	MOVF       R13, 0
;__Lib_MathDouble.c,425 :: 		
0x00DD	0x00F1      	MOVWF      R1
;__Lib_MathDouble.c,427 :: 		
0x00DE	0x0874      	MOVF       R4, 0
;__Lib_MathDouble.c,428 :: 		
0x00DF	0x00FD      	MOVWF      R13
;__Lib_MathDouble.c,429 :: 		
0x00E0	0x0870      	MOVF       R0, 0
;__Lib_MathDouble.c,430 :: 		
0x00E1	0x00F4      	MOVWF      R4
;__Lib_MathDouble.c,431 :: 		
0x00E2	0x087D      	MOVF       R13, 0
;__Lib_MathDouble.c,432 :: 		
0x00E3	0x00F0      	MOVWF      R0
;__Lib_MathDouble.c,433 :: 		
USEA32:
;__Lib_MathDouble.c,434 :: 		
0x00E4	0x0877      	MOVF       R7, 0
;__Lib_MathDouble.c,435 :: 		
0x00E5	0x1903      	BTFSC      STATUS, 2
;__Lib_MathDouble.c,436 :: 		
0x00E6	0x295D      	GOTO       JMPEEE
;__Lib_MathDouble.c,437 :: 		
0x00E7	0x0872      	MOVF       R2, 0
;__Lib_MathDouble.c,438 :: 		
0x00E8	0x00FA      	MOVWF      R10
;__Lib_MathDouble.c,439 :: 		
0x00E9	0x17F2      	BSF        R2, 7
;__Lib_MathDouble.c,440 :: 		
0x00EA	0x17F6      	BSF        R6, 7
;__Lib_MathDouble.c,441 :: 		
0x00EB	0x0877      	MOVF       R7, 0
;__Lib_MathDouble.c,442 :: 		
0x00EC	0x0273      	SUBWF      R3, 0
;__Lib_MathDouble.c,443 :: 		
0x00ED	0x00F7      	MOVWF      R7
;__Lib_MathDouble.c,444 :: 		
0x00EE	0x1903      	BTFSC      STATUS, 2
;__Lib_MathDouble.c,445 :: 		
0x00EF	0x2917      	GOTO       ALIGNED32
;__Lib_MathDouble.c,446 :: 		
0x00F0	0x3008      	MOVLW      8
;__Lib_MathDouble.c,447 :: 		
0x00F1	0x0277      	SUBWF      R7, 0
;__Lib_MathDouble.c,448 :: 		
0x00F2	0x1C03      	BTFSS      STATUS, 0
;__Lib_MathDouble.c,449 :: 		
0x00F3	0x290D      	GOTO       ALIGNB32
;__Lib_MathDouble.c,450 :: 		
0x00F4	0x00F7      	MOVWF      R7
;__Lib_MathDouble.c,451 :: 		
0x00F5	0x0874      	MOVF       R4, 0
;__Lib_MathDouble.c,452 :: 		
0x00F6	0x00F9      	MOVWF      R9
;__Lib_MathDouble.c,453 :: 		
0x00F7	0x0875      	MOVF       R5, 0
;__Lib_MathDouble.c,454 :: 		
0x00F8	0x00F4      	MOVWF      R4
;__Lib_MathDouble.c,455 :: 		
0x00F9	0x0876      	MOVF       R6, 0
;__Lib_MathDouble.c,456 :: 		
0x00FA	0x00F5      	MOVWF      R5
;__Lib_MathDouble.c,457 :: 		
0x00FB	0x01F6      	CLRF       R6
;__Lib_MathDouble.c,458 :: 		
0x00FC	0x3008      	MOVLW      8
;__Lib_MathDouble.c,459 :: 		
0x00FD	0x0277      	SUBWF      R7, 0
;__Lib_MathDouble.c,460 :: 		
0x00FE	0x1C03      	BTFSS      STATUS, 0
;__Lib_MathDouble.c,461 :: 		
0x00FF	0x290D      	GOTO       ALIGNB32
;__Lib_MathDouble.c,462 :: 		
0x0100	0x00F7      	MOVWF      R7
;__Lib_MathDouble.c,463 :: 		
0x0101	0x0874      	MOVF       R4, 0
;__Lib_MathDouble.c,464 :: 		
0x0102	0x00F9      	MOVWF      R9
;__Lib_MathDouble.c,465 :: 		
0x0103	0x0875      	MOVF       R5, 0
;__Lib_MathDouble.c,466 :: 		
0x0104	0x00F4      	MOVWF      R4
;__Lib_MathDouble.c,467 :: 		
0x0105	0x01F5      	CLRF       R5
;__Lib_MathDouble.c,468 :: 		
0x0106	0x3008      	MOVLW      8
;__Lib_MathDouble.c,469 :: 		
0x0107	0x0277      	SUBWF      R7, 0
;__Lib_MathDouble.c,470 :: 		
0x0108	0x1C03      	BTFSS      STATUS, 0
;__Lib_MathDouble.c,471 :: 		
0x0109	0x290D      	GOTO       ALIGNB32
;__Lib_MathDouble.c,472 :: 		
0x010A	0x087A      	MOVF       R10, 0
;__Lib_MathDouble.c,473 :: 		
0x010B	0x00F2      	MOVWF      R2
;__Lib_MathDouble.c,474 :: 		
0x010C	0x295D      	GOTO       JMPEEE
;__Lib_MathDouble.c,475 :: 		
ALIGNB32:
;__Lib_MathDouble.c,476 :: 		
0x010D	0x0877      	MOVF       R7, 0
;__Lib_MathDouble.c,477 :: 		
0x010E	0x1903      	BTFSC      STATUS, 2
;__Lib_MathDouble.c,478 :: 		
0x010F	0x2917      	GOTO       ALIGNED32
;__Lib_MathDouble.c,479 :: 		
ALOOPB32:
;__Lib_MathDouble.c,480 :: 		
0x0110	0x1003      	BCF        STATUS, 0
;__Lib_MathDouble.c,481 :: 		
0x0111	0x0CF6      	RRF        R6, 1
;__Lib_MathDouble.c,482 :: 		
0x0112	0x0CF5      	RRF        R5, 1
;__Lib_MathDouble.c,483 :: 		
0x0113	0x0CF4      	RRF        R4, 1
;__Lib_MathDouble.c,484 :: 		
0x0114	0x0CF9      	RRF        R9, 1
;__Lib_MathDouble.c,485 :: 		
0x0115	0x0BF7      	DECFSZ     R7, 1
;__Lib_MathDouble.c,486 :: 		
0x0116	0x2910      	GOTO       ALOOPB32
;__Lib_MathDouble.c,487 :: 		
ALIGNED32:
;__Lib_MathDouble.c,488 :: 		
0x0117	0x1FA0      	BTFSS      __math_tempbD, 7
;__Lib_MathDouble.c,489 :: 		
0x0118	0x2924      	GOTO       AOK32
;__Lib_MathDouble.c,490 :: 		
0x0119	0x09F9      	COMF       R9, 1
;__Lib_MathDouble.c,491 :: 		
0x011A	0x09F4      	COMF       R4, 1
;__Lib_MathDouble.c,492 :: 		
0x011B	0x09F5      	COMF       R5, 1
;__Lib_MathDouble.c,493 :: 		
0x011C	0x09F6      	COMF       R6, 1
;__Lib_MathDouble.c,494 :: 		
0x011D	0x0AF9      	INCF       R9, 1
;__Lib_MathDouble.c,495 :: 		
0x011E	0x1903      	BTFSC      STATUS, 2
;__Lib_MathDouble.c,496 :: 		
0x011F	0x0AF4      	INCF       R4, 1
;__Lib_MathDouble.c,497 :: 		
0x0120	0x1903      	BTFSC      STATUS, 2
;__Lib_MathDouble.c,498 :: 		
0x0121	0x0AF5      	INCF       R5, 1
;__Lib_MathDouble.c,499 :: 		
0x0122	0x1903      	BTFSC      STATUS, 2
;__Lib_MathDouble.c,500 :: 		
0x0123	0x0AF6      	INCF       R6, 1
;__Lib_MathDouble.c,501 :: 		
AOK32:
;__Lib_MathDouble.c,502 :: 		
0x0124	0x0879      	MOVF       R9, 0
;__Lib_MathDouble.c,503 :: 		
0x0125	0x07F8      	ADDWF      R8, 1
;__Lib_MathDouble.c,504 :: 		
0x0126	0x0874      	MOVF       R4, 0
;__Lib_MathDouble.c,505 :: 		
0x0127	0x1803      	BTFSC      STATUS, 0
;__Lib_MathDouble.c,506 :: 		
0x0128	0x0F74      	INCFSZ     R4, 0
;__Lib_MathDouble.c,507 :: 		
0x0129	0x07F0      	ADDWF      R0, 1
;__Lib_MathDouble.c,508 :: 		
0x012A	0x0875      	MOVF       R5, 0
;__Lib_MathDouble.c,509 :: 		
0x012B	0x1803      	BTFSC      STATUS, 0
;__Lib_MathDouble.c,510 :: 		
0x012C	0x0F75      	INCFSZ     R5, 0
;__Lib_MathDouble.c,511 :: 		
0x012D	0x07F1      	ADDWF      R1, 1
;__Lib_MathDouble.c,512 :: 		
0x012E	0x0876      	MOVF       R6, 0
;__Lib_MathDouble.c,513 :: 		
0x012F	0x1803      	BTFSC      STATUS, 0
;__Lib_MathDouble.c,514 :: 		
0x0130	0x0F76      	INCFSZ     R6, 0
;__Lib_MathDouble.c,515 :: 		
0x0131	0x07F2      	ADDWF      R2, 1
;__Lib_MathDouble.c,516 :: 		
0x0132	0x1BA0      	BTFSC      __math_tempbD, 7
;__Lib_MathDouble.c,517 :: 		
0x0133	0x293D      	GOTO       ACOMP32
;__Lib_MathDouble.c,518 :: 		
0x0134	0x1C03      	BTFSS      STATUS, 0
;__Lib_MathDouble.c,519 :: 		
0x0135	0x294D      	GOTO       JMPNRMRND4032
;__Lib_MathDouble.c,520 :: 		
0x0136	0x0CF2      	RRF        R2, 1
;__Lib_MathDouble.c,521 :: 		
0x0137	0x0CF1      	RRF        R1, 1
;__Lib_MathDouble.c,522 :: 		
0x0138	0x0CF0      	RRF        R0, 1
;__Lib_MathDouble.c,523 :: 		
0x0139	0x0CF8      	RRF        R8, 1
;__Lib_MathDouble.c,524 :: 		
0x013A	0x0FF3      	INCFSZ     R3, 1
;__Lib_MathDouble.c,525 :: 		
0x013B	0x294D      	GOTO       JMPNRMRND4032
;__Lib_MathDouble.c,526 :: 		
0x013C	0x2959      	GOTO       ADD_JMPSETFOV32
;__Lib_MathDouble.c,527 :: 		
ACOMP32:
;__Lib_MathDouble.c,528 :: 		
0x013D	0x1803      	BTFSC      STATUS, 0
;__Lib_MathDouble.c,529 :: 		
0x013E	0x2951      	GOTO       JMPNRM4032
;__Lib_MathDouble.c,530 :: 		
0x013F	0x09F8      	COMF       R8, 1
;__Lib_MathDouble.c,531 :: 		
0x0140	0x09F0      	COMF       R0, 1
;__Lib_MathDouble.c,532 :: 		
0x0141	0x09F1      	COMF       R1, 1
;__Lib_MathDouble.c,533 :: 		
0x0142	0x09F2      	COMF       R2, 1
;__Lib_MathDouble.c,534 :: 		
0x0143	0x0AF8      	INCF       R8, 1
;__Lib_MathDouble.c,535 :: 		
0x0144	0x1903      	BTFSC      STATUS, 2
;__Lib_MathDouble.c,536 :: 		
0x0145	0x0AF0      	INCF       R0, 1
;__Lib_MathDouble.c,537 :: 		
0x0146	0x1903      	BTFSC      STATUS, 2
;__Lib_MathDouble.c,538 :: 		
0x0147	0x0AF1      	INCF       R1, 1
;__Lib_MathDouble.c,539 :: 		
0x0148	0x1903      	BTFSC      STATUS, 2
;__Lib_MathDouble.c,540 :: 		
0x0149	0x0AF2      	INCF       R2, 1
;__Lib_MathDouble.c,541 :: 		
0x014A	0x3080      	MOVLW      128
;__Lib_MathDouble.c,542 :: 		
0x014B	0x06FA      	XORWF      R10, 1
;__Lib_MathDouble.c,543 :: 		
0x014C	0x2955      	GOTO       JMPNRM32
;__Lib_MathDouble.c,544 :: 		
JMPNRMRND4032:
;__Lib_MathDouble.c,545 :: 		
0x014D	0x3001      	MOVLW      1
;__Lib_MathDouble.c,546 :: 		
0x014E	0x00FC      	MOVWF      R12
;__Lib_MathDouble.c,548 :: 		
0x014F	0x205C      	CALL       _NRM4032
;__Lib_MathDouble.c,550 :: 		
0x0150	0x295F      	GOTO       ADD32EEE
;__Lib_MathDouble.c,551 :: 		
JMPNRM4032:
;__Lib_MathDouble.c,552 :: 		
0x0151	0x3002      	MOVLW      2
;__Lib_MathDouble.c,553 :: 		
0x0152	0x00FC      	MOVWF      R12
;__Lib_MathDouble.c,555 :: 		
0x0153	0x205C      	CALL       _NRM4032
;__Lib_MathDouble.c,557 :: 		
0x0154	0x295F      	GOTO       ADD32EEE
;__Lib_MathDouble.c,558 :: 		
JMPNRM32:
;__Lib_MathDouble.c,559 :: 		
0x0155	0x3004      	MOVLW      4
;__Lib_MathDouble.c,560 :: 		
0x0156	0x00FC      	MOVWF      R12
;__Lib_MathDouble.c,562 :: 		
0x0157	0x202D      	CALL       _NRM3232
;__Lib_MathDouble.c,564 :: 		
0x0158	0x295F      	GOTO       ADD32EEE
;__Lib_MathDouble.c,565 :: 		
ADD_JMPSETFOV32:
;__Lib_MathDouble.c,566 :: 		
0x0159	0x3008      	MOVLW      8
;__Lib_MathDouble.c,567 :: 		
0x015A	0x00FC      	MOVWF      R12
;__Lib_MathDouble.c,569 :: 		
0x015B	0x200A      	CALL       _SETFOV32
;__Lib_MathDouble.c,571 :: 		
0x015C	0x295F      	GOTO       ADD32EEE
;__Lib_MathDouble.c,572 :: 		
JMPEEE:
;__Lib_MathDouble.c,573 :: 		
0x015D	0x3000      	MOVLW      0
;__Lib_MathDouble.c,574 :: 		
0x015E	0x00FC      	MOVWF      R12
;__Lib_MathDouble.c,575 :: 		
ADD32EEE:
;__Lib_MathDouble.c,576 :: 		
0x015F	0x0000      	NOP
;__Lib_MathDouble.c,584 :: 		
L_end_Add_32x32_FP:
0x0160	0x0008      	RETURN
; end of _Add_32x32_FP
_word2double:
;__Lib_MathDouble.c,1862 :: 		
;__Lib_MathDouble.c,1868 :: 		
0x0161	0x1283      	BCF        STATUS, 5
;__Lib_MathDouble.c,1869 :: 		
0x0162	0x1303      	BCF        STATUS, 6
;__Lib_MathDouble.c,1870 :: 		
0x0163	0x0870      	MOVF       R0, 0
;__Lib_MathDouble.c,1871 :: 		
0x0164	0x00F8      	MOVWF      R8
;__Lib_MathDouble.c,1872 :: 		
0x0165	0x0871      	MOVF       R1, 0
;__Lib_MathDouble.c,1873 :: 		
0x0166	0x00F0      	MOVWF      R0
;__Lib_MathDouble.c,1874 :: 		
0x0167	0x01F1      	CLRF       R1
;__Lib_MathDouble.c,1875 :: 		
0x0168	0x01F2      	CLRF       R2
;__Lib_MathDouble.c,1876 :: 		
0x0169	0x01F3      	CLRF       R3
;__Lib_MathDouble.c,1879 :: 		
0x016A	0x01FB      	CLRF       R11
;__Lib_MathDouble.c,1880 :: 		
0x016B	0x01FC      	CLRF       R12
;__Lib_MathDouble.c,1882 :: 		
0x016C	0x3096      	MOVLW      150
;__Lib_MathDouble.c,1883 :: 		
0x016D	0x00F3      	MOVWF      R3
;__Lib_MathDouble.c,1884 :: 		
0x016E	0x01FA      	CLRF       R10
;__Lib_MathDouble.c,1886 :: 		
0x016F	0x0870      	MOVF       R0, 0
;__Lib_MathDouble.c,1887 :: 		
0x0170	0x00F1      	MOVWF      R1
;__Lib_MathDouble.c,1888 :: 		
0x0171	0x0878      	MOVF       R8, 0
;__Lib_MathDouble.c,1889 :: 		
0x0172	0x00F0      	MOVWF      R0
;__Lib_MathDouble.c,1890 :: 		
0x0173	0x01F8      	CLRF       R8
;__Lib_MathDouble.c,1891 :: 		
0x0174	0x01F2      	CLRF       R2
;__Lib_MathDouble.c,1893 :: 		
0x0175	0x202D      	CALL       _NRM3232
;__Lib_MathDouble.c,1894 :: 		
L_end_word2double:
0x0176	0x0008      	RETURN
; end of _word2double
_Compare_Double:
;__Lib_MathDouble.c,2053 :: 		
;__Lib_MathDouble.c,2062 :: 		
;__Lib_MathDouble.c,2064 :: 		
0x0177	0x1283      	BCF        STATUS, 5
;__Lib_MathDouble.c,2065 :: 		
0x0178	0x1303      	BCF        STATUS, 6
;__Lib_MathDouble.c,2067 :: 		
0x0179	0x01FA      	CLRF       R10
;__Lib_MathDouble.c,2068 :: 		
0x017A	0x0873      	MOVF       R3, 0
;__Lib_MathDouble.c,2069 :: 		
0x017B	0x1D03      	BTFSS      STATUS, 2
;__Lib_MathDouble.c,2070 :: 		
0x017C	0x147A      	BSF        R10, 0
;__Lib_MathDouble.c,2071 :: 		
0x017D	0x0877      	MOVF       R7, 0
;__Lib_MathDouble.c,2072 :: 		
0x017E	0x1D03      	BTFSS      STATUS, 2
;__Lib_MathDouble.c,2073 :: 		
0x017F	0x14FA      	BSF        R10, 1
;__Lib_MathDouble.c,2075 :: 		
0x0180	0x087A      	MOVF       R10, 0
;__Lib_MathDouble.c,2076 :: 		
0x0181	0x1903      	BTFSC      STATUS, 2
;__Lib_MathDouble.c,2077 :: 		
0x0182	0x29C3      	GOTO       COMPARE_EQU
;__Lib_MathDouble.c,2078 :: 		
0x0183	0x3A03      	XORLW      3
;__Lib_MathDouble.c,2079 :: 		
0x0184	0x1903      	BTFSC      STATUS, 2
;__Lib_MathDouble.c,2080 :: 		
0x0185	0x298E      	GOTO       COMPARE_NOTZERO
;__Lib_MathDouble.c,2082 :: 		
0x0186	0x187A      	BTFSC      R10, 0
;__Lib_MathDouble.c,2083 :: 		
0x0187	0x298B      	GOTO       COMPARE_XNOTZERO
;__Lib_MathDouble.c,2085 :: 		
0x0188	0x1FF6      	BTFSS      R6, 7
;__Lib_MathDouble.c,2086 :: 		
0x0189	0x29C1      	GOTO       COMPARE_LT
;__Lib_MathDouble.c,2087 :: 		
0x018A	0x29BF      	GOTO       COMPARE_GT
;__Lib_MathDouble.c,2088 :: 		
COMPARE_XNOTZERO:
;__Lib_MathDouble.c,2089 :: 		
0x018B	0x1FF2      	BTFSS      R2, 7
;__Lib_MathDouble.c,2090 :: 		
0x018C	0x29BF      	GOTO       COMPARE_GT
;__Lib_MathDouble.c,2091 :: 		
0x018D	0x29C1      	GOTO       COMPARE_LT
;__Lib_MathDouble.c,2093 :: 		
COMPARE_NOTZERO:
;__Lib_MathDouble.c,2094 :: 		
0x018E	0x0872      	MOVF       R2, 0
;__Lib_MathDouble.c,2095 :: 		
0x018F	0x3980      	ANDLW      128
;__Lib_MathDouble.c,2096 :: 		
0x0190	0x00FA      	MOVWF      R10
;__Lib_MathDouble.c,2097 :: 		
0x0191	0x13F2      	BCF        R2, 7
;__Lib_MathDouble.c,2099 :: 		
0x0192	0x0876      	MOVF       R6, 0
;__Lib_MathDouble.c,2100 :: 		
0x0193	0x3980      	ANDLW      128
;__Lib_MathDouble.c,2101 :: 		
0x0194	0x13F6      	BCF        R6, 7
;__Lib_MathDouble.c,2103 :: 		
0x0195	0x067A      	XORWF      R10, 0
;__Lib_MathDouble.c,2104 :: 		
0x0196	0x1903      	BTFSC      STATUS, 2
;__Lib_MathDouble.c,2105 :: 		
0x0197	0x299C      	GOTO       COMPARE_TESTALL
;__Lib_MathDouble.c,2107 :: 		
0x0198	0x087A      	MOVF       R10, 0
;__Lib_MathDouble.c,2108 :: 		
0x0199	0x1903      	BTFSC      STATUS, 2
;__Lib_MathDouble.c,2109 :: 		
0x019A	0x29BF      	GOTO       COMPARE_GT
;__Lib_MathDouble.c,2110 :: 		
0x019B	0x29C1      	GOTO       COMPARE_LT
;__Lib_MathDouble.c,2112 :: 		
COMPARE_TESTALL:
;__Lib_MathDouble.c,2113 :: 		
0x019C	0x0877      	MOVF       R7, 0
;__Lib_MathDouble.c,2114 :: 		
0x019D	0x0273      	SUBWF      R3, 0
;__Lib_MathDouble.c,2115 :: 		
0x019E	0x1903      	BTFSC      STATUS, 2
;__Lib_MathDouble.c,2116 :: 		
0x019F	0x29A3      	GOTO       COMPARE_C1
;__Lib_MathDouble.c,2117 :: 		
0x01A0	0x1C03      	BTFSS      STATUS, 0
;__Lib_MathDouble.c,2118 :: 		
0x01A1	0x29B7      	GOTO       GT_FALSE
;__Lib_MathDouble.c,2119 :: 		
0x01A2	0x29BB      	GOTO       GT_TRUE
;__Lib_MathDouble.c,2120 :: 		
COMPARE_C1:
;__Lib_MathDouble.c,2121 :: 		
0x01A3	0x0876      	MOVF       R6, 0
;__Lib_MathDouble.c,2122 :: 		
0x01A4	0x0272      	SUBWF      R2, 0
;__Lib_MathDouble.c,2123 :: 		
0x01A5	0x1903      	BTFSC      STATUS, 2
;__Lib_MathDouble.c,2124 :: 		
0x01A6	0x29AA      	GOTO       COMPARE_C2
;__Lib_MathDouble.c,2125 :: 		
0x01A7	0x1C03      	BTFSS      STATUS, 0
;__Lib_MathDouble.c,2126 :: 		
0x01A8	0x29B7      	GOTO       GT_FALSE
;__Lib_MathDouble.c,2127 :: 		
0x01A9	0x29BB      	GOTO       GT_TRUE
;__Lib_MathDouble.c,2128 :: 		
COMPARE_C2:
;__Lib_MathDouble.c,2129 :: 		
0x01AA	0x0875      	MOVF       R5, 0
;__Lib_MathDouble.c,2130 :: 		
0x01AB	0x0271      	SUBWF      R1, 0
;__Lib_MathDouble.c,2131 :: 		
0x01AC	0x1903      	BTFSC      STATUS, 2
;__Lib_MathDouble.c,2132 :: 		
0x01AD	0x29B1      	GOTO       COMPARE_C3
;__Lib_MathDouble.c,2133 :: 		
0x01AE	0x1C03      	BTFSS      STATUS, 0
;__Lib_MathDouble.c,2134 :: 		
0x01AF	0x29B7      	GOTO       GT_FALSE
;__Lib_MathDouble.c,2135 :: 		
0x01B0	0x29BB      	GOTO       GT_TRUE
;__Lib_MathDouble.c,2136 :: 		
COMPARE_C3:
;__Lib_MathDouble.c,2137 :: 		
0x01B1	0x0874      	MOVF       R4, 0
;__Lib_MathDouble.c,2138 :: 		
0x01B2	0x0270      	SUBWF      R0, 0
;__Lib_MathDouble.c,2139 :: 		
0x01B3	0x1903      	BTFSC      STATUS, 2
;__Lib_MathDouble.c,2140 :: 		
0x01B4	0x29C3      	GOTO       COMPARE_EQU
;__Lib_MathDouble.c,2141 :: 		
0x01B5	0x1803      	BTFSC      STATUS, 0
;__Lib_MathDouble.c,2142 :: 		
0x01B6	0x29BB      	GOTO       GT_TRUE
;__Lib_MathDouble.c,2144 :: 		
GT_FALSE:
;__Lib_MathDouble.c,2145 :: 		
0x01B7	0x08FA      	MOVF       R10, 1
;__Lib_MathDouble.c,2146 :: 		
0x01B8	0x1903      	BTFSC      STATUS, 2
;__Lib_MathDouble.c,2147 :: 		
0x01B9	0x29C1      	GOTO       COMPARE_LT
;__Lib_MathDouble.c,2148 :: 		
0x01BA	0x29BF      	GOTO       COMPARE_GT
;__Lib_MathDouble.c,2149 :: 		
GT_TRUE:
;__Lib_MathDouble.c,2150 :: 		
0x01BB	0x08FA      	MOVF       R10, 1
;__Lib_MathDouble.c,2151 :: 		
0x01BC	0x1903      	BTFSC      STATUS, 2
;__Lib_MathDouble.c,2152 :: 		
0x01BD	0x29BF      	GOTO       COMPARE_GT
;__Lib_MathDouble.c,2153 :: 		
0x01BE	0x29C1      	GOTO       COMPARE_LT
;__Lib_MathDouble.c,2155 :: 		
COMPARE_GT:
;__Lib_MathDouble.c,2158 :: 		
0x01BF	0x1403      	BSF        STATUS, 0
;__Lib_MathDouble.c,2159 :: 		
0x01C0	0x0008      	RETURN
;__Lib_MathDouble.c,2160 :: 		
COMPARE_LT:
;__Lib_MathDouble.c,2163 :: 		
0x01C1	0x1003      	BCF        STATUS, 0
;__Lib_MathDouble.c,2164 :: 		
0x01C2	0x0008      	RETURN
;__Lib_MathDouble.c,2165 :: 		
COMPARE_EQU:
;__Lib_MathDouble.c,2168 :: 		
0x01C3	0x1403      	BSF        STATUS, 0
;__Lib_MathDouble.c,2169 :: 		
0x01C4	0x1503      	BSF        STATUS, 2
;__Lib_MathDouble.c,2170 :: 		
0x01C5	0x0008      	RETURN
;__Lib_MathDouble.c,2172 :: 		
L_end_Compare_Double:
0x01C6	0x0008      	RETURN
; end of _Compare_Double
___CC2DW:
;__Lib_System.c,134 :: 		
;__Lib_System.c,137 :: 		
_CC2D_Loop1:
;__Lib_System.c,139 :: 		
0x01C7	0x2026      	CALL       _____DoICP
0x01C8	0x118A      	BCF        PCLATH, 3
0x01C9	0x120A      	BCF        PCLATH, 4
;__Lib_System.c,141 :: 		
0x01CA	0x0080      	MOVWF      INDF
;__Lib_System.c,142 :: 		
0x01CB	0x0A84      	INCF       FSR, 1
;__Lib_System.c,143 :: 		
0x01CC	0x0AA4      	INCF       ___DoICPAddr, 1
;__Lib_System.c,145 :: 		
0x01CD	0x1903      	BTFSC      STATUS, 2
;__Lib_System.c,146 :: 		
0x01CE	0x0AA5      	INCF       ___DoICPAddr+1, 1
;__Lib_System.c,147 :: 		
0x01CF	0x03F0      	DECF       R0, 1
;__Lib_System.c,149 :: 		
0x01D0	0x1D03      	BTFSS      STATUS, 2
;__Lib_System.c,150 :: 		
0x01D1	0x29C7      	GOTO       _CC2D_Loop1
;__Lib_System.c,152 :: 		
L_end___CC2DW:
0x01D2	0x0008      	RETURN
; end of ___CC2DW
_ADC_Read:
;__Lib_ADC_88X.c,78 :: 		
;__Lib_ADC_88X.c,80 :: 		
0x01D3	0x30C3      	MOVLW      195
0x01D4	0x1283      	BCF        STATUS, 5
0x01D5	0x1303      	BCF        STATUS, 6
0x01D6	0x059F      	ANDWF      ADCON0, 1
;__Lib_ADC_88X.c,84 :: 		
0x01D7	0x30C0      	MOVLW      192
0x01D8	0x009F      	MOVWF      ADCON0
;__Lib_ADC_88X.c,85 :: 		
0x01D9	0x082C      	MOVF       FARG_ADC_Read_channel, 0
0x01DA	0x00F0      	MOVWF      R0
0x01DB	0x0DF0      	RLF        R0, 1
0x01DC	0x1070      	BCF        R0, 0
0x01DD	0x0DF0      	RLF        R0, 1
0x01DE	0x1070      	BCF        R0, 0
0x01DF	0x0870      	MOVF       R0, 0
0x01E0	0x049F      	IORWF      ADCON0, 1
;__Lib_ADC_88X.c,86 :: 		
0x01E1	0x0921      	COMF       _vref_mask, 0
0x01E2	0x00F0      	MOVWF      R0
0x01E3	0x0870      	MOVF       R0, 0
0x01E4	0x1683      	BSF        STATUS, 5
0x01E5	0x059F      	ANDWF      ADCON1, 1
;__Lib_ADC_88X.c,87 :: 		
0x01E6	0x179F      	BSF        ADCON1, 7
;__Lib_ADC_88X.c,90 :: 		
0x01E7	0x1283      	BCF        STATUS, 5
0x01E8	0x141F      	BSF        ADCON0, 0
;__Lib_ADC_88X.c,93 :: 		
0x01E9	0x20B6      	CALL       _Delay_22us
;__Lib_ADC_88X.c,96 :: 		
0x01EA	0x149F      	BSF        ADCON0, 1
;__Lib_ADC_88X.c,99 :: 		
L_ADC_Read2:
0x01EB	0x1C9F      	BTFSS      ADCON0, 1
0x01EC	0x29EF      	GOTO       L_ADC_Read3
;__Lib_ADC_88X.c,100 :: 		
0x01ED	0x0000      	NOP
0x01EE	0x29EB      	GOTO       L_ADC_Read2
L_ADC_Read3:
;__Lib_ADC_88X.c,103 :: 		
0x01EF	0x101F      	BCF        ADCON0, 0
;__Lib_ADC_88X.c,106 :: 		
0x01F0	0x081E      	MOVF       ADRESH, 0
0x01F1	0x00F1      	MOVWF      R0+1
0x01F2	0x01F0      	CLRF       R0
0x01F3	0x1683      	BSF        STATUS, 5
0x01F4	0x081E      	MOVF       ADRESL, 0
0x01F5	0x04F0      	IORWF      R0, 1
0x01F6	0x3000      	MOVLW      0
0x01F7	0x04F1      	IORWF      R0+1, 1
;__Lib_ADC_88X.c,107 :: 		
L_end_ADC_Read:
0x01F8	0x0008      	RETURN
; end of _ADC_Read
_Div_32x32_FP:
;__Lib_MathDouble.c,761 :: 		
;__Lib_MathDouble.c,773 :: 		
;__Lib_MathDouble.c,776 :: 		
0x01F9	0x1283      	BCF        STATUS, 5
0x01FA	0x1303      	BCF        STATUS, 6
0x01FB	0x0874      	MOVF       R4, 0
0x01FC	0x3A00      	XORLW      0
0x01FD	0x1D03      	BTFSS      STATUS, 2
0x01FE	0x2A14      	GOTO       L_Div_32x32_FP7
;__Lib_MathDouble.c,777 :: 		
0x01FF	0x0875      	MOVF       R5, 0
0x0200	0x3A00      	XORLW      0
0x0201	0x1D03      	BTFSS      STATUS, 2
0x0202	0x2A14      	GOTO       L_Div_32x32_FP8
;__Lib_MathDouble.c,778 :: 		
0x0203	0x0876      	MOVF       R6, 0
0x0204	0x3A00      	XORLW      0
0x0205	0x1D03      	BTFSS      STATUS, 2
0x0206	0x2A14      	GOTO       L_Div_32x32_FP9
;__Lib_MathDouble.c,779 :: 		
0x0207	0x0877      	MOVF       R7, 0
0x0208	0x3A00      	XORLW      0
0x0209	0x1D03      	BTFSS      STATUS, 2
0x020A	0x2A14      	GOTO       L_Div_32x32_FP10
;__Lib_MathDouble.c,780 :: 		
0x020B	0x30FF      	MOVLW      255
0x020C	0x00F0      	MOVWF      R0
;__Lib_MathDouble.c,781 :: 		
0x020D	0x30FF      	MOVLW      255
0x020E	0x00F1      	MOVWF      R1
;__Lib_MathDouble.c,782 :: 		
0x020F	0x307F      	MOVLW      127
0x0210	0x00F2      	MOVWF      R2
;__Lib_MathDouble.c,783 :: 		
0x0211	0x30FF      	MOVLW      255
0x0212	0x00F3      	MOVWF      R3
;__Lib_MathDouble.c,784 :: 		
0x0213	0x2AAF      	GOTO       L_end_Div_32x32_FP
;__Lib_MathDouble.c,785 :: 		
L_Div_32x32_FP10:
L_Div_32x32_FP9:
L_Div_32x32_FP8:
L_Div_32x32_FP7:
;__Lib_MathDouble.c,788 :: 		
0x0214	0x1283      	BCF        STATUS, 5
;__Lib_MathDouble.c,789 :: 		
0x0215	0x1303      	BCF        STATUS, 6
;__Lib_MathDouble.c,791 :: 		
0x0216	0x0877      	MOVF       R7, 0
;__Lib_MathDouble.c,792 :: 		
0x0217	0x1903      	BTFSC      STATUS, 2
;__Lib_MathDouble.c,793 :: 		
0x0218	0x2AA3      	GOTO       JPDSETFDZ32
;__Lib_MathDouble.c,795 :: 		
0x0219	0x0873      	MOVF       R3, 0
;__Lib_MathDouble.c,796 :: 		
0x021A	0x1903      	BTFSC      STATUS, 2
;__Lib_MathDouble.c,797 :: 		
0x021B	0x2AA6      	GOTO       JPDRES032
;__Lib_MathDouble.c,799 :: 		
0x021C	0x0872      	MOVF       R2, 0
;__Lib_MathDouble.c,800 :: 		
0x021D	0x0676      	XORWF      R6, 0
;__Lib_MathDouble.c,801 :: 		
0x021E	0x3980      	ANDLW      128
;__Lib_MathDouble.c,802 :: 		
0x021F	0x00FA      	MOVWF      R10
;__Lib_MathDouble.c,803 :: 		
0x0220	0x17F2      	BSF        R2, 7
;__Lib_MathDouble.c,804 :: 		
0x0221	0x17F6      	BSF        R6, 7
;__Lib_MathDouble.c,806 :: 		
0x0222	0x01A0      	CLRF       __math_tempbD
;__Lib_MathDouble.c,807 :: 		
0x0223	0x0872      	MOVF       R2, 0
;__Lib_MathDouble.c,808 :: 		
0x0224	0x00F8      	MOVWF      R8
;__Lib_MathDouble.c,809 :: 		
0x0225	0x0871      	MOVF       R1, 0
;__Lib_MathDouble.c,810 :: 		
0x0226	0x00FC      	MOVWF      R12
;__Lib_MathDouble.c,811 :: 		
0x0227	0x0870      	MOVF       R0, 0
;__Lib_MathDouble.c,812 :: 		
0x0228	0x00FD      	MOVWF      R13
;__Lib_MathDouble.c,814 :: 		
0x0229	0x0874      	MOVF       R4, 0
;__Lib_MathDouble.c,815 :: 		
0x022A	0x02FD      	SUBWF      R13, 1
;__Lib_MathDouble.c,816 :: 		
0x022B	0x0875      	MOVF       R5, 0
;__Lib_MathDouble.c,817 :: 		
0x022C	0x1C03      	BTFSS      STATUS, 0
;__Lib_MathDouble.c,818 :: 		
0x022D	0x0F75      	INCFSZ     R5, 0
;__Lib_MathDouble.c,820 :: 		
0x022E	0x02FC      	SUBWF      R12, 1
;__Lib_MathDouble.c,821 :: 		
0x022F	0x0876      	MOVF       R6, 0
;__Lib_MathDouble.c,822 :: 		
0x0230	0x1C03      	BTFSS      STATUS, 0
;__Lib_MathDouble.c,823 :: 		
0x0231	0x0F76      	INCFSZ     R6, 0
;__Lib_MathDouble.c,825 :: 		
0x0232	0x02F8      	SUBWF      R8, 1
;__Lib_MathDouble.c,826 :: 		
0x0233	0x01F8      	CLRF       R8
;__Lib_MathDouble.c,827 :: 		
0x0234	0x01FC      	CLRF       R12
;__Lib_MathDouble.c,828 :: 		
0x0235	0x01FD      	CLRF       R13
;__Lib_MathDouble.c,829 :: 		
0x0236	0x1C03      	BTFSS      STATUS, 0
;__Lib_MathDouble.c,830 :: 		
0x0237	0x2A3F      	GOTO       DALIGN32OK
;__Lib_MathDouble.c,832 :: 		
0x0238	0x1003      	BCF        STATUS, 0
;__Lib_MathDouble.c,833 :: 		
0x0239	0x0CF2      	RRF        R2, 1
;__Lib_MathDouble.c,834 :: 		
0x023A	0x0CF1      	RRF        R1, 1
;__Lib_MathDouble.c,835 :: 		
0x023B	0x0CF0      	RRF        R0, 1
;__Lib_MathDouble.c,836 :: 		
0x023C	0x0CF8      	RRF        R8, 1
;__Lib_MathDouble.c,837 :: 		
0x023D	0x3001      	MOVLW      1
;__Lib_MathDouble.c,838 :: 		
0x023E	0x00A0      	MOVWF      __math_tempbD
;__Lib_MathDouble.c,839 :: 		
DALIGN32OK:
;__Lib_MathDouble.c,840 :: 		
0x023F	0x0877      	MOVF       R7, 0
;__Lib_MathDouble.c,841 :: 		
0x0240	0x02F3      	SUBWF      R3, 1
;__Lib_MathDouble.c,842 :: 		
0x0241	0x1C03      	BTFSS      STATUS, 0
;__Lib_MathDouble.c,843 :: 		
0x0242	0x2A49      	GOTO       ALTB32
;__Lib_MathDouble.c,845 :: 		
0x0243	0x307E      	MOVLW      126
;__Lib_MathDouble.c,846 :: 		
0x0244	0x0720      	ADDWF      __math_tempbD, 0
;__Lib_MathDouble.c,847 :: 		
0x0245	0x07F3      	ADDWF      R3, 1
;__Lib_MathDouble.c,848 :: 		
0x0246	0x1803      	BTFSC      STATUS, 0
;__Lib_MathDouble.c,849 :: 		
0x0247	0x2AA9      	GOTO       JPDSETFOV32
;__Lib_MathDouble.c,850 :: 		
0x0248	0x2A4E      	GOTO       DARGOK32
;__Lib_MathDouble.c,851 :: 		
ALTB32:
;__Lib_MathDouble.c,852 :: 		
0x0249	0x307E      	MOVLW      126
;__Lib_MathDouble.c,853 :: 		
0x024A	0x0720      	ADDWF      __math_tempbD, 0
;__Lib_MathDouble.c,854 :: 		
0x024B	0x07F3      	ADDWF      R3, 1
;__Lib_MathDouble.c,855 :: 		
0x024C	0x1C03      	BTFSS      STATUS, 0
;__Lib_MathDouble.c,856 :: 		
0x024D	0x2AAC      	GOTO       JPDSETFUN32
;__Lib_MathDouble.c,857 :: 		
DARGOK32:
;__Lib_MathDouble.c,858 :: 		
0x024E	0x3018      	MOVLW      24
;__Lib_MathDouble.c,860 :: 		
0x024F	0x07FA      	ADDWF      R10, 1
;__Lib_MathDouble.c,861 :: 		
DLOOP32:
;__Lib_MathDouble.c,862 :: 		
0x0250	0x0DFD      	RLF        R13, 1
;__Lib_MathDouble.c,863 :: 		
0x0251	0x0DFC      	RLF        R12, 1
;__Lib_MathDouble.c,864 :: 		
0x0252	0x0DF8      	RLF        R8, 1
;__Lib_MathDouble.c,865 :: 		
0x0253	0x0DF0      	RLF        R0, 1
;__Lib_MathDouble.c,866 :: 		
0x0254	0x0DF1      	RLF        R1, 1
;__Lib_MathDouble.c,867 :: 		
0x0255	0x0DF2      	RLF        R2, 1
;__Lib_MathDouble.c,868 :: 		
0x0256	0x0DA0      	RLF        __math_tempbD, 1
;__Lib_MathDouble.c,870 :: 		
0x0257	0x0874      	MOVF       R4, 0
;__Lib_MathDouble.c,871 :: 		
0x0258	0x02F0      	SUBWF      R0, 1
;__Lib_MathDouble.c,872 :: 		
0x0259	0x0875      	MOVF       R5, 0
;__Lib_MathDouble.c,873 :: 		
0x025A	0x1C03      	BTFSS      STATUS, 0
;__Lib_MathDouble.c,874 :: 		
0x025B	0x0F75      	INCFSZ     R5, 0
;__Lib_MathDouble.c,876 :: 		
0x025C	0x02F1      	SUBWF      R1, 1
;__Lib_MathDouble.c,877 :: 		
0x025D	0x0876      	MOVF       R6, 0
;__Lib_MathDouble.c,878 :: 		
0x025E	0x1C03      	BTFSS      STATUS, 0
;__Lib_MathDouble.c,879 :: 		
0x025F	0x0F76      	INCFSZ     R6, 0
;__Lib_MathDouble.c,881 :: 		
0x0260	0x02F2      	SUBWF      R2, 1
;__Lib_MathDouble.c,882 :: 		
0x0261	0x0D76      	RLF        R6, 0
;__Lib_MathDouble.c,883 :: 		
0x0262	0x04A0      	IORWF      __math_tempbD, 1
;__Lib_MathDouble.c,884 :: 		
0x0263	0x1C20      	BTFSS      __math_tempbD, 0
;__Lib_MathDouble.c,885 :: 		
0x0264	0x2A67      	GOTO       DREST32
;__Lib_MathDouble.c,886 :: 		
0x0265	0x147D      	BSF        R13, 0
;__Lib_MathDouble.c,887 :: 		
0x0266	0x2A72      	GOTO       DOK32
;__Lib_MathDouble.c,888 :: 		
DREST32:
;__Lib_MathDouble.c,889 :: 		
0x0267	0x0874      	MOVF       R4, 0
;__Lib_MathDouble.c,890 :: 		
0x0268	0x07F0      	ADDWF      R0, 1
;__Lib_MathDouble.c,891 :: 		
0x0269	0x0875      	MOVF       R5, 0
;__Lib_MathDouble.c,892 :: 		
0x026A	0x1803      	BTFSC      STATUS, 0
;__Lib_MathDouble.c,893 :: 		
0x026B	0x0F75      	INCFSZ     R5, 0
;__Lib_MathDouble.c,895 :: 		
0x026C	0x07F1      	ADDWF      R1, 1
;__Lib_MathDouble.c,896 :: 		
0x026D	0x0876      	MOVF       R6, 0
;__Lib_MathDouble.c,897 :: 		
0x026E	0x1803      	BTFSC      STATUS, 0
;__Lib_MathDouble.c,898 :: 		
0x026F	0x0A76      	INCF       R6, 0
;__Lib_MathDouble.c,899 :: 		
0x0270	0x07F2      	ADDWF      R2, 1
;__Lib_MathDouble.c,900 :: 		
0x0271	0x107D      	BCF        R13, 0
;__Lib_MathDouble.c,901 :: 		
DOK32:
;__Lib_MathDouble.c,903 :: 		
0x0272	0x03FA      	DECF       R10, 1
;__Lib_MathDouble.c,904 :: 		
0x0273	0x301F      	MOVLW      31
;__Lib_MathDouble.c,905 :: 		
0x0274	0x057A      	ANDWF      R10, 0
;__Lib_MathDouble.c,906 :: 		
0x0275	0x1D03      	BTFSS      STATUS, 2
;__Lib_MathDouble.c,907 :: 		
0x0276	0x2A50      	GOTO       DLOOP32
;__Lib_MathDouble.c,909 :: 		
0x0277	0x1B7B      	BTFSC      R11, 6
;__Lib_MathDouble.c,910 :: 		
0x0278	0x1C7D      	BTFSS      R13, 0
;__Lib_MathDouble.c,911 :: 		
0x0279	0x2A99      	GOTO       DIV32OK
;__Lib_MathDouble.c,912 :: 		
0x027A	0x1003      	BCF        STATUS, 0
;__Lib_MathDouble.c,913 :: 		
0x027B	0x0DF0      	RLF        R0, 1
;__Lib_MathDouble.c,914 :: 		
0x027C	0x0DF1      	RLF        R1, 1
;__Lib_MathDouble.c,915 :: 		
0x027D	0x0DF2      	RLF        R2, 1
;__Lib_MathDouble.c,916 :: 		
0x027E	0x0DA0      	RLF        __math_tempbD, 1
;__Lib_MathDouble.c,918 :: 		
0x027F	0x0874      	MOVF       R4, 0
;__Lib_MathDouble.c,919 :: 		
0x0280	0x02F0      	SUBWF      R0, 1
;__Lib_MathDouble.c,920 :: 		
0x0281	0x0875      	MOVF       R5, 0
;__Lib_MathDouble.c,921 :: 		
0x0282	0x1C03      	BTFSS      STATUS, 0
;__Lib_MathDouble.c,922 :: 		
0x0283	0x0F75      	INCFSZ     R5, 0
;__Lib_MathDouble.c,923 :: 		
0x0284	0x02F1      	SUBWF      R1, 1
;__Lib_MathDouble.c,924 :: 		
0x0285	0x0876      	MOVF       R6, 0
;__Lib_MathDouble.c,925 :: 		
0x0286	0x1C03      	BTFSS      STATUS, 0
;__Lib_MathDouble.c,926 :: 		
0x0287	0x0F76      	INCFSZ     R6, 0
;__Lib_MathDouble.c,927 :: 		
0x0288	0x02F2      	SUBWF      R2, 1
;__Lib_MathDouble.c,928 :: 		
0x0289	0x0D76      	RLF        R6, 0
;__Lib_MathDouble.c,929 :: 		
0x028A	0x0420      	IORWF      __math_tempbD, 0
;__Lib_MathDouble.c,930 :: 		
0x028B	0x3901      	ANDLW      1
;__Lib_MathDouble.c,931 :: 		
0x028C	0x07FD      	ADDWF      R13, 1
;__Lib_MathDouble.c,932 :: 		
0x028D	0x1803      	BTFSC      STATUS, 0
;__Lib_MathDouble.c,933 :: 		
0x028E	0x0AFC      	INCF       R12, 1
;__Lib_MathDouble.c,934 :: 		
0x028F	0x1903      	BTFSC      STATUS, 2
;__Lib_MathDouble.c,935 :: 		
0x0290	0x0AF8      	INCF       R8, 1
;__Lib_MathDouble.c,936 :: 		
0x0291	0x1D03      	BTFSS      STATUS, 2
;__Lib_MathDouble.c,937 :: 		
0x0292	0x2A99      	GOTO       DIV32OK
;__Lib_MathDouble.c,938 :: 		
0x0293	0x0CF8      	RRF        R8, 1
;__Lib_MathDouble.c,939 :: 		
0x0294	0x0CFC      	RRF        R12, 1
;__Lib_MathDouble.c,940 :: 		
0x0295	0x0CFD      	RRF        R13, 1
;__Lib_MathDouble.c,941 :: 		
0x0296	0x0AF3      	INCF       R3, 1
;__Lib_MathDouble.c,942 :: 		
0x0297	0x1903      	BTFSC      STATUS, 2
;__Lib_MathDouble.c,943 :: 		
0x0298	0x2AA9      	GOTO       JPDSETFOV32
;__Lib_MathDouble.c,944 :: 		
DIV32OK:
;__Lib_MathDouble.c,945 :: 		
0x0299	0x1FFA      	BTFSS      R10, 7
;__Lib_MathDouble.c,946 :: 		
0x029A	0x13F8      	BCF        R8, 7
;__Lib_MathDouble.c,947 :: 		
0x029B	0x0878      	MOVF       R8, 0
;__Lib_MathDouble.c,948 :: 		
0x029C	0x00F2      	MOVWF      R2
;__Lib_MathDouble.c,949 :: 		
0x029D	0x087C      	MOVF       R12, 0
;__Lib_MathDouble.c,950 :: 		
0x029E	0x00F1      	MOVWF      R1
;__Lib_MathDouble.c,951 :: 		
0x029F	0x087D      	MOVF       R13, 0
;__Lib_MathDouble.c,952 :: 		
0x02A0	0x00F0      	MOVWF      R0
;__Lib_MathDouble.c,954 :: 		
0x02A1	0x3000      	MOVLW      0
;__Lib_MathDouble.c,956 :: 		
0x02A2	0x2AAE      	GOTO       DIV32EEE
;__Lib_MathDouble.c,957 :: 		
JPDSETFDZ32:
;__Lib_MathDouble.c,958 :: 		
0x02A3	0x3001      	MOVLW      1
;__Lib_MathDouble.c,961 :: 		
0x02A4	0x20BE      	CALL       _SETFDZ32
;__Lib_MathDouble.c,963 :: 		
0x02A5	0x2AAE      	GOTO       DIV32EEE
;__Lib_MathDouble.c,964 :: 		
JPDRES032:
;__Lib_MathDouble.c,965 :: 		
0x02A6	0x3002      	MOVLW      2
;__Lib_MathDouble.c,968 :: 		
0x02A7	0x2003      	CALL       _RES032
;__Lib_MathDouble.c,970 :: 		
0x02A8	0x2AAE      	GOTO       DIV32EEE
;__Lib_MathDouble.c,971 :: 		
JPDSETFOV32:
;__Lib_MathDouble.c,972 :: 		
0x02A9	0x3004      	MOVLW      4
;__Lib_MathDouble.c,975 :: 		
0x02AA	0x200A      	CALL       _SETFOV32
;__Lib_MathDouble.c,977 :: 		
0x02AB	0x2AAE      	GOTO       DIV32EEE
;__Lib_MathDouble.c,978 :: 		
JPDSETFUN32:
;__Lib_MathDouble.c,979 :: 		
0x02AC	0x3008      	MOVLW      8
;__Lib_MathDouble.c,982 :: 		
0x02AD	0x201A      	CALL       _SETFUN32
;__Lib_MathDouble.c,984 :: 		
DIV32EEE:
;__Lib_MathDouble.c,985 :: 		
0x02AE	0x0000      	NOP
;__Lib_MathDouble.c,994 :: 		
L_end_Div_32x32_FP:
0x02AF	0x0008      	RETURN
; end of _Div_32x32_FP
_main:
0x02B0	0x235A      	CALL       858
;navidad.c,4 :: 		void main() {
;navidad.c,5 :: 		char cuentaMax = 60;
0x02B1	0x303C      	MOVLW      60
0x02B2	0x1283      	BCF        STATUS, 5
0x02B3	0x1303      	BCF        STATUS, 6
0x02B4	0x00AB      	MOVWF      main_cuentaMax_L0
;navidad.c,6 :: 		char cuenta = cuentaMax;
0x02B5	0x082B      	MOVF       main_cuentaMax_L0, 0
0x02B6	0x00AA      	MOVWF      main_cuenta_L0
;navidad.c,7 :: 		ANSEL  = 0x01;
0x02B7	0x3001      	MOVLW      1
0x02B8	0x1683      	BSF        STATUS, 5
0x02B9	0x1703      	BSF        STATUS, 6
0x02BA	0x0088      	MOVWF      ANSEL
;navidad.c,8 :: 		ANSELH = 0x00;
0x02BB	0x0189      	CLRF       ANSELH
;navidad.c,9 :: 		C1ON_bit = 0;               // Disable comparators
0x02BC	0x1283      	BCF        STATUS, 5
0x02BD	0x1387      	BCF        C1ON_bit, BitPos(C1ON_bit+0)
;navidad.c,10 :: 		C2ON_bit = 0;
0x02BE	0x1388      	BCF        C2ON_bit, BitPos(C2ON_bit+0)
;navidad.c,11 :: 		TRISA  = 0xFF;
0x02BF	0x30FF      	MOVLW      255
0x02C0	0x1683      	BSF        STATUS, 5
0x02C1	0x1303      	BCF        STATUS, 6
0x02C2	0x0085      	MOVWF      TRISA
;navidad.c,12 :: 		OPTION_REG = OPTION_REG & 0x7F;
0x02C3	0x307F      	MOVLW      127
0x02C4	0x0581      	ANDWF      OPTION_REG, 1
;navidad.c,13 :: 		PORTB = 0xFF;
0x02C5	0x30FF      	MOVLW      255
0x02C6	0x1283      	BCF        STATUS, 5
0x02C7	0x0086      	MOVWF      PORTB
;navidad.c,15 :: 		TRISC = 0x01;
0x02C8	0x3001      	MOVLW      1
0x02C9	0x1683      	BSF        STATUS, 5
0x02CA	0x0087      	MOVWF      TRISC
;navidad.c,16 :: 		PORTC = 0x00;
0x02CB	0x1283      	BCF        STATUS, 5
0x02CC	0x0187      	CLRF       PORTC
;navidad.c,17 :: 		if(!PORTB.RB1){      //apaga todo
0x02CD	0x1886      	BTFSC      PORTB, 1
0x02CE	0x2B50      	GOTO       L_main0
;navidad.c,18 :: 		while(1){
L_main1:
;navidad.c,19 :: 		if(!(PORTB.RB2)){  //funciona luz y movimiento o siempre prendido
0x02CF	0x1906      	BTFSC      PORTB, 2
0x02D0	0x2B40      	GOTO       L_main3
;navidad.c,20 :: 		luz = 0;
0x02D1	0x01A6      	CLRF       _luz
0x02D2	0x01A7      	CLRF       _luz+1
0x02D3	0x01A8      	CLRF       _luz+2
0x02D4	0x01A9      	CLRF       _luz+3
;navidad.c,21 :: 		for(i=0;i<5;i++){
0x02D5	0x01A2      	CLRF       _i
0x02D6	0x01A3      	CLRF       _i+1
L_main4:
0x02D7	0x3080      	MOVLW      128
0x02D8	0x0623      	XORWF      _i+1, 0
0x02D9	0x00F0      	MOVWF      R0
0x02DA	0x3080      	MOVLW      128
0x02DB	0x0270      	SUBWF      R0, 0
0x02DC	0x1D03      	BTFSS      STATUS, 2
0x02DD	0x2AE0      	GOTO       L__main22
0x02DE	0x3005      	MOVLW      5
0x02DF	0x0222      	SUBWF      _i, 0
L__main22:
0x02E0	0x1803      	BTFSC      STATUS, 0
0x02E1	0x2AFA      	GOTO       L_main5
;navidad.c,22 :: 		luz += ADC_Read(0);
0x02E2	0x01AC      	CLRF       FARG_ADC_Read_channel
0x02E3	0x21D3      	CALL       _ADC_Read
0x02E4	0x2161      	CALL       _word2double
0x02E5	0x0826      	MOVF       _luz, 0
0x02E6	0x00F4      	MOVWF      R4
0x02E7	0x0827      	MOVF       _luz+1, 0
0x02E8	0x00F5      	MOVWF      R4+1
0x02E9	0x0828      	MOVF       _luz+2, 0
0x02EA	0x00F6      	MOVWF      R4+2
0x02EB	0x0829      	MOVF       _luz+3, 0
0x02EC	0x00F7      	MOVWF      R4+3
0x02ED	0x20C1      	CALL       _Add_32x32_FP
0x02EE	0x0870      	MOVF       R0, 0
0x02EF	0x00A6      	MOVWF      _luz
0x02F0	0x0871      	MOVF       R0+1, 0
0x02F1	0x00A7      	MOVWF      _luz+1
0x02F2	0x0872      	MOVF       R0+2, 0
0x02F3	0x00A8      	MOVWF      _luz+2
0x02F4	0x0873      	MOVF       R0+3, 0
0x02F5	0x00A9      	MOVWF      _luz+3
;navidad.c,21 :: 		for(i=0;i<5;i++){
0x02F6	0x0AA2      	INCF       _i, 1
0x02F7	0x1903      	BTFSC      STATUS, 2
0x02F8	0x0AA3      	INCF       _i+1, 1
;navidad.c,23 :: 		}
0x02F9	0x2AD7      	GOTO       L_main4
L_main5:
;navidad.c,24 :: 		luz = luz / 5;
0x02FA	0x3000      	MOVLW      0
0x02FB	0x00F4      	MOVWF      R4
0x02FC	0x3000      	MOVLW      0
0x02FD	0x00F5      	MOVWF      R4+1
0x02FE	0x3020      	MOVLW      32
0x02FF	0x00F6      	MOVWF      R4+2
0x0300	0x3081      	MOVLW      129
0x0301	0x00F7      	MOVWF      R4+3
0x0302	0x0826      	MOVF       _luz, 0
0x0303	0x00F0      	MOVWF      R0
0x0304	0x0827      	MOVF       _luz+1, 0
0x0305	0x00F1      	MOVWF      R0+1
0x0306	0x0828      	MOVF       _luz+2, 0
0x0307	0x00F2      	MOVWF      R0+2
0x0308	0x0829      	MOVF       _luz+3, 0
0x0309	0x00F3      	MOVWF      R0+3
0x030A	0x21F9      	CALL       _Div_32x32_FP
0x030B	0x0870      	MOVF       R0, 0
0x030C	0x00A6      	MOVWF      _luz
0x030D	0x0871      	MOVF       R0+1, 0
0x030E	0x00A7      	MOVWF      _luz+1
0x030F	0x0872      	MOVF       R0+2, 0
0x0310	0x00A8      	MOVWF      _luz+2
0x0311	0x0873      	MOVF       R0+3, 0
0x0312	0x00A9      	MOVWF      _luz+3
;navidad.c,25 :: 		if(luz < 700){
0x0313	0x3000      	MOVLW      0
0x0314	0x00F4      	MOVWF      R4
0x0315	0x3000      	MOVLW      0
0x0316	0x00F5      	MOVWF      R4+1
0x0317	0x302F      	MOVLW      47
0x0318	0x00F6      	MOVWF      R4+2
0x0319	0x3088      	MOVLW      136
0x031A	0x00F7      	MOVWF      R4+3
0x031B	0x2177      	CALL       _Compare_Double
0x031C	0x3001      	MOVLW      1
0x031D	0x1803      	BTFSC      STATUS, 0
0x031E	0x3000      	MOVLW      0
0x031F	0x00F0      	MOVWF      R0
0x0320	0x0870      	MOVF       R0, 0
0x0321	0x1903      	BTFSC      STATUS, 2
0x0322	0x2B37      	GOTO       L_main7
;navidad.c,26 :: 		if(PORTC && 0x01){
0x0323	0x0807      	MOVF       PORTC, 0
0x0324	0x1903      	BTFSC      STATUS, 2
0x0325	0x2B37      	GOTO       L_main10
L__main20:
;navidad.c,27 :: 		Delay_ms(200);
0x0326	0x3003      	MOVLW      3
0x0327	0x00FB      	MOVWF      R11
0x0328	0x3008      	MOVLW      8
0x0329	0x00FC      	MOVWF      R12
0x032A	0x3077      	MOVLW      119
0x032B	0x00FD      	MOVWF      R13
L_main11:
0x032C	0x0BFD      	DECFSZ     R13, 1
0x032D	0x2B2C      	GOTO       L_main11
0x032E	0x0BFC      	DECFSZ     R12, 1
0x032F	0x2B2C      	GOTO       L_main11
0x0330	0x0BFB      	DECFSZ     R11, 1
0x0331	0x2B2C      	GOTO       L_main11
;navidad.c,28 :: 		if(PORTC && 0x01){
0x0332	0x0807      	MOVF       PORTC, 0
0x0333	0x1903      	BTFSC      STATUS, 2
0x0334	0x2B37      	GOTO       L_main14
L__main19:
;navidad.c,29 :: 		cuenta = cuentaMax;
0x0335	0x082B      	MOVF       main_cuentaMax_L0, 0
0x0336	0x00AA      	MOVWF      main_cuenta_L0
;navidad.c,30 :: 		}
L_main14:
;navidad.c,31 :: 		}
L_main10:
;navidad.c,32 :: 		}
L_main7:
;navidad.c,33 :: 		if(cuenta > 0){
0x0337	0x082A      	MOVF       main_cuenta_L0, 0
0x0338	0x3C00      	SUBLW      0
0x0339	0x1803      	BTFSC      STATUS, 0
0x033A	0x2B3E      	GOTO       L_main15
;navidad.c,34 :: 		PORTC.RC1 = 1;
0x033B	0x1487      	BSF        PORTC, 1
;navidad.c,35 :: 		cuenta--;
0x033C	0x03AA      	DECF       main_cuenta_L0, 1
;navidad.c,36 :: 		}else{
0x033D	0x2B3F      	GOTO       L_main16
L_main15:
;navidad.c,37 :: 		PORTC.RC1 = 0;
0x033E	0x1087      	BCF        PORTC, 1
;navidad.c,38 :: 		}
L_main16:
;navidad.c,39 :: 		}else{
0x033F	0x2B41      	GOTO       L_main17
L_main3:
;navidad.c,40 :: 		PORTC.RC1 = 1;
0x0340	0x1487      	BSF        PORTC, 1
;navidad.c,41 :: 		}
L_main17:
;navidad.c,42 :: 		Delay_ms(1000);
0x0341	0x300B      	MOVLW      11
0x0342	0x00FB      	MOVWF      R11
0x0343	0x3026      	MOVLW      38
0x0344	0x00FC      	MOVWF      R12
0x0345	0x305D      	MOVLW      93
0x0346	0x00FD      	MOVWF      R13
L_main18:
0x0347	0x0BFD      	DECFSZ     R13, 1
0x0348	0x2B47      	GOTO       L_main18
0x0349	0x0BFC      	DECFSZ     R12, 1
0x034A	0x2B47      	GOTO       L_main18
0x034B	0x0BFB      	DECFSZ     R11, 1
0x034C	0x2B47      	GOTO       L_main18
0x034D	0x0000      	NOP
0x034E	0x0000      	NOP
;navidad.c,43 :: 		}
0x034F	0x2ACF      	GOTO       L_main1
;navidad.c,44 :: 		}
L_main0:
;navidad.c,45 :: 		}
L_end_main:
0x0350	0x2B50      	GOTO       $+0
; end of _main
0x035A	0x3021      	MOVLW      33
0x035B	0x0084      	MOVWF      FSR
0x035C	0x3003      	MOVLW      3
0x035D	0x1283      	BCF        STATUS, 5
0x035E	0x1303      	BCF        STATUS, 6
0x035F	0x00F0      	MOVWF      R0
0x0360	0x3056      	MOVLW      86
0x0361	0x00A4      	MOVWF      ___DoICPAddr
0x0362	0x3003      	MOVLW      3
0x0363	0x00A5      	MOVWF      37
0x0364	0x21C7      	CALL       455
0x0365	0x0008      	RETURN
;__Lib_ADC_88X.c,0 :: ?ICS_vref_mask
0x0356	0x3430 ;?ICS_vref_mask+0
; end of ?ICS_vref_mask
;navidad.c,0 :: ?ICS_i
0x0357	0x3400 ;?ICS_i+0
0x0358	0x3400 ;?ICS_i+1
; end of ?ICS_i
Symbol List:
//** Routines locations **
//ADDRESS    SIZE    PROCEDURE
//----------------------------------------------
0x0003       [7]    _RES032
0x000A      [12]    _SETFOV32
0x0016       [4]    _FIXSIGN32
0x001A      [12]    _SETFUN32
0x0026       [7]    _____DoICP
0x002D      [47]    _NRM3232
0x005C      [90]    _NRM4032
0x00B6       [8]    _Delay_22us
0x00BE       [3]    _SETFDZ32
0x00C1     [160]    _Add_32x32_FP
0x0161      [22]    _word2double
0x0177      [80]    _Compare_Double
0x01C7      [12]    ___CC2DW
0x01D3      [38]    _ADC_Read
0x01F9     [183]    _Div_32x32_FP
0x02B0     [160]    _main
//** Variables locations ** 
//ADDRESS    SIZE    VARIABLE
//----------------------------------------------
0x0000       [1]    INDF
0x0002       [1]    PCL
0x0003       [1]    STATUS
0x0004       [1]    FSR
0x0006       [1]    PORTB
0x0007       [1]    PORTC
0x000A       [1]    PCLATH
0x001E       [1]    ADRESH
0x001F       [1]    ADCON0
0x0020       [1]    __math_tempbD
0x0021       [1]    _vref_mask
0x0022       [2]    _i
0x0024       [2]    ___DoICPAddr
0x0026       [4]    _luz
0x002A       [1]    main_cuenta_L0
0x002B       [1]    main_cuentaMax_L0
0x002C       [1]    FARG_ADC_Read_channel
0x0070       [1]    R0
0x0071       [1]    R1
0x0072       [1]    R2
0x0073       [1]    R3
0x0074       [1]    R4
0x0075       [1]    R5
0x0076       [1]    R6
0x0077       [1]    R7
0x0078       [1]    R8
0x0079       [1]    R9
0x007A       [1]    R10
0x007B       [1]    R11
0x007C       [1]    R12
0x007D       [1]    R13
0x007E       [1]    R14
0x007F       [1]    R15
0x0081       [1]    OPTION_REG
0x0085       [1]    TRISA
0x0087       [1]    TRISC
0x009E       [1]    ADRESL
0x009F       [1]    ADCON1
0x0107       [0]    C1ON_bit
0x0108       [0]    C2ON_bit
0x0188       [1]    ANSEL
0x0189       [1]    ANSELH
//** Constants locations ** 
//ADDRESS    SIZE    CONSTANT
//----------------------------------------------
0x0356       [1]    ?ICS_vref_mask
0x0357       [2]    ?ICS_i
