;  LST file generated by mikroListExporter - v.2.0 
; Date/Time: 16/10/2019 09:41:47 a. m.
;----------------------------------------------

;Address Opcode 	ASM
0x0000	0x2C46      	GOTO       1094
_Delay_Cyc:
;__Lib_Delays.c,65 :: 		void Delay_Cyc(char cycles_div_by_10)  { // Cycles_div_by_10: min 3, max 255
;__Lib_Delays.c,67 :: 		--cycles_div_by_10;
0x0003	0x1283      	BCF        STATUS, 5
0x0004	0x1303      	BCF        STATUS, 6
0x0005	0x03CF      	DECF       FARG_Delay_Cyc_cycles_div_by_10, 1
;__Lib_Delays.c,68 :: 		--cycles_div_by_10;
0x0006	0x03CF      	DECF       FARG_Delay_Cyc_cycles_div_by_10, 1
;__Lib_Delays.c,69 :: 		while (cycles_div_by_10 > 0) {
L_Delay_Cyc13:
0x0007	0x084F      	MOVF       FARG_Delay_Cyc_cycles_div_by_10, 0
0x0008	0x3C00      	SUBLW      0
0x0009	0x1803      	BTFSC      STATUS, 0
0x000A	0x2810      	GOTO       L_Delay_Cyc14
;__Lib_Delays.c,70 :: 		--cycles_div_by_10;
0x000B	0x03CF      	DECF       FARG_Delay_Cyc_cycles_div_by_10, 1
;__Lib_Delays.c,71 :: 		asm nop;
0x000C	0x0000      	NOP
;__Lib_Delays.c,72 :: 		asm nop;
0x000D	0x0000      	NOP
;__Lib_Delays.c,73 :: 		asm nop;
0x000E	0x0000      	NOP
;__Lib_Delays.c,74 :: 		}
0x000F	0x2807      	GOTO       L_Delay_Cyc13
L_Delay_Cyc14:
;__Lib_Delays.c,75 :: 		asm nop;
0x0010	0x0000      	NOP
;__Lib_Delays.c,76 :: 		asm nop;
0x0011	0x0000      	NOP
;__Lib_Delays.c,77 :: 		asm nop;
0x0012	0x0000      	NOP
;__Lib_Delays.c,78 :: 		asm nop;
0x0013	0x0000      	NOP
;__Lib_Delays.c,79 :: 		asm nop;
0x0014	0x0000      	NOP
;__Lib_Delays.c,80 :: 		}
L_end_Delay_Cyc:
0x0015	0x0008      	RETURN
; end of _Delay_Cyc
_Div_16X16_U:
;__Lib_Math.c,215 :: 		
;__Lib_Math.c,222 :: 		
0x0016	0x1283      	BCF        STATUS, 5
;__Lib_Math.c,223 :: 		
0x0017	0x1303      	BCF        STATUS, 6
;__Lib_Math.c,224 :: 		
0x0018	0x01F8      	CLRF       R8
;__Lib_Math.c,225 :: 		
0x0019	0x01F9      	CLRF       R9
;__Lib_Math.c,226 :: 		
0x001A	0x3010      	MOVLW      16
;__Lib_Math.c,227 :: 		
0x001B	0x00FC      	MOVWF      R12
;__Lib_Math.c,228 :: 		
0x001C	0x0D71      	RLF        R1, 0
;__Lib_Math.c,229 :: 		
0x001D	0x0DF8      	RLF        R8, 1
;__Lib_Math.c,230 :: 		
0x001E	0x0DF9      	RLF        R9, 1
;__Lib_Math.c,231 :: 		
0x001F	0x0874      	MOVF       R4, 0
;__Lib_Math.c,232 :: 		
0x0020	0x02F8      	SUBWF      R8, 1
;__Lib_Math.c,233 :: 		
0x0021	0x0875      	MOVF       R5, 0
;__Lib_Math.c,234 :: 		
0x0022	0x1C03      	BTFSS      STATUS, 0
;__Lib_Math.c,235 :: 		
0x0023	0x0F75      	INCFSZ     R5, 0
;__Lib_Math.c,236 :: 		
0x0024	0x02F9      	SUBWF      R9, 1
;__Lib_Math.c,237 :: 		
0x0025	0x1803      	BTFSC      STATUS, 0
;__Lib_Math.c,238 :: 		
0x0026	0x282E      	GOTO       $+8
;__Lib_Math.c,239 :: 		
0x0027	0x0874      	MOVF       R4, 0
;__Lib_Math.c,240 :: 		
0x0028	0x07F8      	ADDWF      R8, 1
;__Lib_Math.c,241 :: 		
0x0029	0x0875      	MOVF       R5, 0
;__Lib_Math.c,242 :: 		
0x002A	0x1803      	BTFSC      STATUS, 0
;__Lib_Math.c,243 :: 		
0x002B	0x0F75      	INCFSZ     R5, 0
;__Lib_Math.c,244 :: 		
0x002C	0x07F9      	ADDWF      R9, 1
;__Lib_Math.c,245 :: 		
0x002D	0x1003      	BCF        STATUS, 0
;__Lib_Math.c,246 :: 		
0x002E	0x0DF0      	RLF        R0, 1
;__Lib_Math.c,247 :: 		
0x002F	0x0DF1      	RLF        R1, 1
;__Lib_Math.c,248 :: 		
0x0030	0x0BFC      	DECFSZ     R12, 1
;__Lib_Math.c,249 :: 		
0x0031	0x281C      	GOTO       $-21
;__Lib_Math.c,251 :: 		
L_end_Div_16X16_U:
0x0032	0x0008      	RETURN
; end of _Div_16X16_U
_Get_Fosc_kHz:
;__Lib_Delays.c,1 :: 		unsigned long Get_Fosc_kHz(){
;__Lib_Delays.c,3 :: 		return Clock_kHz();
0x0033	0x3040      	MOVLW      64
0x0034	0x1283      	BCF        STATUS, 5
0x0035	0x1303      	BCF        STATUS, 6
0x0036	0x00F0      	MOVWF      R0
0x0037	0x301F      	MOVLW      31
0x0038	0x00F1      	MOVWF      R0+1
0x0039	0x01F2      	CLRF       R0+2
0x003A	0x01F3      	CLRF       R0+3
;__Lib_Delays.c,5 :: 		}
L_end_Get_Fosc_kHz:
0x003B	0x0008      	RETURN
; end of _Get_Fosc_kHz
_Div_32x32_U:
;__Lib_Math.c,1318 :: 		
;__Lib_Math.c,1327 :: 		
;__Lib_Math.c,1329 :: 		
0x003C	0x1283      	BCF        STATUS, 5
;__Lib_Math.c,1330 :: 		
0x003D	0x1303      	BCF        STATUS, 6
;__Lib_Math.c,1331 :: 		
0x003E	0x01FB      	CLRF       R11
;__Lib_Math.c,1332 :: 		
0x003F	0x01FA      	CLRF       R10
;__Lib_Math.c,1333 :: 		
0x0040	0x01F9      	CLRF       R9
;__Lib_Math.c,1334 :: 		
0x0041	0x01F8      	CLRF       R8
;__Lib_Math.c,1336 :: 		
0x0042	0x01A0      	CLRF       ___math_tempb
;__Lib_Math.c,1338 :: 		
0x0043	0x0D73      	RLF        R3, 0
;__Lib_Math.c,1339 :: 		
0x0044	0x0DF8      	RLF        R8, 1
;__Lib_Math.c,1340 :: 		
0x0045	0x0874      	MOVF       R4, 0
;__Lib_Math.c,1341 :: 		
0x0046	0x02F8      	SUBWF      R8, 1
;__Lib_Math.c,1342 :: 		
0x0047	0x0875      	MOVF       R5, 0
;__Lib_Math.c,1343 :: 		
0x0048	0x1C03      	BTFSS      STATUS, 0
;__Lib_Math.c,1344 :: 		
0x0049	0x0F75      	INCFSZ     R5, 0
;__Lib_Math.c,1345 :: 		
0x004A	0x02F9      	SUBWF      R9, 1
;__Lib_Math.c,1346 :: 		
0x004B	0x0876      	MOVF       R6, 0
;__Lib_Math.c,1347 :: 		
0x004C	0x1C03      	BTFSS      STATUS, 0
;__Lib_Math.c,1348 :: 		
0x004D	0x0F76      	INCFSZ     R6, 0
;__Lib_Math.c,1349 :: 		
0x004E	0x02FA      	SUBWF      R10, 1
;__Lib_Math.c,1350 :: 		
0x004F	0x0877      	MOVF       R7, 0
;__Lib_Math.c,1351 :: 		
0x0050	0x1C03      	BTFSS      STATUS, 0
;__Lib_Math.c,1352 :: 		
0x0051	0x0F77      	INCFSZ     R7, 0
;__Lib_Math.c,1353 :: 		
0x0052	0x02FB      	SUBWF      R11, 1
;__Lib_Math.c,1355 :: 		
0x0053	0x0100      	CLRW
;__Lib_Math.c,1356 :: 		
0x0054	0x1C03      	BTFSS      STATUS, 0
;__Lib_Math.c,1357 :: 		
0x0055	0x3001      	MOVLW      1
;__Lib_Math.c,1358 :: 		
0x0056	0x02A0      	SUBWF      ___math_tempb, 1
;__Lib_Math.c,1359 :: 		
0x0057	0x0DF3      	RLF        R3, 1
;__Lib_Math.c,1361 :: 		
0x0058	0x3007      	MOVLW      7
;__Lib_Math.c,1362 :: 		
0x0059	0x00FC      	MOVWF      R12
;__Lib_Math.c,1364 :: 		
LOOPU3232A:
;__Lib_Math.c,1365 :: 		
0x005A	0x0D73      	RLF        R3, 0
;__Lib_Math.c,1366 :: 		
0x005B	0x0DF8      	RLF        R8, 1
;__Lib_Math.c,1367 :: 		
0x005C	0x0DF9      	RLF        R9, 1
;__Lib_Math.c,1368 :: 		
0x005D	0x0DFA      	RLF        R10, 1
;__Lib_Math.c,1369 :: 		
0x005E	0x0DFB      	RLF        R11, 1
;__Lib_Math.c,1370 :: 		
0x005F	0x0DA0      	RLF        ___math_tempb, 1
;__Lib_Math.c,1371 :: 		
0x0060	0x0874      	MOVF       R4, 0
;__Lib_Math.c,1372 :: 		
0x0061	0x1C73      	BTFSS      R3, 0
;__Lib_Math.c,1373 :: 		
0x0062	0x2875      	GOTO       UADD22LA
;__Lib_Math.c,1375 :: 		
0x0063	0x02F8      	SUBWF      R8, 1
;__Lib_Math.c,1376 :: 		
0x0064	0x0875      	MOVF       R5, 0
;__Lib_Math.c,1377 :: 		
0x0065	0x1C03      	BTFSS      STATUS, 0
;__Lib_Math.c,1378 :: 		
0x0066	0x0F75      	INCFSZ     R5, 0
;__Lib_Math.c,1379 :: 		
0x0067	0x02F9      	SUBWF      R9, 1
;__Lib_Math.c,1380 :: 		
0x0068	0x0876      	MOVF       R6, 0
;__Lib_Math.c,1381 :: 		
0x0069	0x1C03      	BTFSS      STATUS, 0
;__Lib_Math.c,1382 :: 		
0x006A	0x0F76      	INCFSZ     R6, 0
;__Lib_Math.c,1383 :: 		
0x006B	0x02FA      	SUBWF      R10, 1
;__Lib_Math.c,1384 :: 		
0x006C	0x0877      	MOVF       R7, 0
;__Lib_Math.c,1385 :: 		
0x006D	0x1C03      	BTFSS      STATUS, 0
;__Lib_Math.c,1386 :: 		
0x006E	0x0F77      	INCFSZ     R7, 0
;__Lib_Math.c,1387 :: 		
0x006F	0x02FB      	SUBWF      R11, 1
;__Lib_Math.c,1388 :: 		
0x0070	0x0100      	CLRW
;__Lib_Math.c,1389 :: 		
0x0071	0x1C03      	BTFSS      STATUS, 0
;__Lib_Math.c,1390 :: 		
0x0072	0x3001      	MOVLW      1
;__Lib_Math.c,1391 :: 		
0x0073	0x02A0      	SUBWF      ___math_tempb, 1
;__Lib_Math.c,1392 :: 		
0x0074	0x2886      	GOTO       UOK22LA
;__Lib_Math.c,1394 :: 		
UADD22LA:
;__Lib_Math.c,1395 :: 		
0x0075	0x07F8      	ADDWF      R8, 1
;__Lib_Math.c,1396 :: 		
0x0076	0x0875      	MOVF       R5, 0
;__Lib_Math.c,1397 :: 		
0x0077	0x1803      	BTFSC      STATUS, 0
;__Lib_Math.c,1398 :: 		
0x0078	0x0F75      	INCFSZ     R5, 0
;__Lib_Math.c,1399 :: 		
0x0079	0x07F9      	ADDWF      R9, 1
;__Lib_Math.c,1400 :: 		
0x007A	0x0876      	MOVF       R6, 0
;__Lib_Math.c,1401 :: 		
0x007B	0x1803      	BTFSC      STATUS, 0
;__Lib_Math.c,1402 :: 		
0x007C	0x0F76      	INCFSZ     R6, 0
;__Lib_Math.c,1403 :: 		
0x007D	0x07FA      	ADDWF      R10, 1
;__Lib_Math.c,1404 :: 		
0x007E	0x0877      	MOVF       R7, 0
;__Lib_Math.c,1405 :: 		
0x007F	0x1803      	BTFSC      STATUS, 0
;__Lib_Math.c,1406 :: 		
0x0080	0x0F77      	INCFSZ     R7, 0
;__Lib_Math.c,1407 :: 		
0x0081	0x07FB      	ADDWF      R11, 1
;__Lib_Math.c,1408 :: 		
0x0082	0x0100      	CLRW
;__Lib_Math.c,1409 :: 		
0x0083	0x1803      	BTFSC      STATUS, 0
;__Lib_Math.c,1410 :: 		
0x0084	0x3001      	MOVLW      1
;__Lib_Math.c,1411 :: 		
0x0085	0x07A0      	ADDWF      ___math_tempb, 1
;__Lib_Math.c,1413 :: 		
UOK22LA:
;__Lib_Math.c,1414 :: 		
0x0086	0x0DF3      	RLF        R3, 1
;__Lib_Math.c,1416 :: 		
0x0087	0x0BFC      	DECFSZ     R12, 1
;__Lib_Math.c,1417 :: 		
0x0088	0x285A      	GOTO       LOOPU3232A
;__Lib_Math.c,1419 :: 		
0x0089	0x0D72      	RLF        R2, 0
;__Lib_Math.c,1420 :: 		
0x008A	0x0DF8      	RLF        R8, 1
;__Lib_Math.c,1421 :: 		
0x008B	0x0DF9      	RLF        R9, 1
;__Lib_Math.c,1422 :: 		
0x008C	0x0DFA      	RLF        R10, 1
;__Lib_Math.c,1423 :: 		
0x008D	0x0DFB      	RLF        R11, 1
;__Lib_Math.c,1424 :: 		
0x008E	0x0DA0      	RLF        ___math_tempb, 1
;__Lib_Math.c,1425 :: 		
0x008F	0x0874      	MOVF       R4, 0
;__Lib_Math.c,1426 :: 		
0x0090	0x1C73      	BTFSS      R3, 0
;__Lib_Math.c,1427 :: 		
0x0091	0x28A4      	GOTO       UADD22L8
;__Lib_Math.c,1429 :: 		
0x0092	0x02F8      	SUBWF      R8, 1
;__Lib_Math.c,1430 :: 		
0x0093	0x0875      	MOVF       R5, 0
;__Lib_Math.c,1431 :: 		
0x0094	0x1C03      	BTFSS      STATUS, 0
;__Lib_Math.c,1432 :: 		
0x0095	0x0F75      	INCFSZ     R5, 0
;__Lib_Math.c,1433 :: 		
0x0096	0x02F9      	SUBWF      R9, 1
;__Lib_Math.c,1434 :: 		
0x0097	0x0876      	MOVF       R6, 0
;__Lib_Math.c,1435 :: 		
0x0098	0x1C03      	BTFSS      STATUS, 0
;__Lib_Math.c,1436 :: 		
0x0099	0x0F76      	INCFSZ     R6, 0
;__Lib_Math.c,1437 :: 		
0x009A	0x02FA      	SUBWF      R10, 1
;__Lib_Math.c,1438 :: 		
0x009B	0x0877      	MOVF       R7, 0
;__Lib_Math.c,1439 :: 		
0x009C	0x1C03      	BTFSS      STATUS, 0
;__Lib_Math.c,1440 :: 		
0x009D	0x0F77      	INCFSZ     R7, 0
;__Lib_Math.c,1441 :: 		
0x009E	0x02FB      	SUBWF      R11, 1
;__Lib_Math.c,1442 :: 		
0x009F	0x0100      	CLRW
;__Lib_Math.c,1443 :: 		
0x00A0	0x1C03      	BTFSS      STATUS, 0
;__Lib_Math.c,1444 :: 		
0x00A1	0x3001      	MOVLW      1
;__Lib_Math.c,1445 :: 		
0x00A2	0x02A0      	SUBWF      ___math_tempb, 1
;__Lib_Math.c,1446 :: 		
0x00A3	0x28B5      	GOTO       UOK22L8
;__Lib_Math.c,1448 :: 		
UADD22L8:
;__Lib_Math.c,1449 :: 		
0x00A4	0x07F8      	ADDWF      R8, 1
;__Lib_Math.c,1450 :: 		
0x00A5	0x0875      	MOVF       R5, 0
;__Lib_Math.c,1451 :: 		
0x00A6	0x1803      	BTFSC      STATUS, 0
;__Lib_Math.c,1452 :: 		
0x00A7	0x0F75      	INCFSZ     R5, 0
;__Lib_Math.c,1453 :: 		
0x00A8	0x07F9      	ADDWF      R9, 1
;__Lib_Math.c,1454 :: 		
0x00A9	0x0876      	MOVF       R6, 0
;__Lib_Math.c,1455 :: 		
0x00AA	0x1803      	BTFSC      STATUS, 0
;__Lib_Math.c,1456 :: 		
0x00AB	0x0F76      	INCFSZ     R6, 0
;__Lib_Math.c,1457 :: 		
0x00AC	0x07FA      	ADDWF      R10, 1
;__Lib_Math.c,1458 :: 		
0x00AD	0x0877      	MOVF       R7, 0
;__Lib_Math.c,1459 :: 		
0x00AE	0x1803      	BTFSC      STATUS, 0
;__Lib_Math.c,1460 :: 		
0x00AF	0x0F77      	INCFSZ     R7, 0
;__Lib_Math.c,1461 :: 		
0x00B0	0x07FB      	ADDWF      R11, 1
;__Lib_Math.c,1462 :: 		
0x00B1	0x0100      	CLRW
;__Lib_Math.c,1463 :: 		
0x00B2	0x1803      	BTFSC      STATUS, 0
;__Lib_Math.c,1464 :: 		
0x00B3	0x3001      	MOVLW      1
;__Lib_Math.c,1465 :: 		
0x00B4	0x07A0      	ADDWF      ___math_tempb, 1
;__Lib_Math.c,1467 :: 		
UOK22L8:
;__Lib_Math.c,1468 :: 		
0x00B5	0x0DF2      	RLF        R2, 1
;__Lib_Math.c,1470 :: 		
0x00B6	0x3007      	MOVLW      7
;__Lib_Math.c,1471 :: 		
0x00B7	0x00FC      	MOVWF      R12
;__Lib_Math.c,1473 :: 		
LOOPU3232B:
;__Lib_Math.c,1474 :: 		
0x00B8	0x0D72      	RLF        R2, 0
;__Lib_Math.c,1475 :: 		
0x00B9	0x0DF8      	RLF        R8, 1
;__Lib_Math.c,1476 :: 		
0x00BA	0x0DF9      	RLF        R9, 1
;__Lib_Math.c,1477 :: 		
0x00BB	0x0DFA      	RLF        R10, 1
;__Lib_Math.c,1478 :: 		
0x00BC	0x0DFB      	RLF        R11, 1
;__Lib_Math.c,1479 :: 		
0x00BD	0x0DA0      	RLF        ___math_tempb, 1
;__Lib_Math.c,1480 :: 		
0x00BE	0x0874      	MOVF       R4, 0
;__Lib_Math.c,1481 :: 		
0x00BF	0x1C72      	BTFSS      R2, 0
;__Lib_Math.c,1482 :: 		
0x00C0	0x28D3      	GOTO       UADD22LB
;__Lib_Math.c,1484 :: 		
0x00C1	0x02F8      	SUBWF      R8, 1
;__Lib_Math.c,1485 :: 		
0x00C2	0x0875      	MOVF       R5, 0
;__Lib_Math.c,1486 :: 		
0x00C3	0x1C03      	BTFSS      STATUS, 0
;__Lib_Math.c,1487 :: 		
0x00C4	0x0F75      	INCFSZ     R5, 0
;__Lib_Math.c,1488 :: 		
0x00C5	0x02F9      	SUBWF      R9, 1
;__Lib_Math.c,1489 :: 		
0x00C6	0x0876      	MOVF       R6, 0
;__Lib_Math.c,1490 :: 		
0x00C7	0x1C03      	BTFSS      STATUS, 0
;__Lib_Math.c,1491 :: 		
0x00C8	0x0F76      	INCFSZ     R6, 0
;__Lib_Math.c,1492 :: 		
0x00C9	0x02FA      	SUBWF      R10, 1
;__Lib_Math.c,1493 :: 		
0x00CA	0x0877      	MOVF       R7, 0
;__Lib_Math.c,1494 :: 		
0x00CB	0x1C03      	BTFSS      STATUS, 0
;__Lib_Math.c,1495 :: 		
0x00CC	0x0F77      	INCFSZ     R7, 0
;__Lib_Math.c,1496 :: 		
0x00CD	0x02FB      	SUBWF      R11, 1
;__Lib_Math.c,1497 :: 		
0x00CE	0x0100      	CLRW
;__Lib_Math.c,1498 :: 		
0x00CF	0x1C03      	BTFSS      STATUS, 0
;__Lib_Math.c,1499 :: 		
0x00D0	0x3001      	MOVLW      1
;__Lib_Math.c,1500 :: 		
0x00D1	0x02A0      	SUBWF      ___math_tempb, 1
;__Lib_Math.c,1501 :: 		
0x00D2	0x28E4      	GOTO       UOK22LB
;__Lib_Math.c,1503 :: 		
UADD22LB:
;__Lib_Math.c,1504 :: 		
0x00D3	0x07F8      	ADDWF      R8, 1
;__Lib_Math.c,1505 :: 		
0x00D4	0x0875      	MOVF       R5, 0
;__Lib_Math.c,1506 :: 		
0x00D5	0x1803      	BTFSC      STATUS, 0
;__Lib_Math.c,1507 :: 		
0x00D6	0x0F75      	INCFSZ     R5, 0
;__Lib_Math.c,1508 :: 		
0x00D7	0x07F9      	ADDWF      R9, 1
;__Lib_Math.c,1509 :: 		
0x00D8	0x0876      	MOVF       R6, 0
;__Lib_Math.c,1510 :: 		
0x00D9	0x1803      	BTFSC      STATUS, 0
;__Lib_Math.c,1511 :: 		
0x00DA	0x0F76      	INCFSZ     R6, 0
;__Lib_Math.c,1512 :: 		
0x00DB	0x07FA      	ADDWF      R10, 1
;__Lib_Math.c,1513 :: 		
0x00DC	0x0877      	MOVF       R7, 0
;__Lib_Math.c,1514 :: 		
0x00DD	0x1803      	BTFSC      STATUS, 0
;__Lib_Math.c,1515 :: 		
0x00DE	0x0F77      	INCFSZ     R7, 0
;__Lib_Math.c,1516 :: 		
0x00DF	0x07FB      	ADDWF      R11, 1
;__Lib_Math.c,1517 :: 		
0x00E0	0x0100      	CLRW
;__Lib_Math.c,1518 :: 		
0x00E1	0x1803      	BTFSC      STATUS, 0
;__Lib_Math.c,1519 :: 		
0x00E2	0x3001      	MOVLW      1
;__Lib_Math.c,1520 :: 		
0x00E3	0x07A0      	ADDWF      ___math_tempb, 1
;__Lib_Math.c,1522 :: 		
UOK22LB:
;__Lib_Math.c,1523 :: 		
0x00E4	0x0DF2      	RLF        R2, 1
;__Lib_Math.c,1525 :: 		
0x00E5	0x0BFC      	DECFSZ     R12, 1
;__Lib_Math.c,1526 :: 		
0x00E6	0x28B8      	GOTO       LOOPU3232B
;__Lib_Math.c,1528 :: 		
0x00E7	0x0D71      	RLF        R1, 0
;__Lib_Math.c,1529 :: 		
0x00E8	0x0DF8      	RLF        R8, 1
;__Lib_Math.c,1530 :: 		
0x00E9	0x0DF9      	RLF        R9, 1
;__Lib_Math.c,1531 :: 		
0x00EA	0x0DFA      	RLF        R10, 1
;__Lib_Math.c,1532 :: 		
0x00EB	0x0DFB      	RLF        R11, 1
;__Lib_Math.c,1533 :: 		
0x00EC	0x0DA0      	RLF        ___math_tempb, 1
;__Lib_Math.c,1534 :: 		
0x00ED	0x0874      	MOVF       R4, 0
;__Lib_Math.c,1535 :: 		
0x00EE	0x1C72      	BTFSS      R2, 0
;__Lib_Math.c,1536 :: 		
0x00EF	0x2902      	GOTO       UADD22L16
;__Lib_Math.c,1538 :: 		
0x00F0	0x02F8      	SUBWF      R8, 1
;__Lib_Math.c,1539 :: 		
0x00F1	0x0875      	MOVF       R5, 0
;__Lib_Math.c,1540 :: 		
0x00F2	0x1C03      	BTFSS      STATUS, 0
;__Lib_Math.c,1541 :: 		
0x00F3	0x0F75      	INCFSZ     R5, 0
;__Lib_Math.c,1542 :: 		
0x00F4	0x02F9      	SUBWF      R9, 1
;__Lib_Math.c,1543 :: 		
0x00F5	0x0876      	MOVF       R6, 0
;__Lib_Math.c,1544 :: 		
0x00F6	0x1C03      	BTFSS      STATUS, 0
;__Lib_Math.c,1545 :: 		
0x00F7	0x0F76      	INCFSZ     R6, 0
;__Lib_Math.c,1546 :: 		
0x00F8	0x02FA      	SUBWF      R10, 1
;__Lib_Math.c,1547 :: 		
0x00F9	0x0877      	MOVF       R7, 0
;__Lib_Math.c,1548 :: 		
0x00FA	0x1C03      	BTFSS      STATUS, 0
;__Lib_Math.c,1549 :: 		
0x00FB	0x0F77      	INCFSZ     R7, 0
;__Lib_Math.c,1550 :: 		
0x00FC	0x02FB      	SUBWF      R11, 1
;__Lib_Math.c,1551 :: 		
0x00FD	0x0100      	CLRW
;__Lib_Math.c,1552 :: 		
0x00FE	0x1C03      	BTFSS      STATUS, 0
;__Lib_Math.c,1553 :: 		
0x00FF	0x3001      	MOVLW      1
;__Lib_Math.c,1554 :: 		
0x0100	0x02A0      	SUBWF      ___math_tempb, 1
;__Lib_Math.c,1555 :: 		
0x0101	0x2913      	GOTO       UOK22L16
;__Lib_Math.c,1557 :: 		
UADD22L16:
;__Lib_Math.c,1558 :: 		
0x0102	0x07F8      	ADDWF      R8, 1
;__Lib_Math.c,1559 :: 		
0x0103	0x0875      	MOVF       R5, 0
;__Lib_Math.c,1560 :: 		
0x0104	0x1803      	BTFSC      STATUS, 0
;__Lib_Math.c,1561 :: 		
0x0105	0x0F75      	INCFSZ     R5, 0
;__Lib_Math.c,1562 :: 		
0x0106	0x07F9      	ADDWF      R9, 1
;__Lib_Math.c,1563 :: 		
0x0107	0x0876      	MOVF       R6, 0
;__Lib_Math.c,1564 :: 		
0x0108	0x1803      	BTFSC      STATUS, 0
;__Lib_Math.c,1565 :: 		
0x0109	0x0F76      	INCFSZ     R6, 0
;__Lib_Math.c,1566 :: 		
0x010A	0x07FA      	ADDWF      R10, 1
;__Lib_Math.c,1567 :: 		
0x010B	0x0877      	MOVF       R7, 0
;__Lib_Math.c,1568 :: 		
0x010C	0x1803      	BTFSC      STATUS, 0
;__Lib_Math.c,1569 :: 		
0x010D	0x0F77      	INCFSZ     R7, 0
;__Lib_Math.c,1570 :: 		
0x010E	0x07FB      	ADDWF      R11, 1
;__Lib_Math.c,1571 :: 		
0x010F	0x0100      	CLRW
;__Lib_Math.c,1572 :: 		
0x0110	0x1803      	BTFSC      STATUS, 0
;__Lib_Math.c,1573 :: 		
0x0111	0x3001      	MOVLW      1
;__Lib_Math.c,1574 :: 		
0x0112	0x07A0      	ADDWF      ___math_tempb, 1
;__Lib_Math.c,1576 :: 		
UOK22L16:
;__Lib_Math.c,1577 :: 		
0x0113	0x0DF1      	RLF        R1, 1
;__Lib_Math.c,1579 :: 		
0x0114	0x3007      	MOVLW      7
;__Lib_Math.c,1580 :: 		
0x0115	0x00FC      	MOVWF      R12
;__Lib_Math.c,1582 :: 		
LOOPU3232C:
;__Lib_Math.c,1583 :: 		
0x0116	0x0D71      	RLF        R1, 0
;__Lib_Math.c,1584 :: 		
0x0117	0x0DF8      	RLF        R8, 1
;__Lib_Math.c,1585 :: 		
0x0118	0x0DF9      	RLF        R9, 1
;__Lib_Math.c,1586 :: 		
0x0119	0x0DFA      	RLF        R10, 1
;__Lib_Math.c,1587 :: 		
0x011A	0x0DFB      	RLF        R11, 1
;__Lib_Math.c,1588 :: 		
0x011B	0x0DA0      	RLF        ___math_tempb, 1
;__Lib_Math.c,1589 :: 		
0x011C	0x0874      	MOVF       R4, 0
;__Lib_Math.c,1590 :: 		
0x011D	0x1C71      	BTFSS      R1, 0
;__Lib_Math.c,1591 :: 		
0x011E	0x2931      	GOTO       UADD22LC
;__Lib_Math.c,1593 :: 		
0x011F	0x02F8      	SUBWF      R8, 1
;__Lib_Math.c,1594 :: 		
0x0120	0x0875      	MOVF       R5, 0
;__Lib_Math.c,1595 :: 		
0x0121	0x1C03      	BTFSS      STATUS, 0
;__Lib_Math.c,1596 :: 		
0x0122	0x0F75      	INCFSZ     R5, 0
;__Lib_Math.c,1597 :: 		
0x0123	0x02F9      	SUBWF      R9, 1
;__Lib_Math.c,1598 :: 		
0x0124	0x0876      	MOVF       R6, 0
;__Lib_Math.c,1599 :: 		
0x0125	0x1C03      	BTFSS      STATUS, 0
;__Lib_Math.c,1600 :: 		
0x0126	0x0F76      	INCFSZ     R6, 0
;__Lib_Math.c,1601 :: 		
0x0127	0x02FA      	SUBWF      R10, 1
;__Lib_Math.c,1602 :: 		
0x0128	0x0877      	MOVF       R7, 0
;__Lib_Math.c,1603 :: 		
0x0129	0x1C03      	BTFSS      STATUS, 0
;__Lib_Math.c,1604 :: 		
0x012A	0x0F77      	INCFSZ     R7, 0
;__Lib_Math.c,1605 :: 		
0x012B	0x02FB      	SUBWF      R11, 1
;__Lib_Math.c,1606 :: 		
0x012C	0x0100      	CLRW
;__Lib_Math.c,1607 :: 		
0x012D	0x1C03      	BTFSS      STATUS, 0
;__Lib_Math.c,1608 :: 		
0x012E	0x3001      	MOVLW      1
;__Lib_Math.c,1609 :: 		
0x012F	0x02A0      	SUBWF      ___math_tempb, 1
;__Lib_Math.c,1610 :: 		
0x0130	0x2942      	GOTO       UOK22LC
;__Lib_Math.c,1612 :: 		
UADD22LC:
;__Lib_Math.c,1613 :: 		
0x0131	0x07F8      	ADDWF      R8, 1
;__Lib_Math.c,1614 :: 		
0x0132	0x0875      	MOVF       R5, 0
;__Lib_Math.c,1615 :: 		
0x0133	0x1803      	BTFSC      STATUS, 0
;__Lib_Math.c,1616 :: 		
0x0134	0x0F75      	INCFSZ     R5, 0
;__Lib_Math.c,1617 :: 		
0x0135	0x07F9      	ADDWF      R9, 1
;__Lib_Math.c,1618 :: 		
0x0136	0x0876      	MOVF       R6, 0
;__Lib_Math.c,1619 :: 		
0x0137	0x1803      	BTFSC      STATUS, 0
;__Lib_Math.c,1620 :: 		
0x0138	0x0F76      	INCFSZ     R6, 0
;__Lib_Math.c,1621 :: 		
0x0139	0x07FA      	ADDWF      R10, 1
;__Lib_Math.c,1622 :: 		
0x013A	0x0877      	MOVF       R7, 0
;__Lib_Math.c,1623 :: 		
0x013B	0x1803      	BTFSC      STATUS, 0
;__Lib_Math.c,1624 :: 		
0x013C	0x0F77      	INCFSZ     R7, 0
;__Lib_Math.c,1625 :: 		
0x013D	0x07FB      	ADDWF      R11, 1
;__Lib_Math.c,1626 :: 		
0x013E	0x0100      	CLRW
;__Lib_Math.c,1627 :: 		
0x013F	0x1803      	BTFSC      STATUS, 0
;__Lib_Math.c,1628 :: 		
0x0140	0x3001      	MOVLW      1
;__Lib_Math.c,1629 :: 		
0x0141	0x07A0      	ADDWF      ___math_tempb, 1
;__Lib_Math.c,1631 :: 		
UOK22LC:
;__Lib_Math.c,1632 :: 		
0x0142	0x0DF1      	RLF        R1, 1
;__Lib_Math.c,1634 :: 		
0x0143	0x0BFC      	DECFSZ     R12, 1
;__Lib_Math.c,1635 :: 		
0x0144	0x2916      	GOTO       LOOPU3232C
;__Lib_Math.c,1637 :: 		
0x0145	0x0D70      	RLF        R0, 0
;__Lib_Math.c,1638 :: 		
0x0146	0x0DF8      	RLF        R8, 1
;__Lib_Math.c,1639 :: 		
0x0147	0x0DF9      	RLF        R9, 1
;__Lib_Math.c,1640 :: 		
0x0148	0x0DFA      	RLF        R10, 1
;__Lib_Math.c,1641 :: 		
0x0149	0x0DFB      	RLF        R11, 1
;__Lib_Math.c,1642 :: 		
0x014A	0x0DA0      	RLF        ___math_tempb, 1
;__Lib_Math.c,1643 :: 		
0x014B	0x0874      	MOVF       R4, 0
;__Lib_Math.c,1644 :: 		
0x014C	0x1C71      	BTFSS      R1, 0
;__Lib_Math.c,1645 :: 		
0x014D	0x2960      	GOTO       UADD22L24
;__Lib_Math.c,1647 :: 		
0x014E	0x02F8      	SUBWF      R8, 1
;__Lib_Math.c,1648 :: 		
0x014F	0x0875      	MOVF       R5, 0
;__Lib_Math.c,1649 :: 		
0x0150	0x1C03      	BTFSS      STATUS, 0
;__Lib_Math.c,1650 :: 		
0x0151	0x0F75      	INCFSZ     R5, 0
;__Lib_Math.c,1651 :: 		
0x0152	0x02F9      	SUBWF      R9, 1
;__Lib_Math.c,1652 :: 		
0x0153	0x0876      	MOVF       R6, 0
;__Lib_Math.c,1653 :: 		
0x0154	0x1C03      	BTFSS      STATUS, 0
;__Lib_Math.c,1654 :: 		
0x0155	0x0F76      	INCFSZ     R6, 0
;__Lib_Math.c,1655 :: 		
0x0156	0x02FA      	SUBWF      R10, 1
;__Lib_Math.c,1656 :: 		
0x0157	0x0877      	MOVF       R7, 0
;__Lib_Math.c,1657 :: 		
0x0158	0x1C03      	BTFSS      STATUS, 0
;__Lib_Math.c,1658 :: 		
0x0159	0x0F77      	INCFSZ     R7, 0
;__Lib_Math.c,1659 :: 		
0x015A	0x02FB      	SUBWF      R11, 1
;__Lib_Math.c,1660 :: 		
0x015B	0x0100      	CLRW
;__Lib_Math.c,1661 :: 		
0x015C	0x1C03      	BTFSS      STATUS, 0
;__Lib_Math.c,1662 :: 		
0x015D	0x3001      	MOVLW      1
;__Lib_Math.c,1663 :: 		
0x015E	0x02A0      	SUBWF      ___math_tempb, 1
;__Lib_Math.c,1664 :: 		
0x015F	0x2971      	GOTO       UOK22L24
;__Lib_Math.c,1666 :: 		
UADD22L24:
;__Lib_Math.c,1667 :: 		
0x0160	0x07F8      	ADDWF      R8, 1
;__Lib_Math.c,1668 :: 		
0x0161	0x0875      	MOVF       R5, 0
;__Lib_Math.c,1669 :: 		
0x0162	0x1803      	BTFSC      STATUS, 0
;__Lib_Math.c,1670 :: 		
0x0163	0x0F75      	INCFSZ     R5, 0
;__Lib_Math.c,1671 :: 		
0x0164	0x07F9      	ADDWF      R9, 1
;__Lib_Math.c,1672 :: 		
0x0165	0x0876      	MOVF       R6, 0
;__Lib_Math.c,1673 :: 		
0x0166	0x1803      	BTFSC      STATUS, 0
;__Lib_Math.c,1674 :: 		
0x0167	0x0F76      	INCFSZ     R6, 0
;__Lib_Math.c,1675 :: 		
0x0168	0x07FA      	ADDWF      R10, 1
;__Lib_Math.c,1676 :: 		
0x0169	0x0877      	MOVF       R7, 0
;__Lib_Math.c,1677 :: 		
0x016A	0x1803      	BTFSC      STATUS, 0
;__Lib_Math.c,1678 :: 		
0x016B	0x0F77      	INCFSZ     R7, 0
;__Lib_Math.c,1679 :: 		
0x016C	0x07FB      	ADDWF      R11, 1
;__Lib_Math.c,1680 :: 		
0x016D	0x0100      	CLRW
;__Lib_Math.c,1681 :: 		
0x016E	0x1803      	BTFSC      STATUS, 0
;__Lib_Math.c,1682 :: 		
0x016F	0x3001      	MOVLW      1
;__Lib_Math.c,1683 :: 		
0x0170	0x07A0      	ADDWF      ___math_tempb, 1
;__Lib_Math.c,1685 :: 		
UOK22L24:
;__Lib_Math.c,1686 :: 		
0x0171	0x0DF0      	RLF        R0, 1
;__Lib_Math.c,1688 :: 		
0x0172	0x3007      	MOVLW      7
;__Lib_Math.c,1689 :: 		
0x0173	0x00FC      	MOVWF      R12
;__Lib_Math.c,1691 :: 		
LOOPU3232D:
;__Lib_Math.c,1692 :: 		
0x0174	0x0D70      	RLF        R0, 0
;__Lib_Math.c,1693 :: 		
0x0175	0x0DF8      	RLF        R8, 1
;__Lib_Math.c,1694 :: 		
0x0176	0x0DF9      	RLF        R9, 1
;__Lib_Math.c,1695 :: 		
0x0177	0x0DFA      	RLF        R10, 1
;__Lib_Math.c,1696 :: 		
0x0178	0x0DFB      	RLF        R11, 1
;__Lib_Math.c,1697 :: 		
0x0179	0x0DA0      	RLF        ___math_tempb, 1
;__Lib_Math.c,1698 :: 		
0x017A	0x0874      	MOVF       R4, 0
;__Lib_Math.c,1699 :: 		
0x017B	0x1C70      	BTFSS      R0, 0
;__Lib_Math.c,1700 :: 		
0x017C	0x298F      	GOTO       UADD22LD
;__Lib_Math.c,1702 :: 		
0x017D	0x02F8      	SUBWF      R8, 1
;__Lib_Math.c,1703 :: 		
0x017E	0x0875      	MOVF       R5, 0
;__Lib_Math.c,1704 :: 		
0x017F	0x1C03      	BTFSS      STATUS, 0
;__Lib_Math.c,1705 :: 		
0x0180	0x0F75      	INCFSZ     R5, 0
;__Lib_Math.c,1706 :: 		
0x0181	0x02F9      	SUBWF      R9, 1
;__Lib_Math.c,1707 :: 		
0x0182	0x0876      	MOVF       R6, 0
;__Lib_Math.c,1708 :: 		
0x0183	0x1C03      	BTFSS      STATUS, 0
;__Lib_Math.c,1709 :: 		
0x0184	0x0F76      	INCFSZ     R6, 0
;__Lib_Math.c,1710 :: 		
0x0185	0x02FA      	SUBWF      R10, 1
;__Lib_Math.c,1711 :: 		
0x0186	0x0877      	MOVF       R7, 0
;__Lib_Math.c,1712 :: 		
0x0187	0x1C03      	BTFSS      STATUS, 0
;__Lib_Math.c,1713 :: 		
0x0188	0x0F77      	INCFSZ     R7, 0
;__Lib_Math.c,1714 :: 		
0x0189	0x02FB      	SUBWF      R11, 1
;__Lib_Math.c,1715 :: 		
0x018A	0x0100      	CLRW
;__Lib_Math.c,1716 :: 		
0x018B	0x1C03      	BTFSS      STATUS, 0
;__Lib_Math.c,1717 :: 		
0x018C	0x3001      	MOVLW      1
;__Lib_Math.c,1718 :: 		
0x018D	0x02A0      	SUBWF      ___math_tempb, 1
;__Lib_Math.c,1719 :: 		
0x018E	0x29A0      	GOTO       UOK22LD
;__Lib_Math.c,1721 :: 		
UADD22LD:
;__Lib_Math.c,1722 :: 		
0x018F	0x07F8      	ADDWF      R8, 1
;__Lib_Math.c,1723 :: 		
0x0190	0x0875      	MOVF       R5, 0
;__Lib_Math.c,1724 :: 		
0x0191	0x1803      	BTFSC      STATUS, 0
;__Lib_Math.c,1725 :: 		
0x0192	0x0F75      	INCFSZ     R5, 0
;__Lib_Math.c,1726 :: 		
0x0193	0x07F9      	ADDWF      R9, 1
;__Lib_Math.c,1727 :: 		
0x0194	0x0876      	MOVF       R6, 0
;__Lib_Math.c,1728 :: 		
0x0195	0x1803      	BTFSC      STATUS, 0
;__Lib_Math.c,1729 :: 		
0x0196	0x0F76      	INCFSZ     R6, 0
;__Lib_Math.c,1730 :: 		
0x0197	0x07FA      	ADDWF      R10, 1
;__Lib_Math.c,1731 :: 		
0x0198	0x0877      	MOVF       R7, 0
;__Lib_Math.c,1732 :: 		
0x0199	0x1803      	BTFSC      STATUS, 0
;__Lib_Math.c,1733 :: 		
0x019A	0x0F77      	INCFSZ     R7, 0
;__Lib_Math.c,1734 :: 		
0x019B	0x07FB      	ADDWF      R11, 1
;__Lib_Math.c,1735 :: 		
0x019C	0x0100      	CLRW
;__Lib_Math.c,1736 :: 		
0x019D	0x1803      	BTFSC      STATUS, 0
;__Lib_Math.c,1737 :: 		
0x019E	0x3001      	MOVLW      1
;__Lib_Math.c,1738 :: 		
0x019F	0x07A0      	ADDWF      ___math_tempb, 1
;__Lib_Math.c,1740 :: 		
UOK22LD:
;__Lib_Math.c,1741 :: 		
0x01A0	0x0DF0      	RLF        R0, 1
;__Lib_Math.c,1743 :: 		
0x01A1	0x0BFC      	DECFSZ     R12, 1
;__Lib_Math.c,1744 :: 		
0x01A2	0x2974      	GOTO       LOOPU3232D
;__Lib_Math.c,1746 :: 		
0x01A3	0x1870      	BTFSC      R0, 0
;__Lib_Math.c,1747 :: 		
0x01A4	0x29B3      	GOTO       UOK22L
;__Lib_Math.c,1748 :: 		
0x01A5	0x0874      	MOVF       R4, 0
;__Lib_Math.c,1749 :: 		
0x01A6	0x07F8      	ADDWF      R8, 1
;__Lib_Math.c,1750 :: 		
0x01A7	0x0875      	MOVF       R5, 0
;__Lib_Math.c,1751 :: 		
0x01A8	0x1803      	BTFSC      STATUS, 0
;__Lib_Math.c,1752 :: 		
0x01A9	0x0F75      	INCFSZ     R5, 0
;__Lib_Math.c,1753 :: 		
0x01AA	0x07F9      	ADDWF      R9, 1
;__Lib_Math.c,1754 :: 		
0x01AB	0x0876      	MOVF       R6, 0
;__Lib_Math.c,1755 :: 		
0x01AC	0x1803      	BTFSC      STATUS, 0
;__Lib_Math.c,1756 :: 		
0x01AD	0x0F76      	INCFSZ     R6, 0
;__Lib_Math.c,1757 :: 		
0x01AE	0x07FA      	ADDWF      R10, 1
;__Lib_Math.c,1758 :: 		
0x01AF	0x0877      	MOVF       R7, 0
;__Lib_Math.c,1759 :: 		
0x01B0	0x1803      	BTFSC      STATUS, 0
;__Lib_Math.c,1760 :: 		
0x01B1	0x0F77      	INCFSZ     R7, 0
;__Lib_Math.c,1761 :: 		
0x01B2	0x07FB      	ADDWF      R11, 1
;__Lib_Math.c,1763 :: 		
UOK22L:
;__Lib_Math.c,1766 :: 		
L_end_Div_32x32_U:
0x01B3	0x0008      	RETURN
; end of _Div_32x32_U
_Mul_32x32_U:
;__Lib_Math.c,1775 :: 		
;__Lib_Math.c,1790 :: 		
0x01B4	0x1283      	BCF        STATUS, 5
;__Lib_Math.c,1791 :: 		
0x01B5	0x1303      	BCF        STATUS, 6
;__Lib_Math.c,1792 :: 		
0x01B6	0x3022      	MOVLW      34
;__Lib_Math.c,1793 :: 		
0x01B7	0x00FC      	MOVWF      R12
;__Lib_Math.c,1794 :: 		
0x01B8	0x01F8      	CLRF       R8
;__Lib_Math.c,1795 :: 		
0x01B9	0x01F9      	CLRF       R9
;__Lib_Math.c,1796 :: 		
0x01BA	0x01FA      	CLRF       R10
;__Lib_Math.c,1797 :: 		
0x01BB	0x01FB      	CLRF       R11
;__Lib_Math.c,1799 :: 		
_NEXT:
;__Lib_Math.c,1803 :: 		
0x01BC	0x03FC      	DECF       R12, 1
;__Lib_Math.c,1804 :: 		
0x01BD	0x1903      	BTFSC      STATUS, 2
;__Lib_Math.c,1805 :: 		
0x01BE	0x29EA      	GOTO       _EXIT2
;__Lib_Math.c,1806 :: 		
0x01BF	0x1003      	BCF        STATUS, 0
;__Lib_Math.c,1808 :: 		
_LOOP:
;__Lib_Math.c,1817 :: 		
0x01C0	0x0CFB      	RRF        R11, 1
;__Lib_Math.c,1818 :: 		
0x01C1	0x0CFA      	RRF        R10, 1
;__Lib_Math.c,1819 :: 		
0x01C2	0x0CF9      	RRF        R9, 1
;__Lib_Math.c,1820 :: 		
0x01C3	0x0CF8      	RRF        R8, 1
;__Lib_Math.c,1821 :: 		
0x01C4	0x0CF3      	RRF        R3, 1
;__Lib_Math.c,1822 :: 		
0x01C5	0x0CF2      	RRF        R2, 1
;__Lib_Math.c,1823 :: 		
0x01C6	0x0CF1      	RRF        R1, 1
;__Lib_Math.c,1824 :: 		
0x01C7	0x0CF0      	RRF        R0, 1
;__Lib_Math.c,1829 :: 		
0x01C8	0x1C03      	BTFSS      STATUS, 0
;__Lib_Math.c,1830 :: 		
0x01C9	0x29BC      	GOTO       _NEXT
;__Lib_Math.c,1831 :: 		
0x01CA	0x03FC      	DECF       R12, 1
;__Lib_Math.c,1832 :: 		
0x01CB	0x1903      	BTFSC      STATUS, 2
;__Lib_Math.c,1833 :: 		
0x01CC	0x29DC      	GOTO       _EXIT1
;__Lib_Math.c,1840 :: 		
0x01CD	0x0874      	MOVF       R4, 0
;__Lib_Math.c,1841 :: 		
0x01CE	0x07F8      	ADDWF      R8, 1
;__Lib_Math.c,1842 :: 		
0x01CF	0x0875      	MOVF       R5, 0
;__Lib_Math.c,1843 :: 		
0x01D0	0x1803      	BTFSC      STATUS, 0
;__Lib_Math.c,1844 :: 		
0x01D1	0x0F75      	INCFSZ     R5, 0
;__Lib_Math.c,1845 :: 		
0x01D2	0x07F9      	ADDWF      R9, 1
;__Lib_Math.c,1846 :: 		
0x01D3	0x0876      	MOVF       R6, 0
;__Lib_Math.c,1847 :: 		
0x01D4	0x1803      	BTFSC      STATUS, 0
;__Lib_Math.c,1848 :: 		
0x01D5	0x0F76      	INCFSZ     R6, 0
;__Lib_Math.c,1849 :: 		
0x01D6	0x07FA      	ADDWF      R10, 1
;__Lib_Math.c,1850 :: 		
0x01D7	0x0877      	MOVF       R7, 0
;__Lib_Math.c,1851 :: 		
0x01D8	0x1803      	BTFSC      STATUS, 0
;__Lib_Math.c,1852 :: 		
0x01D9	0x0F77      	INCFSZ     R7, 0
;__Lib_Math.c,1853 :: 		
0x01DA	0x07FB      	ADDWF      R11, 1
;__Lib_Math.c,1855 :: 		
0x01DB	0x29C0      	GOTO       _LOOP
;__Lib_Math.c,1857 :: 		
_EXIT1:
;__Lib_Math.c,1862 :: 		
0x01DC	0x0874      	MOVF       R4, 0
;__Lib_Math.c,1863 :: 		
0x01DD	0x07F8      	ADDWF      R8, 1
;__Lib_Math.c,1864 :: 		
0x01DE	0x0875      	MOVF       R5, 0
;__Lib_Math.c,1865 :: 		
0x01DF	0x1803      	BTFSC      STATUS, 0
;__Lib_Math.c,1866 :: 		
0x01E0	0x0F75      	INCFSZ     R5, 0
;__Lib_Math.c,1867 :: 		
0x01E1	0x07F9      	ADDWF      R9, 1
;__Lib_Math.c,1868 :: 		
0x01E2	0x0876      	MOVF       R6, 0
;__Lib_Math.c,1869 :: 		
0x01E3	0x1803      	BTFSC      STATUS, 0
;__Lib_Math.c,1870 :: 		
0x01E4	0x0F76      	INCFSZ     R6, 0
;__Lib_Math.c,1871 :: 		
0x01E5	0x07FA      	ADDWF      R10, 1
;__Lib_Math.c,1872 :: 		
0x01E6	0x0877      	MOVF       R7, 0
;__Lib_Math.c,1873 :: 		
0x01E7	0x1803      	BTFSC      STATUS, 0
;__Lib_Math.c,1874 :: 		
0x01E8	0x0F77      	INCFSZ     R7, 0
;__Lib_Math.c,1875 :: 		
0x01E9	0x07FB      	ADDWF      R11, 1
;__Lib_Math.c,1878 :: 		
_EXIT2:
;__Lib_Math.c,1880 :: 		
L_end_Mul_32x32_U:
0x01EA	0x0008      	RETURN
; end of _Mul_32x32_U
_Div_8X8_U:
;__Lib_Math.c,189 :: 		
;__Lib_Math.c,196 :: 		
0x01EB	0x1283      	BCF        STATUS, 5
;__Lib_Math.c,197 :: 		
0x01EC	0x1303      	BCF        STATUS, 6
;__Lib_Math.c,198 :: 		
0x01ED	0x01F8      	CLRF       R8
;__Lib_Math.c,199 :: 		
0x01EE	0x3008      	MOVLW      8
;__Lib_Math.c,200 :: 		
0x01EF	0x00FC      	MOVWF      R12
;__Lib_Math.c,201 :: 		
0x01F0	0x0D70      	RLF        R0, 0
;__Lib_Math.c,202 :: 		
0x01F1	0x0DF8      	RLF        R8, 1
;__Lib_Math.c,203 :: 		
0x01F2	0x0874      	MOVF       R4, 0
;__Lib_Math.c,204 :: 		
0x01F3	0x02F8      	SUBWF      R8, 1
;__Lib_Math.c,205 :: 		
0x01F4	0x1803      	BTFSC      STATUS, 0
;__Lib_Math.c,206 :: 		
0x01F5	0x29F8      	GOTO       $+3
;__Lib_Math.c,207 :: 		
0x01F6	0x07F8      	ADDWF      R8, 1
;__Lib_Math.c,208 :: 		
0x01F7	0x1003      	BCF        STATUS, 0
;__Lib_Math.c,209 :: 		
0x01F8	0x0DF0      	RLF        R0, 1
;__Lib_Math.c,210 :: 		
0x01F9	0x0BFC      	DECFSZ     R12, 1
;__Lib_Math.c,211 :: 		
0x01FA	0x29F0      	GOTO       $-10
;__Lib_Math.c,213 :: 		
L_end_Div_8X8_U:
0x01FB	0x0008      	RETURN
; end of _Div_8X8_U
_Sound_Play:
;__Lib_Sound.c,27 :: 		
;__Lib_Sound.c,31 :: 		
0x01FC	0x2033      	CALL       _Get_Fosc_kHz
0x01FD	0x30E8      	MOVLW      232
0x01FE	0x00F4      	MOVWF      R4
0x01FF	0x3003      	MOVLW      3
0x0200	0x00F5      	MOVWF      R4+1
0x0201	0x01F6      	CLRF       R4+2
0x0202	0x01F7      	CLRF       R4+3
0x0203	0x21B4      	CALL       _Mul_32x32_U
0x0204	0x0870      	MOVF       R0, 0
0x0205	0x00CB      	MOVWF      Sound_Play_per_nc_L0
0x0206	0x0871      	MOVF       R0+1, 0
0x0207	0x00CC      	MOVWF      Sound_Play_per_nc_L0+1
0x0208	0x0872      	MOVF       R0+2, 0
0x0209	0x00CD      	MOVWF      Sound_Play_per_nc_L0+2
0x020A	0x0873      	MOVF       R0+3, 0
0x020B	0x00CE      	MOVWF      Sound_Play_per_nc_L0+3
;__Lib_Sound.c,32 :: 		
0x020C	0x0843      	MOVF       FARG_Sound_Play_freq_in_hz, 0
0x020D	0x00F4      	MOVWF      R4
0x020E	0x0844      	MOVF       FARG_Sound_Play_freq_in_hz+1, 0
0x020F	0x00F5      	MOVWF      R4+1
0x0210	0x01F6      	CLRF       R4+2
0x0211	0x01F7      	CLRF       R4+3
0x0212	0x203C      	CALL       _Div_32x32_U
0x0213	0x0870      	MOVF       R0, 0
0x0214	0x00CB      	MOVWF      Sound_Play_per_nc_L0
0x0215	0x0871      	MOVF       R0+1, 0
0x0216	0x00CC      	MOVWF      Sound_Play_per_nc_L0+1
0x0217	0x0872      	MOVF       R0+2, 0
0x0218	0x00CD      	MOVWF      Sound_Play_per_nc_L0+2
0x0219	0x0873      	MOVF       R0+3, 0
0x021A	0x00CE      	MOVWF      Sound_Play_per_nc_L0+3
;__Lib_Sound.c,33 :: 		
0x021B	0x0870      	MOVF       R0, 0
0x021C	0x00F5      	MOVWF      R5
0x021D	0x0871      	MOVF       R0+1, 0
0x021E	0x00F6      	MOVWF      R5+1
0x021F	0x0872      	MOVF       R0+2, 0
0x0220	0x00F7      	MOVWF      R5+2
0x0221	0x0873      	MOVF       R0+3, 0
0x0222	0x00F8      	MOVWF      R5+3
0x0223	0x0CF8      	RRF        R5+3, 1
0x0224	0x0CF7      	RRF        R5+2, 1
0x0225	0x0CF6      	RRF        R5+1, 1
0x0226	0x0CF5      	RRF        R5, 1
0x0227	0x13F8      	BCF        R5+3, 7
0x0228	0x0CF8      	RRF        R5+3, 1
0x0229	0x0CF7      	RRF        R5+2, 1
0x022A	0x0CF6      	RRF        R5+1, 1
0x022B	0x0CF5      	RRF        R5, 1
0x022C	0x13F8      	BCF        R5+3, 7
0x022D	0x0875      	MOVF       R5, 0
0x022E	0x00F0      	MOVWF      R0
0x022F	0x0876      	MOVF       R5+1, 0
0x0230	0x00F1      	MOVWF      R0+1
0x0231	0x0877      	MOVF       R5+2, 0
0x0232	0x00F2      	MOVWF      R0+2
0x0233	0x0878      	MOVF       R5+3, 0
0x0234	0x00F3      	MOVWF      R0+3
0x0235	0x0CF3      	RRF        R0+3, 1
0x0236	0x0CF2      	RRF        R0+2, 1
0x0237	0x0CF1      	RRF        R0+1, 1
0x0238	0x0CF0      	RRF        R0, 1
0x0239	0x13F3      	BCF        R0+3, 7
0x023A	0x0870      	MOVF       R0, 0
0x023B	0x00C7      	MOVWF      Sound_Play_nc_L0
0x023C	0x0871      	MOVF       R0+1, 0
0x023D	0x00C8      	MOVWF      Sound_Play_nc_L0+1
;__Lib_Sound.c,36 :: 		
0x023E	0x2033      	CALL       _Get_Fosc_kHz
0x023F	0x0845      	MOVF       FARG_Sound_Play_duration_ms, 0
0x0240	0x00F4      	MOVWF      R4
0x0241	0x0846      	MOVF       FARG_Sound_Play_duration_ms+1, 0
0x0242	0x00F5      	MOVWF      R4+1
0x0243	0x01F6      	CLRF       R4+2
0x0244	0x01F7      	CLRF       R4+3
0x0245	0x21B4      	CALL       _Mul_32x32_U
0x0246	0x0847      	MOVF       Sound_Play_nc_L0, 0
0x0247	0x00F9      	MOVWF      R9
0x0248	0x0848      	MOVF       Sound_Play_nc_L0+1, 0
0x0249	0x00FA      	MOVWF      R9+1
0x024A	0x01FB      	CLRF       R9+2
0x024B	0x01FC      	CLRF       R9+3
0x024C	0x3003      	MOVLW      3
0x024D	0x00F8      	MOVWF      R8
0x024E	0x0879      	MOVF       R9, 0
0x024F	0x00F4      	MOVWF      R4
0x0250	0x087A      	MOVF       R9+1, 0
0x0251	0x00F5      	MOVWF      R4+1
0x0252	0x087B      	MOVF       R9+2, 0
0x0253	0x00F6      	MOVWF      R4+2
0x0254	0x087C      	MOVF       R9+3, 0
0x0255	0x00F7      	MOVWF      R4+3
0x0256	0x0878      	MOVF       R8, 0
L__Sound_Play15:
0x0257	0x1903      	BTFSC      STATUS, 2
0x0258	0x2A60      	GOTO       L__Sound_Play16
0x0259	0x0DF4      	RLF        R4, 1
0x025A	0x0DF5      	RLF        R4+1, 1
0x025B	0x0DF6      	RLF        R4+2, 1
0x025C	0x0DF7      	RLF        R4+3, 1
0x025D	0x1074      	BCF        R4, 0
0x025E	0x3EFF      	ADDLW      255
0x025F	0x2A57      	GOTO       L__Sound_Play15
L__Sound_Play16:
0x0260	0x203C      	CALL       _Div_32x32_U
0x0261	0x0870      	MOVF       R0, 0
0x0262	0x00CB      	MOVWF      Sound_Play_per_nc_L0
0x0263	0x0871      	MOVF       R0+1, 0
0x0264	0x00CC      	MOVWF      Sound_Play_per_nc_L0+1
0x0265	0x0872      	MOVF       R0+2, 0
0x0266	0x00CD      	MOVWF      Sound_Play_per_nc_L0+2
0x0267	0x0873      	MOVF       R0+3, 0
0x0268	0x00CE      	MOVWF      Sound_Play_per_nc_L0+3
;__Lib_Sound.c,38 :: 		
0x0269	0x300A      	MOVLW      10
0x026A	0x00F4      	MOVWF      R4
0x026B	0x3000      	MOVLW      0
0x026C	0x00F5      	MOVWF      R4+1
0x026D	0x0847      	MOVF       Sound_Play_nc_L0, 0
0x026E	0x00F0      	MOVWF      R0
0x026F	0x0848      	MOVF       Sound_Play_nc_L0+1, 0
0x0270	0x00F1      	MOVWF      R0+1
0x0271	0x2016      	CALL       _Div_16X16_U
0x0272	0x0870      	MOVF       R0, 0
0x0273	0x00C7      	MOVWF      Sound_Play_nc_L0
0x0274	0x0871      	MOVF       R0+1, 0
0x0275	0x00C8      	MOVWF      Sound_Play_nc_L0+1
;__Lib_Sound.c,39 :: 		
0x0276	0x3000      	MOVLW      0
0x0277	0x0271      	SUBWF      R0+1, 0
0x0278	0x1D03      	BTFSS      STATUS, 2
0x0279	0x2A7C      	GOTO       L__Sound_Play17
0x027A	0x3003      	MOVLW      3
0x027B	0x0270      	SUBWF      R0, 0
L__Sound_Play17:
0x027C	0x1803      	BTFSC      STATUS, 0
0x027D	0x2A7F      	GOTO       L_Sound_Play0
0x027E	0x2ACC      	GOTO       L_end_Sound_Play
L_Sound_Play0:
;__Lib_Sound.c,40 :: 		
0x027F	0x083D      	MOVF       __Lib_Sound_soundPortAddr, 0
0x0280	0x0084      	MOVWF      FSR
;__Lib_Sound.c,41 :: 		
L_Sound_Play1:
0x0281	0x084E      	MOVF       Sound_Play_per_nc_L0+3, 0
0x0282	0x3C00      	SUBLW      0
0x0283	0x1D03      	BTFSS      STATUS, 2
0x0284	0x2A8F      	GOTO       L__Sound_Play18
0x0285	0x084D      	MOVF       Sound_Play_per_nc_L0+2, 0
0x0286	0x3C00      	SUBLW      0
0x0287	0x1D03      	BTFSS      STATUS, 2
0x0288	0x2A8F      	GOTO       L__Sound_Play18
0x0289	0x084C      	MOVF       Sound_Play_per_nc_L0+1, 0
0x028A	0x3C00      	SUBLW      0
0x028B	0x1D03      	BTFSS      STATUS, 2
0x028C	0x2A8F      	GOTO       L__Sound_Play18
0x028D	0x084B      	MOVF       Sound_Play_per_nc_L0, 0
0x028E	0x3C00      	SUBLW      0
L__Sound_Play18:
0x028F	0x1803      	BTFSC      STATUS, 0
0x0290	0x2ACA      	GOTO       L_Sound_Play2
;__Lib_Sound.c,42 :: 		
0x0291	0x083F      	MOVF       __Lib_Sound_pinMask1, 0
0x0292	0x0480      	IORWF      INDF, 1
;__Lib_Sound.c,44 :: 		
0x0293	0x0848      	MOVF       Sound_Play_nc_L0+1, 0
0x0294	0x1903      	BTFSC      STATUS, 2
0x0295	0x2AA6      	GOTO       L_Sound_Play3
;__Lib_Sound.c,45 :: 		
0x0296	0x01C9      	CLRF       Sound_Play_i_L0
0x0297	0x01CA      	CLRF       Sound_Play_i_L0+1
L_Sound_Play4:
0x0298	0x3000      	MOVLW      0
0x0299	0x024A      	SUBWF      Sound_Play_i_L0+1, 0
0x029A	0x1D03      	BTFSS      STATUS, 2
0x029B	0x2A9E      	GOTO       L__Sound_Play19
0x029C	0x0848      	MOVF       Sound_Play_nc_L0+1, 0
0x029D	0x0249      	SUBWF      Sound_Play_i_L0, 0
L__Sound_Play19:
0x029E	0x1803      	BTFSC      STATUS, 0
0x029F	0x2AA6      	GOTO       L_Sound_Play5
;__Lib_Sound.c,46 :: 		
0x02A0	0x01CF      	CLRF       FARG_Delay_Cyc_cycles_div_by_10
0x02A1	0x2003      	CALL       _Delay_Cyc
;__Lib_Sound.c,45 :: 		
0x02A2	0x0AC9      	INCF       Sound_Play_i_L0, 1
0x02A3	0x1903      	BTFSC      STATUS, 2
0x02A4	0x0ACA      	INCF       Sound_Play_i_L0+1, 1
;__Lib_Sound.c,47 :: 		
0x02A5	0x2A98      	GOTO       L_Sound_Play4
L_Sound_Play5:
;__Lib_Sound.c,48 :: 		
L_Sound_Play3:
;__Lib_Sound.c,49 :: 		
0x02A6	0x0847      	MOVF       Sound_Play_nc_L0, 0
0x02A7	0x00CF      	MOVWF      FARG_Delay_Cyc_cycles_div_by_10
0x02A8	0x2003      	CALL       _Delay_Cyc
;__Lib_Sound.c,51 :: 		
0x02A9	0x083E      	MOVF       __Lib_Sound_pinMask0, 0
0x02AA	0x0580      	ANDWF      INDF, 1
;__Lib_Sound.c,53 :: 		
0x02AB	0x0848      	MOVF       Sound_Play_nc_L0+1, 0
0x02AC	0x1903      	BTFSC      STATUS, 2
0x02AD	0x2ABE      	GOTO       L_Sound_Play7
;__Lib_Sound.c,54 :: 		
0x02AE	0x01C9      	CLRF       Sound_Play_i_L0
0x02AF	0x01CA      	CLRF       Sound_Play_i_L0+1
L_Sound_Play8:
0x02B0	0x3000      	MOVLW      0
0x02B1	0x024A      	SUBWF      Sound_Play_i_L0+1, 0
0x02B2	0x1D03      	BTFSS      STATUS, 2
0x02B3	0x2AB6      	GOTO       L__Sound_Play20
0x02B4	0x0848      	MOVF       Sound_Play_nc_L0+1, 0
0x02B5	0x0249      	SUBWF      Sound_Play_i_L0, 0
L__Sound_Play20:
0x02B6	0x1803      	BTFSC      STATUS, 0
0x02B7	0x2ABE      	GOTO       L_Sound_Play9
;__Lib_Sound.c,55 :: 		
0x02B8	0x01CF      	CLRF       FARG_Delay_Cyc_cycles_div_by_10
0x02B9	0x2003      	CALL       _Delay_Cyc
;__Lib_Sound.c,54 :: 		
0x02BA	0x0AC9      	INCF       Sound_Play_i_L0, 1
0x02BB	0x1903      	BTFSC      STATUS, 2
0x02BC	0x0ACA      	INCF       Sound_Play_i_L0+1, 1
;__Lib_Sound.c,56 :: 		
0x02BD	0x2AB0      	GOTO       L_Sound_Play8
L_Sound_Play9:
;__Lib_Sound.c,57 :: 		
L_Sound_Play7:
;__Lib_Sound.c,58 :: 		
0x02BE	0x0847      	MOVF       Sound_Play_nc_L0, 0
0x02BF	0x00CF      	MOVWF      FARG_Delay_Cyc_cycles_div_by_10
0x02C0	0x2003      	CALL       _Delay_Cyc
;__Lib_Sound.c,60 :: 		
0x02C1	0x3001      	MOVLW      1
0x02C2	0x02CB      	SUBWF      Sound_Play_per_nc_L0, 1
0x02C3	0x1C03      	BTFSS      STATUS, 0
0x02C4	0x02CC      	SUBWF      Sound_Play_per_nc_L0+1, 1
0x02C5	0x1C03      	BTFSS      STATUS, 0
0x02C6	0x02CD      	SUBWF      Sound_Play_per_nc_L0+2, 1
0x02C7	0x1C03      	BTFSS      STATUS, 0
0x02C8	0x02CE      	SUBWF      Sound_Play_per_nc_L0+3, 1
;__Lib_Sound.c,62 :: 		
0x02C9	0x2A81      	GOTO       L_Sound_Play1
L_Sound_Play2:
;__Lib_Sound.c,63 :: 		
0x02CA	0x083E      	MOVF       __Lib_Sound_pinMask0, 0
0x02CB	0x0580      	ANDWF      INDF, 1
;__Lib_Sound.c,64 :: 		
L_end_Sound_Play:
0x02CC	0x0008      	RETURN
; end of _Sound_Play
_Mul_16X16_U:
;__Lib_Math.c,136 :: 		
;__Lib_Math.c,143 :: 		
0x02CD	0x1283      	BCF        STATUS, 5
;__Lib_Math.c,144 :: 		
0x02CE	0x1303      	BCF        STATUS, 6
;__Lib_Math.c,145 :: 		
0x02CF	0x01FB      	CLRF       R11
;__Lib_Math.c,146 :: 		
0x02D0	0x01FA      	CLRF       R10
;__Lib_Math.c,147 :: 		
0x02D1	0x01F9      	CLRF       R9
;__Lib_Math.c,148 :: 		
0x02D2	0x3080      	MOVLW      128
;__Lib_Math.c,149 :: 		
0x02D3	0x00F8      	MOVWF      R8
;__Lib_Math.c,150 :: 		
0x02D4	0x0CF1      	RRF        R1, 1
;__Lib_Math.c,151 :: 		
0x02D5	0x0CF0      	RRF        R0, 1
;__Lib_Math.c,152 :: 		
0x02D6	0x1C03      	BTFSS      STATUS, 0
;__Lib_Math.c,153 :: 		
0x02D7	0x2AE1      	GOTO       $+10
;__Lib_Math.c,154 :: 		
0x02D8	0x0874      	MOVF       R4, 0
;__Lib_Math.c,155 :: 		
0x02D9	0x07F9      	ADDWF      R9, 1
;__Lib_Math.c,156 :: 		
0x02DA	0x0875      	MOVF       R5, 0
;__Lib_Math.c,157 :: 		
0x02DB	0x1803      	BTFSC      STATUS, 0
;__Lib_Math.c,158 :: 		
0x02DC	0x0F75      	INCFSZ     R5, 0
;__Lib_Math.c,159 :: 		
0x02DD	0x07FA      	ADDWF      R10, 1
;__Lib_Math.c,160 :: 		
0x02DE	0x1803      	BTFSC      STATUS, 0
;__Lib_Math.c,161 :: 		
0x02DF	0x0AFB      	INCF       R11, 1
;__Lib_Math.c,162 :: 		
0x02E0	0x1003      	BCF        STATUS, 0
;__Lib_Math.c,163 :: 		
0x02E1	0x1FF0      	BTFSS      R0, 7
;__Lib_Math.c,164 :: 		
0x02E2	0x2AE9      	GOTO       $+7
;__Lib_Math.c,165 :: 		
0x02E3	0x0874      	MOVF       R4, 0
;__Lib_Math.c,166 :: 		
0x02E4	0x07FA      	ADDWF      R10, 1
;__Lib_Math.c,167 :: 		
0x02E5	0x0875      	MOVF       R5, 0
;__Lib_Math.c,168 :: 		
0x02E6	0x1803      	BTFSC      STATUS, 0
;__Lib_Math.c,169 :: 		
0x02E7	0x0F75      	INCFSZ     R5, 0
;__Lib_Math.c,170 :: 		
0x02E8	0x07FB      	ADDWF      R11, 1
;__Lib_Math.c,171 :: 		
0x02E9	0x0CFB      	RRF        R11, 1
;__Lib_Math.c,172 :: 		
0x02EA	0x0CFA      	RRF        R10, 1
;__Lib_Math.c,173 :: 		
0x02EB	0x0CF9      	RRF        R9, 1
;__Lib_Math.c,174 :: 		
0x02EC	0x0CF8      	RRF        R8, 1
;__Lib_Math.c,175 :: 		
0x02ED	0x1C03      	BTFSS      STATUS, 0
;__Lib_Math.c,176 :: 		
0x02EE	0x2AD4      	GOTO       $-26
;__Lib_Math.c,177 :: 		
0x02EF	0x087B      	MOVF       R11, 0
;__Lib_Math.c,178 :: 		
0x02F0	0x00F3      	MOVWF      R3
;__Lib_Math.c,179 :: 		
0x02F1	0x087A      	MOVF       R10, 0
;__Lib_Math.c,180 :: 		
0x02F2	0x00F2      	MOVWF      R2
;__Lib_Math.c,181 :: 		
0x02F3	0x0879      	MOVF       R9, 0
;__Lib_Math.c,182 :: 		
0x02F4	0x00F1      	MOVWF      R1
;__Lib_Math.c,183 :: 		
0x02F5	0x0878      	MOVF       R8, 0
;__Lib_Math.c,184 :: 		
0x02F6	0x00F0      	MOVWF      R0
;__Lib_Math.c,187 :: 		
L_end_Mul_16X16_U:
0x02F7	0x0008      	RETURN
; end of _Mul_16X16_U
_____DoICP:
;__Lib_System.c,6 :: 		
;__Lib_System.c,9 :: 		
0x02F8	0x1283      	BCF        STATUS, 5
0x02F9	0x1303      	BCF        STATUS, 6
0x02FA	0x083C      	MOVF       ___DoICPAddr+1, 0
0x02FB	0x008A      	MOVWF      PCLATH
;__Lib_System.c,10 :: 		
0x02FC	0x083B      	MOVF       ___DoICPAddr, 0
0x02FD	0x0082      	MOVWF      PCL
;__Lib_System.c,12 :: 		
L_end_____DoICP:
0x02FE	0x0008      	RETURN
; end of _____DoICP
_boton_presionado:
;lab6.c,110 :: 		void boton_presionado(){
;lab6.c,112 :: 		if((PORTB & 0x10)){
0x02FF	0x1283      	BCF        STATUS, 5
0x0300	0x1303      	BCF        STATUS, 6
0x0301	0x1E06      	BTFSS      PORTB, 4
0x0302	0x2B2B      	GOTO       L_boton_presionado23
;lab6.c,114 :: 		if(set){
0x0303	0x0823      	MOVF       _set, 0
0x0304	0x1903      	BTFSC      STATUS, 2
0x0305	0x2B0A      	GOTO       L_boton_presionado24
;lab6.c,115 :: 		set = 0;
0x0306	0x01A3      	CLRF       _set
;lab6.c,116 :: 		unidades = 0;
0x0307	0x01A5      	CLRF       _unidades
;lab6.c,117 :: 		decenas = 0;
0x0308	0x01A2      	CLRF       _decenas
;lab6.c,118 :: 		parar = 0;
0x0309	0x01B7      	CLRF       _parar
;lab6.c,119 :: 		}
L_boton_presionado24:
;lab6.c,121 :: 		if(!(PORTB & 0x02)){
0x030A	0x1886      	BTFSC      PORTB, 1
0x030B	0x2B10      	GOTO       L_boton_presionado25
;lab6.c,122 :: 		parar = 1;
0x030C	0x3001      	MOVLW      1
0x030D	0x00B7      	MOVWF      _parar
;lab6.c,123 :: 		presion = 0;
0x030E	0x01B6      	CLRF       _presion
;lab6.c,124 :: 		}else{
0x030F	0x2B2A      	GOTO       L_boton_presionado26
L_boton_presionado25:
;lab6.c,125 :: 		if(!(PORTB & 0x80)){
0x0310	0x1B86      	BTFSC      PORTB, 7
0x0311	0x2B28      	GOTO       L_boton_presionado27
;lab6.c,126 :: 		Sound_Play(notas[7]*2, 70);
0x0312	0x3070      	MOVLW      112
0x0313	0x00C3      	MOVWF      FARG_Sound_Play_freq_in_hz
0x0314	0x3003      	MOVLW      3
0x0315	0x00C4      	MOVWF      FARG_Sound_Play_freq_in_hz+1
0x0316	0x3046      	MOVLW      70
0x0317	0x00C5      	MOVWF      FARG_Sound_Play_duration_ms
0x0318	0x3000      	MOVLW      0
0x0319	0x00C6      	MOVWF      FARG_Sound_Play_duration_ms+1
0x031A	0x21FC      	CALL       _Sound_Play
;lab6.c,127 :: 		if(!(PORTB & 0x80)){
0x031B	0x1B86      	BTFSC      PORTB, 7
0x031C	0x2B28      	GOTO       L_boton_presionado28
;lab6.c,128 :: 		Sound_Play(notas[9]*2, 80);
0x031D	0x3016      	MOVLW      22
0x031E	0x00C3      	MOVWF      FARG_Sound_Play_freq_in_hz
0x031F	0x3004      	MOVLW      4
0x0320	0x00C4      	MOVWF      FARG_Sound_Play_freq_in_hz+1
0x0321	0x3050      	MOVLW      80
0x0322	0x00C5      	MOVWF      FARG_Sound_Play_duration_ms
0x0323	0x3000      	MOVLW      0
0x0324	0x00C6      	MOVWF      FARG_Sound_Play_duration_ms+1
0x0325	0x21FC      	CALL       _Sound_Play
;lab6.c,129 :: 		presion ^= 1;
0x0326	0x3001      	MOVLW      1
0x0327	0x06B6      	XORWF      _presion, 1
;lab6.c,130 :: 		}
L_boton_presionado28:
;lab6.c,131 :: 		}
L_boton_presionado27:
;lab6.c,132 :: 		parar = presion;
0x0328	0x0836      	MOVF       _presion, 0
0x0329	0x00B7      	MOVWF      _parar
;lab6.c,133 :: 		}
L_boton_presionado26:
;lab6.c,134 :: 		}else{
0x032A	0x2BA6      	GOTO       L_boton_presionado29
L_boton_presionado23:
;lab6.c,136 :: 		if(!set){
0x032B	0x0823      	MOVF       _set, 0
0x032C	0x1D03      	BTFSS      STATUS, 2
0x032D	0x2B32      	GOTO       L_boton_presionado30
;lab6.c,137 :: 		set = 1;
0x032E	0x3001      	MOVLW      1
0x032F	0x00A3      	MOVWF      _set
;lab6.c,138 :: 		parar = 1;
0x0330	0x3001      	MOVLW      1
0x0331	0x00B7      	MOVWF      _parar
;lab6.c,139 :: 		}
L_boton_presionado30:
;lab6.c,140 :: 		if(!(PORTB & 0x08)){
0x0332	0x1986      	BTFSC      PORTB, 3
0x0333	0x2B67      	GOTO       L_boton_presionado31
;lab6.c,142 :: 		if(!(PORTB & 0x80)){
0x0334	0x1B86      	BTFSC      PORTB, 7
0x0335	0x2B50      	GOTO       L_boton_presionado32
;lab6.c,143 :: 		Sound_Play(notas[7]*2, 70);
0x0336	0x3070      	MOVLW      112
0x0337	0x00C3      	MOVWF      FARG_Sound_Play_freq_in_hz
0x0338	0x3003      	MOVLW      3
0x0339	0x00C4      	MOVWF      FARG_Sound_Play_freq_in_hz+1
0x033A	0x3046      	MOVLW      70
0x033B	0x00C5      	MOVWF      FARG_Sound_Play_duration_ms
0x033C	0x3000      	MOVLW      0
0x033D	0x00C6      	MOVWF      FARG_Sound_Play_duration_ms+1
0x033E	0x21FC      	CALL       _Sound_Play
;lab6.c,144 :: 		if(!(PORTB & 0x80)){
0x033F	0x1B86      	BTFSC      PORTB, 7
0x0340	0x2B50      	GOTO       L_boton_presionado33
;lab6.c,145 :: 		Sound_Play(notas[9]*2, 80);
0x0341	0x3016      	MOVLW      22
0x0342	0x00C3      	MOVWF      FARG_Sound_Play_freq_in_hz
0x0343	0x3004      	MOVLW      4
0x0344	0x00C4      	MOVWF      FARG_Sound_Play_freq_in_hz+1
0x0345	0x3050      	MOVLW      80
0x0346	0x00C5      	MOVWF      FARG_Sound_Play_duration_ms
0x0347	0x3000      	MOVLW      0
0x0348	0x00C6      	MOVWF      FARG_Sound_Play_duration_ms+1
0x0349	0x21FC      	CALL       _Sound_Play
;lab6.c,146 :: 		if(++alarma > 159){
0x034A	0x0ABA      	INCF       _alarma, 1
0x034B	0x083A      	MOVF       _alarma, 0
0x034C	0x3C9F      	SUBLW      159
0x034D	0x1803      	BTFSC      STATUS, 0
0x034E	0x2B50      	GOTO       L_boton_presionado34
;lab6.c,147 :: 		alarma = 0;
0x034F	0x01BA      	CLRF       _alarma
;lab6.c,148 :: 		}
L_boton_presionado34:
;lab6.c,149 :: 		}
L_boton_presionado33:
;lab6.c,150 :: 		}
L_boton_presionado32:
;lab6.c,151 :: 		uTotal = alarma % 10;
0x0350	0x300A      	MOVLW      10
0x0351	0x00F4      	MOVWF      R4
0x0352	0x083A      	MOVF       _alarma, 0
0x0353	0x00F0      	MOVWF      R0
0x0354	0x21EB      	CALL       _Div_8X8_U
0x0355	0x0878      	MOVF       R8, 0
0x0356	0x00F0      	MOVWF      R0
0x0357	0x0870      	MOVF       R0, 0
0x0358	0x00C2      	MOVWF      FLOC__boton_presionado
0x0359	0x0842      	MOVF       FLOC__boton_presionado, 0
0x035A	0x00A4      	MOVWF      _uTotal
;lab6.c,152 :: 		dTotal = alarma / 10;
0x035B	0x300A      	MOVLW      10
0x035C	0x00F4      	MOVWF      R4
0x035D	0x083A      	MOVF       _alarma, 0
0x035E	0x00F0      	MOVWF      R0
0x035F	0x21EB      	CALL       _Div_8X8_U
0x0360	0x0870      	MOVF       R0, 0
0x0361	0x00A1      	MOVWF      _dTotal
;lab6.c,153 :: 		unidades = uTotal;
0x0362	0x0842      	MOVF       FLOC__boton_presionado, 0
0x0363	0x00A5      	MOVWF      _unidades
;lab6.c,154 :: 		decenas = dTotal;
0x0364	0x0870      	MOVF       R0, 0
0x0365	0x00A2      	MOVWF      _decenas
;lab6.c,155 :: 		}else{
0x0366	0x2BA6      	GOTO       L_boton_presionado35
L_boton_presionado31:
;lab6.c,157 :: 		if(!(PORTB & 0x80)){
0x0367	0x1B86      	BTFSC      PORTB, 7
0x0368	0x2B8C      	GOTO       L_boton_presionado36
;lab6.c,158 :: 		Sound_Play(notas[7]*2, 70);
0x0369	0x3070      	MOVLW      112
0x036A	0x00C3      	MOVWF      FARG_Sound_Play_freq_in_hz
0x036B	0x3003      	MOVLW      3
0x036C	0x00C4      	MOVWF      FARG_Sound_Play_freq_in_hz+1
0x036D	0x3046      	MOVLW      70
0x036E	0x00C5      	MOVWF      FARG_Sound_Play_duration_ms
0x036F	0x3000      	MOVLW      0
0x0370	0x00C6      	MOVWF      FARG_Sound_Play_duration_ms+1
0x0371	0x21FC      	CALL       _Sound_Play
;lab6.c,159 :: 		if(!(PORTB & 0x80)){
0x0372	0x1B86      	BTFSC      PORTB, 7
0x0373	0x2B8C      	GOTO       L_boton_presionado37
;lab6.c,160 :: 		Sound_Play(notas[9]*2, 80);
0x0374	0x3016      	MOVLW      22
0x0375	0x00C3      	MOVWF      FARG_Sound_Play_freq_in_hz
0x0376	0x3004      	MOVLW      4
0x0377	0x00C4      	MOVWF      FARG_Sound_Play_freq_in_hz+1
0x0378	0x3050      	MOVLW      80
0x0379	0x00C5      	MOVWF      FARG_Sound_Play_duration_ms
0x037A	0x3000      	MOVLW      0
0x037B	0x00C6      	MOVWF      FARG_Sound_Play_duration_ms+1
0x037C	0x21FC      	CALL       _Sound_Play
;lab6.c,161 :: 		if(++pulso > 159){
0x037D	0x0AB8      	INCF       _pulso, 1
0x037E	0x1903      	BTFSC      STATUS, 2
0x037F	0x0AB9      	INCF       _pulso+1, 1
0x0380	0x0839      	MOVF       _pulso+1, 0
0x0381	0x3C00      	SUBLW      0
0x0382	0x1D03      	BTFSS      STATUS, 2
0x0383	0x2B86      	GOTO       L__boton_presionado47
0x0384	0x0838      	MOVF       _pulso, 0
0x0385	0x3C9F      	SUBLW      159
L__boton_presionado47:
0x0386	0x1803      	BTFSC      STATUS, 0
0x0387	0x2B8C      	GOTO       L_boton_presionado38
;lab6.c,162 :: 		pulso = 1;
0x0388	0x3001      	MOVLW      1
0x0389	0x00B8      	MOVWF      _pulso
0x038A	0x3000      	MOVLW      0
0x038B	0x00B9      	MOVWF      _pulso+1
;lab6.c,163 :: 		}
L_boton_presionado38:
;lab6.c,164 :: 		}
L_boton_presionado37:
;lab6.c,165 :: 		}
L_boton_presionado36:
;lab6.c,166 :: 		unidades = pulso % 10;
0x038C	0x300A      	MOVLW      10
0x038D	0x00F4      	MOVWF      R4
0x038E	0x3000      	MOVLW      0
0x038F	0x00F5      	MOVWF      R4+1
0x0390	0x0838      	MOVF       _pulso, 0
0x0391	0x00F0      	MOVWF      R0
0x0392	0x0839      	MOVF       _pulso+1, 0
0x0393	0x00F1      	MOVWF      R0+1
0x0394	0x2016      	CALL       _Div_16X16_U
0x0395	0x0878      	MOVF       R8, 0
0x0396	0x00F0      	MOVWF      R0
0x0397	0x0879      	MOVF       R8+1, 0
0x0398	0x00F1      	MOVWF      R0+1
0x0399	0x0870      	MOVF       R0, 0
0x039A	0x00A5      	MOVWF      _unidades
;lab6.c,167 :: 		decenas = pulso / 10;
0x039B	0x300A      	MOVLW      10
0x039C	0x00F4      	MOVWF      R4
0x039D	0x3000      	MOVLW      0
0x039E	0x00F5      	MOVWF      R4+1
0x039F	0x0838      	MOVF       _pulso, 0
0x03A0	0x00F0      	MOVWF      R0
0x03A1	0x0839      	MOVF       _pulso+1, 0
0x03A2	0x00F1      	MOVWF      R0+1
0x03A3	0x2016      	CALL       _Div_16X16_U
0x03A4	0x0870      	MOVF       R0, 0
0x03A5	0x00A2      	MOVWF      _decenas
;lab6.c,168 :: 		}
L_boton_presionado35:
;lab6.c,169 :: 		}
L_boton_presionado29:
;lab6.c,170 :: 		}
L_end_boton_presionado:
0x03A6	0x0008      	RETURN
; end of _boton_presionado
_conteo_down:
;lab6.c,77 :: 		void conteo_down(){
;lab6.c,78 :: 		if(unidades-- == 0){
0x03A7	0x1283      	BCF        STATUS, 5
0x03A8	0x1303      	BCF        STATUS, 6
0x03A9	0x0825      	MOVF       _unidades, 0
0x03AA	0x00F1      	MOVWF      R1
0x03AB	0x03A5      	DECF       _unidades, 1
0x03AC	0x0871      	MOVF       R1, 0
0x03AD	0x3A00      	XORLW      0
0x03AE	0x1D03      	BTFSS      STATUS, 2
0x03AF	0x2BBB      	GOTO       L_conteo_down14
;lab6.c,79 :: 		unidades = 9;
0x03B0	0x3009      	MOVLW      9
0x03B1	0x00A5      	MOVWF      _unidades
;lab6.c,80 :: 		if(decenas-- == 0){
0x03B2	0x0822      	MOVF       _decenas, 0
0x03B3	0x00F1      	MOVWF      R1
0x03B4	0x03A2      	DECF       _decenas, 1
0x03B5	0x0871      	MOVF       R1, 0
0x03B6	0x3A00      	XORLW      0
0x03B7	0x1D03      	BTFSS      STATUS, 2
0x03B8	0x2BBB      	GOTO       L_conteo_down15
;lab6.c,81 :: 		decenas = dTotal;
0x03B9	0x0821      	MOVF       _dTotal, 0
0x03BA	0x00A2      	MOVWF      _decenas
;lab6.c,82 :: 		}
L_conteo_down15:
;lab6.c,83 :: 		}
L_conteo_down14:
;lab6.c,84 :: 		}
L_end_conteo_down:
0x03BB	0x0008      	RETURN
; end of _conteo_down
_conteo_up:
;lab6.c,64 :: 		void conteo_up(){
;lab6.c,65 :: 		if(++unidades > 9){
0x03BC	0x1283      	BCF        STATUS, 5
0x03BD	0x1303      	BCF        STATUS, 6
0x03BE	0x0AA5      	INCF       _unidades, 1
0x03BF	0x0825      	MOVF       _unidades, 0
0x03C0	0x3C09      	SUBLW      9
0x03C1	0x1803      	BTFSC      STATUS, 0
0x03C2	0x2BCA      	GOTO       L_conteo_up9
;lab6.c,66 :: 		unidades = 0;
0x03C3	0x01A5      	CLRF       _unidades
;lab6.c,67 :: 		if(++decenas > dTotal){
0x03C4	0x0AA2      	INCF       _decenas, 1
0x03C5	0x0822      	MOVF       _decenas, 0
0x03C6	0x0221      	SUBWF      _dTotal, 0
0x03C7	0x1803      	BTFSC      STATUS, 0
0x03C8	0x2BCA      	GOTO       L_conteo_up10
;lab6.c,68 :: 		decenas = 0;
0x03C9	0x01A2      	CLRF       _decenas
;lab6.c,69 :: 		}
L_conteo_up10:
;lab6.c,70 :: 		}
L_conteo_up9:
;lab6.c,71 :: 		if( decenas >= dTotal && unidades > uTotal){
0x03CA	0x0821      	MOVF       _dTotal, 0
0x03CB	0x0222      	SUBWF      _decenas, 0
0x03CC	0x1C03      	BTFSS      STATUS, 0
0x03CD	0x2BD4      	GOTO       L_conteo_up13
0x03CE	0x0825      	MOVF       _unidades, 0
0x03CF	0x0224      	SUBWF      _uTotal, 0
0x03D0	0x1803      	BTFSC      STATUS, 0
0x03D1	0x2BD4      	GOTO       L_conteo_up13
L__conteo_up40:
;lab6.c,72 :: 		unidades = 0;
0x03D2	0x01A5      	CLRF       _unidades
;lab6.c,73 :: 		decenas = 0;
0x03D3	0x01A2      	CLRF       _decenas
;lab6.c,74 :: 		}
L_conteo_up13:
;lab6.c,75 :: 		}
L_end_conteo_up:
0x03D4	0x0008      	RETURN
; end of _conteo_up
_multiplexado:
;lab6.c,88 :: 		void multiplexado(unsigned int veces){
;lab6.c,89 :: 		veces *=10;
0x03D5	0x1283      	BCF        STATUS, 5
0x03D6	0x1303      	BCF        STATUS, 6
0x03D7	0x0840      	MOVF       FARG_multiplexado_veces, 0
0x03D8	0x00F0      	MOVWF      R0
0x03D9	0x0841      	MOVF       FARG_multiplexado_veces+1, 0
0x03DA	0x00F1      	MOVWF      R0+1
0x03DB	0x300A      	MOVLW      10
0x03DC	0x00F4      	MOVWF      R4
0x03DD	0x3000      	MOVLW      0
0x03DE	0x00F5      	MOVWF      R4+1
0x03DF	0x22CD      	CALL       _Mul_16X16_U
0x03E0	0x0870      	MOVF       R0, 0
0x03E1	0x00C0      	MOVWF      FARG_multiplexado_veces
0x03E2	0x0871      	MOVF       R0+1, 0
0x03E3	0x00C1      	MOVWF      FARG_multiplexado_veces+1
;lab6.c,90 :: 		PORTD.RD0 = 0;
0x03E4	0x1008      	BCF        PORTD, 0
;lab6.c,91 :: 		PORTD.RD1 = 0;
0x03E5	0x1088      	BCF        PORTD, 1
;lab6.c,92 :: 		while(veces--){
L_multiplexado16:
0x03E6	0x0840      	MOVF       FARG_multiplexado_veces, 0
0x03E7	0x00F0      	MOVWF      R0
0x03E8	0x0841      	MOVF       FARG_multiplexado_veces+1, 0
0x03E9	0x00F1      	MOVWF      R0+1
0x03EA	0x3001      	MOVLW      1
0x03EB	0x02C0      	SUBWF      FARG_multiplexado_veces, 1
0x03EC	0x1C03      	BTFSS      STATUS, 0
0x03ED	0x03C1      	DECF       FARG_multiplexado_veces+1, 1
0x03EE	0x0870      	MOVF       R0, 0
0x03EF	0x0471      	IORWF      R0+1, 0
0x03F0	0x1903      	BTFSC      STATUS, 2
0x03F1	0x2C1C      	GOTO       L_multiplexado17
;lab6.c,93 :: 		PORTC = tabla[unidades];
0x03F2	0x0825      	MOVF       _unidades, 0
0x03F3	0x3E26      	ADDLW      _tabla
0x03F4	0x0084      	MOVWF      FSR
0x03F5	0x0800      	MOVF       INDF, 0
0x03F6	0x0087      	MOVWF      PORTC
;lab6.c,94 :: 		PORTD.RD1 = 1;
0x03F7	0x1488      	BSF        PORTD, 1
;lab6.c,95 :: 		delay_ms(5);
0x03F8	0x300D      	MOVLW      13
0x03F9	0x00FC      	MOVWF      R12
0x03FA	0x30FB      	MOVLW      251
0x03FB	0x00FD      	MOVWF      R13
L_multiplexado18:
0x03FC	0x0BFD      	DECFSZ     R13, 1
0x03FD	0x2BFC      	GOTO       L_multiplexado18
0x03FE	0x0BFC      	DECFSZ     R12, 1
0x03FF	0x2BFC      	GOTO       L_multiplexado18
0x0400	0x0000      	NOP
0x0401	0x0000      	NOP
;lab6.c,96 :: 		PORTD.RD1 = 0;
0x0402	0x1088      	BCF        PORTD, 1
;lab6.c,97 :: 		PORTC = tabla[decenas];
0x0403	0x0822      	MOVF       _decenas, 0
0x0404	0x3E26      	ADDLW      _tabla
0x0405	0x0084      	MOVWF      FSR
0x0406	0x0800      	MOVF       INDF, 0
0x0407	0x0087      	MOVWF      PORTC
;lab6.c,99 :: 		if(!(PORTB & 0x10) && (PORTB & 0x08)){
0x0408	0x1A06      	BTFSC      PORTB, 4
0x0409	0x2C0D      	GOTO       L_multiplexado21
0x040A	0x1D86      	BTFSS      PORTB, 3
0x040B	0x2C0D      	GOTO       L_multiplexado21
L__multiplexado41:
;lab6.c,100 :: 		PORTC.RC7 = 1;
0x040C	0x1787      	BSF        PORTC, 7
;lab6.c,101 :: 		}
L_multiplexado21:
;lab6.c,102 :: 		PORTD.RD0 = 1;
0x040D	0x1408      	BSF        PORTD, 0
;lab6.c,103 :: 		delay_ms(5);
0x040E	0x300D      	MOVLW      13
0x040F	0x00FC      	MOVWF      R12
0x0410	0x30FB      	MOVLW      251
0x0411	0x00FD      	MOVWF      R13
L_multiplexado22:
0x0412	0x0BFD      	DECFSZ     R13, 1
0x0413	0x2C12      	GOTO       L_multiplexado22
0x0414	0x0BFC      	DECFSZ     R12, 1
0x0415	0x2C12      	GOTO       L_multiplexado22
0x0416	0x0000      	NOP
0x0417	0x0000      	NOP
;lab6.c,104 :: 		PORTD.RD0 = 0;
0x0418	0x1008      	BCF        PORTD, 0
;lab6.c,105 :: 		PORTC.RC7 = 0;
0x0419	0x1387      	BCF        PORTC, 7
;lab6.c,106 :: 		boton_presionado();
0x041A	0x22FF      	CALL       _boton_presionado
;lab6.c,107 :: 		}
0x041B	0x2BE6      	GOTO       L_multiplexado16
L_multiplexado17:
;lab6.c,108 :: 		}
L_end_multiplexado:
0x041C	0x0008      	RETURN
; end of _multiplexado
_Sound_Init:
;__Lib_Sound.c,11 :: 		
;__Lib_Sound.c,13 :: 		
0x041D	0x1283      	BCF        STATUS, 5
0x041E	0x1303      	BCF        STATUS, 6
0x041F	0x0840      	MOVF       FARG_Sound_Init_snd_port, 0
0x0420	0x00BD      	MOVWF      __Lib_Sound_soundPortAddr
;__Lib_Sound.c,15 :: 		
0x0421	0x0841      	MOVF       FARG_Sound_Init_snd_pin, 0
0x0422	0x00F1      	MOVWF      R1
0x0423	0x3001      	MOVLW      1
0x0424	0x00F0      	MOVWF      R0
0x0425	0x0871      	MOVF       R1, 0
L__Sound_Init12:
0x0426	0x1903      	BTFSC      STATUS, 2
0x0427	0x2C2C      	GOTO       L__Sound_Init13
0x0428	0x0DF0      	RLF        R0, 1
0x0429	0x1070      	BCF        R0, 0
0x042A	0x3EFF      	ADDLW      255
0x042B	0x2C26      	GOTO       L__Sound_Init12
L__Sound_Init13:
0x042C	0x0870      	MOVF       R0, 0
0x042D	0x00BF      	MOVWF      __Lib_Sound_pinMask1
;__Lib_Sound.c,16 :: 		
0x042E	0x09F0      	COMF       R0, 1
0x042F	0x0870      	MOVF       R0, 0
0x0430	0x00BE      	MOVWF      __Lib_Sound_pinMask0
;__Lib_Sound.c,20 :: 		
0x0431	0x3080      	MOVLW      128
0x0432	0x0740      	ADDWF      FARG_Sound_Init_snd_port, 0
0x0433	0x0084      	MOVWF      FSR
;__Lib_Sound.c,21 :: 		
0x0434	0x0870      	MOVF       R0, 0
0x0435	0x0580      	ANDWF      INDF, 1
;__Lib_Sound.c,22 :: 		
0x0436	0x1384      	BCF        FSR, 7
;__Lib_Sound.c,23 :: 		
0x0437	0x0870      	MOVF       R0, 0
0x0438	0x0580      	ANDWF      INDF, 1
;__Lib_Sound.c,24 :: 		
L_end_Sound_Init:
0x0439	0x0008      	RETURN
; end of _Sound_Init
___CC2DW:
;__Lib_System.c,134 :: 		
;__Lib_System.c,137 :: 		
_CC2D_Loop1:
;__Lib_System.c,139 :: 		
0x043A	0x22F8      	CALL       _____DoICP
0x043B	0x118A      	BCF        PCLATH, 3
0x043C	0x120A      	BCF        PCLATH, 4
;__Lib_System.c,141 :: 		
0x043D	0x0080      	MOVWF      INDF
;__Lib_System.c,142 :: 		
0x043E	0x0A84      	INCF       FSR, 1
;__Lib_System.c,143 :: 		
0x043F	0x0ABB      	INCF       ___DoICPAddr, 1
;__Lib_System.c,145 :: 		
0x0440	0x1903      	BTFSC      STATUS, 2
;__Lib_System.c,146 :: 		
0x0441	0x0ABC      	INCF       ___DoICPAddr+1, 1
;__Lib_System.c,147 :: 		
0x0442	0x03F0      	DECF       R0, 1
;__Lib_System.c,149 :: 		
0x0443	0x1D03      	BTFSS      STATUS, 2
;__Lib_System.c,150 :: 		
0x0444	0x2C3A      	GOTO       _CC2D_Loop1
;__Lib_System.c,152 :: 		
L_end___CC2DW:
0x0445	0x0008      	RETURN
; end of ___CC2DW
_main:
0x0446	0x3009      	MOVLW      9
0x0447	0x1283      	BCF        STATUS, 5
0x0448	0x1303      	BCF        STATUS, 6
0x0449	0x00A1      	MOVWF      _dTotal
0x044A	0x01A2      	CLRF       _decenas
0x044B	0x01A3      	CLRF       _set
0x044C	0x3009      	MOVLW      9
0x044D	0x00A4      	MOVWF      _uTotal
0x044E	0x01A5      	CLRF       _unidades
0x044F	0x3077      	MOVLW      119
0x0450	0x00A6      	MOVWF      _tabla
0x0451	0x3041      	MOVLW      65
0x0452	0x00A7      	MOVWF      39
0x0453	0x303B      	MOVLW      59
0x0454	0x00A8      	MOVWF      40
0x0455	0x306B      	MOVLW      107
0x0456	0x00A9      	MOVWF      41
0x0457	0x304D      	MOVLW      77
0x0458	0x00AA      	MOVWF      42
0x0459	0x306E      	MOVLW      110
0x045A	0x00AB      	MOVWF      43
0x045B	0x307E      	MOVLW      126
0x045C	0x00AC      	MOVWF      44
0x045D	0x3043      	MOVLW      67
0x045E	0x00AD      	MOVWF      45
0x045F	0x307F      	MOVLW      127
0x0460	0x00AE      	MOVWF      46
0x0461	0x306F      	MOVLW      111
0x0462	0x00AF      	MOVWF      47
0x0463	0x305F      	MOVLW      95
0x0464	0x00B0      	MOVWF      48
0x0465	0x307C      	MOVLW      124
0x0466	0x00B1      	MOVWF      49
0x0467	0x3036      	MOVLW      54
0x0468	0x00B2      	MOVWF      50
0x0469	0x3079      	MOVLW      121
0x046A	0x00B3      	MOVWF      51
0x046B	0x303E      	MOVLW      62
0x046C	0x00B4      	MOVWF      52
0x046D	0x301E      	MOVLW      30
0x046E	0x00B5      	MOVWF      53
0x046F	0x01B6      	CLRF       _presion
0x0470	0x01B7      	CLRF       _parar
0x0471	0x3002      	MOVLW      2
0x0472	0x00B8      	MOVWF      _pulso
0x0473	0x01B9      	CLRF       57
0x0474	0x3063      	MOVLW      99
0x0475	0x00BA      	MOVWF      _alarma
;lab6.c,21 :: 		void main() {
;lab6.c,23 :: 		TRISC = 0x00;
0x0476	0x1683      	BSF        STATUS, 5
0x0477	0x0187      	CLRF       TRISC
;lab6.c,24 :: 		TRISD = ~0x03;
0x0478	0x30FC      	MOVLW      252
0x0479	0x0088      	MOVWF      TRISD
;lab6.c,26 :: 		OPTION_REG = OPTION_REG & 0x7F;
0x047A	0x307F      	MOVLW      127
0x047B	0x0581      	ANDWF      OPTION_REG, 1
;lab6.c,28 :: 		ANSELH=0x00;
0x047C	0x1703      	BSF        STATUS, 6
0x047D	0x0189      	CLRF       ANSELH
;lab6.c,30 :: 		PORTB= 0x9E;
0x047E	0x309E      	MOVLW      158
0x047F	0x1283      	BCF        STATUS, 5
0x0480	0x1303      	BCF        STATUS, 6
0x0481	0x0086      	MOVWF      PORTB
;lab6.c,31 :: 		Sound_Init(&PORTD,7);
0x0482	0x3008      	MOVLW      PORTD
0x0483	0x00C0      	MOVWF      FARG_Sound_Init_snd_port
0x0484	0x3007      	MOVLW      7
0x0485	0x00C1      	MOVWF      FARG_Sound_Init_snd_pin
0x0486	0x241D      	CALL       _Sound_Init
;lab6.c,32 :: 		while(1){
L_main0:
;lab6.c,34 :: 		if((PORTB & 0x10)){
0x0487	0x1E06      	BTFSS      PORTB, 4
0x0488	0x2CD4      	GOTO       L_main2
;lab6.c,36 :: 		if(!parar){
0x0489	0x0837      	MOVF       _parar, 0
0x048A	0x1D03      	BTFSS      STATUS, 2
0x048B	0x2C91      	GOTO       L_main3
;lab6.c,38 :: 		if(PORTB & 0x04){
0x048C	0x1D06      	BTFSS      PORTB, 2
0x048D	0x2C90      	GOTO       L_main4
;lab6.c,39 :: 		conteo_up();
0x048E	0x23BC      	CALL       _conteo_up
;lab6.c,41 :: 		}else{
0x048F	0x2C91      	GOTO       L_main5
L_main4:
;lab6.c,42 :: 		conteo_down();
0x0490	0x23A7      	CALL       _conteo_down
;lab6.c,43 :: 		}
L_main5:
;lab6.c,44 :: 		}
L_main3:
;lab6.c,46 :: 		if(unidades == uTotal && decenas == dTotal && !(PORTB & 0x08)){
0x0491	0x0825      	MOVF       _unidades, 0
0x0492	0x0624      	XORWF      _uTotal, 0
0x0493	0x1D03      	BTFSS      STATUS, 2
0x0494	0x2CD4      	GOTO       L_main8
0x0495	0x0822      	MOVF       _decenas, 0
0x0496	0x0621      	XORWF      _dTotal, 0
0x0497	0x1D03      	BTFSS      STATUS, 2
0x0498	0x2CD4      	GOTO       L_main8
0x0499	0x1986      	BTFSC      PORTB, 3
0x049A	0x2CD4      	GOTO       L_main8
L__main39:
;lab6.c,47 :: 		PORTD.RD1 = 1;
0x049B	0x1488      	BSF        PORTD, 1
;lab6.c,48 :: 		PORTC = tabla[10];
0x049C	0x0830      	MOVF       _tabla+10, 0
0x049D	0x0087      	MOVWF      PORTC
;lab6.c,49 :: 		Sound_Play(notas[2]*2, 100);
0x049E	0x300B      	MOVLW      11
0x049F	0x00C3      	MOVWF      FARG_Sound_Play_freq_in_hz
0x04A0	0x3002      	MOVLW      2
0x04A1	0x00C4      	MOVWF      FARG_Sound_Play_freq_in_hz+1
0x04A2	0x3064      	MOVLW      100
0x04A3	0x00C5      	MOVWF      FARG_Sound_Play_duration_ms
0x04A4	0x3000      	MOVLW      0
0x04A5	0x00C6      	MOVWF      FARG_Sound_Play_duration_ms+1
0x04A6	0x21FC      	CALL       _Sound_Play
;lab6.c,50 :: 		Sound_Play(notas[6]*2, 100);
0x04A7	0x3010      	MOVLW      16
0x04A8	0x00C3      	MOVWF      FARG_Sound_Play_freq_in_hz
0x04A9	0x3003      	MOVLW      3
0x04AA	0x00C4      	MOVWF      FARG_Sound_Play_freq_in_hz+1
0x04AB	0x3064      	MOVLW      100
0x04AC	0x00C5      	MOVWF      FARG_Sound_Play_duration_ms
0x04AD	0x3000      	MOVLW      0
0x04AE	0x00C6      	MOVWF      FARG_Sound_Play_duration_ms+1
0x04AF	0x21FC      	CALL       _Sound_Play
;lab6.c,51 :: 		Sound_Play(notas[4]*2, 150);
0x04B0	0x3093      	MOVLW      147
0x04B1	0x00C3      	MOVWF      FARG_Sound_Play_freq_in_hz
0x04B2	0x3002      	MOVLW      2
0x04B3	0x00C4      	MOVWF      FARG_Sound_Play_freq_in_hz+1
0x04B4	0x3096      	MOVLW      150
0x04B5	0x00C5      	MOVWF      FARG_Sound_Play_duration_ms
0x04B6	0x01C6      	CLRF       FARG_Sound_Play_duration_ms+1
0x04B7	0x21FC      	CALL       _Sound_Play
;lab6.c,52 :: 		Sound_Play(notas[2]*2, 100);
0x04B8	0x300B      	MOVLW      11
0x04B9	0x00C3      	MOVWF      FARG_Sound_Play_freq_in_hz
0x04BA	0x3002      	MOVLW      2
0x04BB	0x00C4      	MOVWF      FARG_Sound_Play_freq_in_hz+1
0x04BC	0x3064      	MOVLW      100
0x04BD	0x00C5      	MOVWF      FARG_Sound_Play_duration_ms
0x04BE	0x3000      	MOVLW      0
0x04BF	0x00C6      	MOVWF      FARG_Sound_Play_duration_ms+1
0x04C0	0x21FC      	CALL       _Sound_Play
;lab6.c,53 :: 		Sound_Play(notas[1]*2, 400);
0x04C1	0x30ED      	MOVLW      237
0x04C2	0x00C3      	MOVWF      FARG_Sound_Play_freq_in_hz
0x04C3	0x3001      	MOVLW      1
0x04C4	0x00C4      	MOVWF      FARG_Sound_Play_freq_in_hz+1
0x04C5	0x3090      	MOVLW      144
0x04C6	0x00C5      	MOVWF      FARG_Sound_Play_duration_ms
0x04C7	0x3001      	MOVLW      1
0x04C8	0x00C6      	MOVWF      FARG_Sound_Play_duration_ms+1
0x04C9	0x21FC      	CALL       _Sound_Play
;lab6.c,54 :: 		Sound_Play(notas[2]*2, 300);
0x04CA	0x300B      	MOVLW      11
0x04CB	0x00C3      	MOVWF      FARG_Sound_Play_freq_in_hz
0x04CC	0x3002      	MOVLW      2
0x04CD	0x00C4      	MOVWF      FARG_Sound_Play_freq_in_hz+1
0x04CE	0x302C      	MOVLW      44
0x04CF	0x00C5      	MOVWF      FARG_Sound_Play_duration_ms
0x04D0	0x3001      	MOVLW      1
0x04D1	0x00C6      	MOVWF      FARG_Sound_Play_duration_ms+1
0x04D2	0x21FC      	CALL       _Sound_Play
;lab6.c,55 :: 		PORTD.RD1 = 0;
0x04D3	0x1088      	BCF        PORTD, 1
;lab6.c,56 :: 		}
L_main8:
;lab6.c,57 :: 		}
L_main2:
;lab6.c,59 :: 		multiplexado(pulso);
0x04D4	0x0838      	MOVF       _pulso, 0
0x04D5	0x00C0      	MOVWF      FARG_multiplexado_veces
0x04D6	0x0839      	MOVF       _pulso+1, 0
0x04D7	0x00C1      	MOVWF      FARG_multiplexado_veces+1
0x04D8	0x23D5      	CALL       _multiplexado
;lab6.c,60 :: 		} //fin while
0x04D9	0x2C87      	GOTO       L_main0
;lab6.c,61 :: 		} //fin main
L_end_main:
0x04DA	0x2CDA      	GOTO       $+0
; end of _main
;lab6.c,13 :: _notas
0x04DB	0x3400 ;_notas+0
0x04DC	0x3400 ;_notas+1
0x04DD	0x345C ;_notas+2
0x04DE	0x3486 ;_notas+3
0x04DF	0x34A4 ;_notas+4
0x04E0	0x34F0 ;_notas+5
0x04E1	0x3476 ;_notas+6
0x04E2	0x3486 ;_notas+7
0x04E3	0x34CD ;_notas+8
0x04E4	0x34CC ;_notas+9
0x04E5	0x3402 ;_notas+10
0x04E6	0x3487 ;_notas+11
0x04E7	0x34C3 ;_notas+12
0x04E8	0x34D5 ;_notas+13
0x04E9	0x3412 ;_notas+14
0x04EA	0x3487 ;_notas+15
0x04EB	0x34A4 ;_notas+16
0x04EC	0x34D0 ;_notas+17
0x04ED	0x3424 ;_notas+18
0x04EE	0x3487 ;_notas+19
0x04EF	0x3471 ;_notas+20
0x04F0	0x349D ;_notas+21
0x04F1	0x342E ;_notas+22
0x04F2	0x3487 ;_notas+23
0x04F3	0x3400 ;_notas+24
0x04F4	0x3400 ;_notas+25
0x04F5	0x3444 ;_notas+26
0x04F6	0x3487 ;_notas+27
0x04F7	0x3400 ;_notas+28
0x04F8	0x3400 ;_notas+29
0x04F9	0x345C ;_notas+30
0x04FA	0x3487 ;_notas+31
0x04FB	0x34A4 ;_notas+32
0x04FC	0x34F0 ;_notas+33
0x04FD	0x3476 ;_notas+34
0x04FE	0x3487 ;_notas+35
0x04FF	0x3400 ;_notas+36
0x0500	0x34D0 ;_notas+37
0x0501	0x3402 ;_notas+38
0x0502	0x3488 ;_notas+39
0x0503	0x341F ;_notas+40
0x0504	0x34D5 ;_notas+41
0x0505	0x3412 ;_notas+42
0x0506	0x3488 ;_notas+43
; end of _notas
Symbol List:
//** Routines locations **
//ADDRESS    SIZE    PROCEDURE
//----------------------------------------------
0x0003      [19]    _Delay_Cyc
0x0016      [29]    _Div_16X16_U
0x0033       [9]    _Get_Fosc_kHz
0x003C     [376]    _Div_32x32_U
0x01B4      [55]    _Mul_32x32_U
0x01EB      [17]    _Div_8X8_U
0x01FC     [209]    _Sound_Play
0x02CD      [43]    _Mul_16X16_U
0x02F8       [7]    _____DoICP
0x02FF     [168]    _boton_presionado
0x03A7      [21]    _conteo_down
0x03BC      [25]    _conteo_up
0x03D5      [72]    _multiplexado
0x041D      [29]    _Sound_Init
0x043A      [12]    ___CC2DW
0x0446     [149]    _main
//** Variables locations ** 
//ADDRESS    SIZE    VARIABLE
//----------------------------------------------
0x0000       [1]    INDF
0x0002       [1]    PCL
0x0003       [1]    STATUS
0x0004       [1]    FSR
0x0006       [1]    PORTB
0x0007       [1]    PORTC
0x0008       [1]    PORTD
0x000A       [1]    PCLATH
0x0020       [1]    ___math_tempb
0x0021       [1]    _dTotal
0x0022       [1]    _decenas
0x0023       [1]    _set
0x0024       [1]    _uTotal
0x0025       [1]    _unidades
0x0026      [16]    _tabla
0x0036       [1]    _presion
0x0037       [1]    _parar
0x0038       [2]    _pulso
0x003A       [1]    _alarma
0x003B       [2]    ___DoICPAddr
0x003D       [1]    __Lib_Sound_soundPortAddr
0x003E       [1]    __Lib_Sound_pinMask0
0x003F       [1]    __Lib_Sound_pinMask1
0x0040       [2]    FARG_multiplexado_veces
0x0040       [1]    FARG_Sound_Init_snd_port
0x0041       [1]    FARG_Sound_Init_snd_pin
0x0042       [1]    FLOC__boton_presionado
0x0043       [2]    FARG_Sound_Play_freq_in_hz
0x0045       [2]    FARG_Sound_Play_duration_ms
0x0047       [2]    Sound_Play_nc_L0
0x0049       [2]    Sound_Play_i_L0
0x004B       [4]    Sound_Play_per_nc_L0
0x004F       [1]    FARG_Delay_Cyc_cycles_div_by_10
0x0070       [1]    R0
0x0071       [1]    R1
0x0072       [1]    R2
0x0073       [1]    R3
0x0074       [1]    R4
0x0075       [1]    R5
0x0076       [1]    R6
0x0077       [1]    R7
0x0078       [1]    R8
0x0079       [1]    R9
0x007A       [1]    R10
0x007B       [1]    R11
0x007C       [1]    R12
0x007D       [1]    R13
0x007E       [1]    R14
0x007F       [1]    R15
0x0081       [1]    OPTION_REG
0x0087       [1]    TRISC
0x0088       [1]    TRISD
0x0189       [1]    ANSELH
//** Constants locations ** 
//ADDRESS    SIZE    CONSTANT
//----------------------------------------------
0x04DB      [44]    _notas
