;  LST file generated by mikroListExporter - v.2.0 
; Date/Time: 31/10/2019 09:49:38 p. m.
;----------------------------------------------

;Address Opcode 	ASM
0x0000	0x2871      	GOTO       113
_interrupt:
0x0004	0x00FF      	MOVWF      R15
0x0005	0x0E03      	SWAPF      STATUS, 0
0x0006	0x0183      	CLRF       STATUS
0x0007	0x00AE      	MOVWF      ___saveSTATUS
0x0008	0x080A      	MOVF       PCLATH, 0
0x0009	0x00AF      	MOVWF      ___savePCLATH
0x000A	0x018A      	CLRF       PCLATH
;Lab8.c,17 :: 		void interrupt(){
;Lab8.c,18 :: 		if(INTCON & 0b00000100){
0x000B	0x1D0B      	BTFSS      INTCON, 2
0x000C	0x2857      	GOTO       L_interrupt0
;Lab8.c,20 :: 		++cuenta = cuenta > 15 ? 0 : cuenta;
0x000D	0x0820      	MOVF       _cuenta, 0
0x000E	0x00F0      	MOVWF      R0
0x000F	0x0821      	MOVF       _cuenta+1, 0
0x0010	0x00F1      	MOVWF      R0+1
0x0011	0x0822      	MOVF       _cuenta+2, 0
0x0012	0x00F2      	MOVWF      R0+2
0x0013	0x0823      	MOVF       _cuenta+3, 0
0x0014	0x00F3      	MOVWF      R0+3
0x0015	0x0AF0      	INCF       R0, 1
0x0016	0x1903      	BTFSC      STATUS, 2
0x0017	0x0AF1      	INCF       R0+1, 1
0x0018	0x1903      	BTFSC      STATUS, 2
0x0019	0x0AF2      	INCF       R0+2, 1
0x001A	0x1903      	BTFSC      STATUS, 2
0x001B	0x0AF3      	INCF       R0+3, 1
0x001C	0x0870      	MOVF       R0, 0
0x001D	0x00A0      	MOVWF      _cuenta
0x001E	0x0871      	MOVF       R0+1, 0
0x001F	0x00A1      	MOVWF      _cuenta+1
0x0020	0x0872      	MOVF       R0+2, 0
0x0021	0x00A2      	MOVWF      _cuenta+2
0x0022	0x0873      	MOVF       R0+3, 0
0x0023	0x00A3      	MOVWF      _cuenta+3
0x0024	0x0823      	MOVF       _cuenta+3, 0
0x0025	0x3C00      	SUBLW      0
0x0026	0x1D03      	BTFSS      STATUS, 2
0x0027	0x2832      	GOTO       L__interrupt8
0x0028	0x0822      	MOVF       _cuenta+2, 0
0x0029	0x3C00      	SUBLW      0
0x002A	0x1D03      	BTFSS      STATUS, 2
0x002B	0x2832      	GOTO       L__interrupt8
0x002C	0x0821      	MOVF       _cuenta+1, 0
0x002D	0x3C00      	SUBLW      0
0x002E	0x1D03      	BTFSS      STATUS, 2
0x002F	0x2832      	GOTO       L__interrupt8
0x0030	0x0820      	MOVF       _cuenta, 0
0x0031	0x3C0F      	SUBLW      15
L__interrupt8:
0x0032	0x1803      	BTFSC      STATUS, 0
0x0033	0x2839      	GOTO       L_interrupt1
0x0034	0x01F4      	CLRF       R4
0x0035	0x01F5      	CLRF       R4+1
0x0036	0x01F6      	CLRF       R4+2
0x0037	0x01F7      	CLRF       R4+3
0x0038	0x2841      	GOTO       L_interrupt2
L_interrupt1:
0x0039	0x0820      	MOVF       _cuenta, 0
0x003A	0x00F4      	MOVWF      R4
0x003B	0x0821      	MOVF       _cuenta+1, 0
0x003C	0x00F5      	MOVWF      R4+1
0x003D	0x0822      	MOVF       _cuenta+2, 0
0x003E	0x00F6      	MOVWF      R4+2
0x003F	0x0823      	MOVF       _cuenta+3, 0
0x0040	0x00F7      	MOVWF      R4+3
L_interrupt2:
0x0041	0x0874      	MOVF       R4, 0
0x0042	0x00A0      	MOVWF      _cuenta
0x0043	0x0875      	MOVF       R4+1, 0
0x0044	0x00A1      	MOVWF      _cuenta+1
0x0045	0x0876      	MOVF       R4+2, 0
0x0046	0x00A2      	MOVWF      _cuenta+2
0x0047	0x0877      	MOVF       R4+3, 0
0x0048	0x00A3      	MOVWF      _cuenta+3
;Lab8.c,21 :: 		PORTD ^= !cuenta ? 0x01 : 0x00;
0x0049	0x0874      	MOVF       R4, 0
0x004A	0x0475      	IORWF      R4+1, 0
0x004B	0x0476      	IORWF      R4+2, 0
0x004C	0x0477      	IORWF      R4+3, 0
0x004D	0x1D03      	BTFSS      STATUS, 2
0x004E	0x2852      	GOTO       L_interrupt3
0x004F	0x3001      	MOVLW      1
0x0050	0x00F8      	MOVWF      R8
0x0051	0x2853      	GOTO       L_interrupt4
L_interrupt3:
0x0052	0x01F8      	CLRF       R8
L_interrupt4:
0x0053	0x0878      	MOVF       R8, 0
0x0054	0x0688      	XORWF      PORTD, 1
;Lab8.c,22 :: 		INTCON &= 0b11111011; //limpiar bandera de interrupcion
0x0055	0x30FB      	MOVLW      251
0x0056	0x058B      	ANDWF      INTCON, 1
;Lab8.c,23 :: 		}
L_interrupt0:
;Lab8.c,24 :: 		}
L_end_interrupt:
L__interrupt7:
0x0057	0x082F      	MOVF       ___savePCLATH, 0
0x0058	0x008A      	MOVWF      PCLATH
0x0059	0x0E2E      	SWAPF      ___saveSTATUS, 0
0x005A	0x0083      	MOVWF      STATUS
0x005B	0x0EFF      	SWAPF      R15, 1
0x005C	0x0E7F      	SWAPF      R15, 0
0x005D	0x0009      	RETFIE
; end of _interrupt
_____DoICP:
;__Lib_System.c,6 :: 		
;__Lib_System.c,9 :: 		
0x005E	0x1283      	BCF        STATUS, 5
0x005F	0x1303      	BCF        STATUS, 6
0x0060	0x0825      	MOVF       ___DoICPAddr+1, 0
0x0061	0x008A      	MOVWF      PCLATH
;__Lib_System.c,10 :: 		
0x0062	0x0824      	MOVF       ___DoICPAddr, 0
0x0063	0x0082      	MOVWF      PCL
;__Lib_System.c,12 :: 		
L_end_____DoICP:
0x0064	0x0008      	RETURN
; end of _____DoICP
___CC2DW:
;__Lib_System.c,134 :: 		
;__Lib_System.c,137 :: 		
_CC2D_Loop1:
;__Lib_System.c,139 :: 		
0x0065	0x205E      	CALL       _____DoICP
0x0066	0x118A      	BCF        PCLATH, 3
0x0067	0x120A      	BCF        PCLATH, 4
;__Lib_System.c,141 :: 		
0x0068	0x0080      	MOVWF      INDF
;__Lib_System.c,142 :: 		
0x0069	0x0A84      	INCF       FSR, 1
;__Lib_System.c,143 :: 		
0x006A	0x0AA4      	INCF       ___DoICPAddr, 1
;__Lib_System.c,145 :: 		
0x006B	0x1903      	BTFSC      STATUS, 2
;__Lib_System.c,146 :: 		
0x006C	0x0AA5      	INCF       ___DoICPAddr+1, 1
;__Lib_System.c,147 :: 		
0x006D	0x03F0      	DECF       R0, 1
;__Lib_System.c,149 :: 		
0x006E	0x1D03      	BTFSS      STATUS, 2
;__Lib_System.c,150 :: 		
0x006F	0x2865      	GOTO       _CC2D_Loop1
;__Lib_System.c,152 :: 		
L_end___CC2DW:
0x0070	0x0008      	RETURN
; end of ___CC2DW
_main:
0x0071	0x1283      	BCF        STATUS, 5
0x0072	0x1303      	BCF        STATUS, 6
0x0073	0x01A0      	CLRF       _cuenta
0x0074	0x01A1      	CLRF       33
0x0075	0x01A2      	CLRF       34
0x0076	0x01A3      	CLRF       35
;Lab8.c,3 :: 		void main() {
;Lab8.c,7 :: 		OPTION_REG &= 0b00010111; //confirmo los que quiero que se queden en 0
0x0077	0x3017      	MOVLW      23
0x0078	0x1683      	BSF        STATUS, 5
0x0079	0x0581      	ANDWF      OPTION_REG, 1
;Lab8.c,8 :: 		OPTION_REG |= 0b00010111; //confirmo los que quiero en 1
0x007A	0x3017      	MOVLW      23
0x007B	0x0481      	IORWF      OPTION_REG, 1
;Lab8.c,11 :: 		INTCON |= 0b10100000; //interrupcion local
0x007C	0x30A0      	MOVLW      160
0x007D	0x048B      	IORWF      INTCON, 1
;Lab8.c,12 :: 		TMR0 = 0x00;
0x007E	0x1283      	BCF        STATUS, 5
0x007F	0x0181      	CLRF       TMR0
;Lab8.c,13 :: 		TRISD &= 0x01;
0x0080	0x3001      	MOVLW      1
0x0081	0x1683      	BSF        STATUS, 5
0x0082	0x0588      	ANDWF      TRISD, 1
;Lab8.c,14 :: 		PORTD &= 0x01;
0x0083	0x3001      	MOVLW      1
0x0084	0x1283      	BCF        STATUS, 5
0x0085	0x0588      	ANDWF      PORTD, 1
;Lab8.c,15 :: 		}
L_end_main:
0x0086	0x2886      	GOTO       $+0
; end of _main
Symbol List:
//** Routines locations **
//ADDRESS    SIZE    PROCEDURE
//----------------------------------------------
0x0004      [90]    _interrupt
0x005E       [7]    _____DoICP
0x0065      [12]    ___CC2DW
0x0071      [22]    _main
//** Variables locations ** 
//ADDRESS    SIZE    VARIABLE
//----------------------------------------------
0x0000       [1]    INDF
0x0001       [1]    TMR0
0x0002       [1]    PCL
0x0003       [1]    STATUS
0x0004       [1]    FSR
0x0008       [1]    PORTD
0x000A       [1]    PCLATH
0x000B       [1]    INTCON
0x0020       [4]    _cuenta
0x0024       [2]    ___DoICPAddr
0x002E       [1]    ___saveSTATUS
0x002F       [1]    ___savePCLATH
0x0070       [1]    R0
0x0071       [1]    R1
0x0072       [1]    R2
0x0073       [1]    R3
0x0074       [1]    R4
0x0075       [1]    R5
0x0076       [1]    R6
0x0077       [1]    R7
0x0078       [1]    R8
0x0079       [1]    R9
0x007A       [1]    R10
0x007B       [1]    R11
0x007C       [1]    R12
0x007D       [1]    R13
0x007E       [1]    R14
0x007F       [1]    R15
0x0081       [1]    OPTION_REG
0x0088       [1]    TRISD
